hardware.py found
loading hardware.py from metasimulation/simulation_3-chain/hardware.py into module hardware
global_constants.py found
loading global_constants.py from metasimulation/simulation_3-chain/global_constants.py into module global_constants
trace found (metasimulation/simulation_3-chain/lp_8-end_time_500000-fanout_2.trace)
Loading trace metasimulation/simulation_3-chain/lp_8-end_time_500000-fanout_2.trace...Done
Building annoyance_matrix and communication_matrix for 8 actors...Done
Loading hardware configuration...Done
Building computing units...Done
Building assignment...['cpu_0', 'cpu_1', 'fpga_0', 'gpu_0', 'cpu_0', 'cpu_1', 'fpga_0', 'gpu_0']
done
Populate device queue with new actors...done
Populate simulator queue...done
loading ground truth metasimulation/simulation_3-chain/lp_8-end_time_500000-fanout_2.trace.solutions...end
Found optimal solution 88.884
initialize DDM...done
BEGIN SIMULATION LOOP
WT 500 GVT 1684.0 COM 22102 TH (com per msec) 44.204 MAX TH 88.884
WT 1000 GVT 3360.0 COM 21994 TH (com per msec) 43.988 MAX TH 88.884
WT 1500 GVT 5032.0 COM 21948 TH (com per msec) 43.896 MAX TH 88.884
WT 2000 GVT 6708.0 COM 21997 TH (com per msec) 43.994 MAX TH 88.884
WT 2500 GVT 8381.0 COM 21955 TH (com per msec) 43.91 MAX TH 88.884
{{0, 13853}, {2078, 7907}, {0, 0}, {0, 0}, {0, 0}, {0, 0}, {0, 0}, {0, 0}}
{{0, 0}, {0, 11840}, {1324, 6533}, {0, 0}, {0, 0}, {0, 0}, {0, 0}, {0, 0}}
{{0, 0}, {0, 0}, {0, 10382}, {2016, 5547}, {0, 0}, {0, 0}, {0, 0}, {0, 0}}
{{0, 0}, {0, 0}, {0, 0}, {0, 11824}, {3092, 6466}, {0, 0}, {0, 0}, {0, 0}}
{{0, 0}, {0, 0}, {0, 0}, {0, 0}, {0, 14043}, {2116, 7827}, {0, 0}, {0, 0}}
{{0, 0}, {0, 0}, {0, 0}, {0, 0}, {0, 0}, {0, 11769}, {1323, 6464}, {0, 0}}
{{0, 0}, {0, 0}, {0, 0}, {0, 0}, {0, 0}, {0, 0}, {0, 10312}, {1986, 5445}}
{{2815, 6297}, {0, 0}, {0, 0}, {0, 0}, {0, 0}, {0, 0}, {0, 0}, {0, 11790}}
task_forecast [16668, 13916, 11706, 13840, 17136, 13884, 11636, 13776]
capacity [34142, 28078, 23575, 27892]
task_forecast [16668, 13916, 11706, 13840, 17136, 13884, 11636, 13776]
new binding: ['cpu_0', 'cpu_1', 'fpga_0', 'gpu_0', 'cpu_0', 'cpu_1', 'fpga_0', 'gpu_0'] renamed below
new binding: ['cpu_0', 'cpu_1', 'fpga_0', 'gpu_0', 'cpu_0', 'cpu_1', 'fpga_0', 'gpu_0'] expected th 44.0205 vs max th 88.884
WT 3000 GVT 10052.0 COM 21923 TH (com per msec) 43.846 MAX TH 88.884
WT 3500 GVT 11729.0 COM 22015 TH (com per msec) 44.03 MAX TH 88.884
WT 4000 GVT 13402.1 COM 21963 TH (com per msec) 43.926 MAX TH 88.884
WT 4500 GVT 15076.0 COM 21958 TH (com per msec) 43.916 MAX TH 88.884
WT 5000 GVT 16757.0 COM 22065 TH (com per msec) 44.13 MAX TH 88.884
{{0, 27712}, {4164, 15867}, {0, 0}, {0, 0}, {0, 0}, {0, 0}, {0, 0}, {0, 0}}
{{0, 0}, {0, 23688}, {2644, 13080}, {0, 0}, {0, 0}, {0, 0}, {0, 0}, {0, 0}}
{{0, 0}, {0, 0}, {0, 20769}, {4047, 11119}, {0, 0}, {0, 0}, {0, 0}, {0, 0}}
{{0, 0}, {0, 0}, {0, 0}, {0, 23645}, {6191, 12924}, {0, 0}, {0, 0}, {0, 0}}
{{0, 0}, {0, 0}, {0, 0}, {0, 0}, {0, 28081}, {4219, 15661}, {0, 0}, {0, 0}}
{{0, 0}, {0, 0}, {0, 0}, {0, 0}, {0, 0}, {0, 23520}, {2642, 12915}, {0, 0}}
{{0, 0}, {0, 0}, {0, 0}, {0, 0}, {0, 0}, {0, 0}, {0, 20609}, {3975, 10882}}
{{5618, 12573}, {0, 0}, {0, 0}, {0, 0}, {0, 0}, {0, 0}, {0, 0}, {0, 23570}}
task_forecast [16663, 13936, 11707, 13852, 17136, 13855, 11615, 13769]
capacity [34136, 28068, 23555, 27897]
task_forecast [16663, 13936, 11707, 13852, 17136, 13855, 11615, 13769]
new binding: ['cpu_0', 'cpu_1', 'fpga_0', 'gpu_0', 'cpu_0', 'cpu_1', 'fpga_0', 'gpu_0'] renamed below
new binding: ['cpu_0', 'cpu_1', 'fpga_0', 'gpu_0', 'cpu_0', 'cpu_1', 'fpga_0', 'gpu_0'] expected th 44.0205 vs max th 88.884
WT 5500 GVT 18427.0 COM 21918 TH (com per msec) 43.836 MAX TH 88.884
WT 6000 GVT 20104.0 COM 22004 TH (com per msec) 44.008 MAX TH 88.884
WT 6500 GVT 21778.0 COM 21965 TH (com per msec) 43.93 MAX TH 88.884
WT 7000 GVT 23452.0 COM 21978 TH (com per msec) 43.956 MAX TH 88.884
WT 7500 GVT 25130.0 COM 22022 TH (com per msec) 44.044 MAX TH 88.884
{{0, 41575}, {6250, 23833}, {0, 0}, {0, 0}, {0, 0}, {0, 0}, {0, 0}, {0, 0}}
{{0, 0}, {0, 35535}, {3963, 19627}, {0, 0}, {0, 0}, {0, 0}, {0, 0}, {0, 0}}
{{0, 0}, {0, 0}, {0, 31157}, {6084, 16695}, {0, 0}, {0, 0}, {0, 0}, {0, 0}}
{{0, 0}, {0, 0}, {0, 0}, {0, 35465}, {9289, 19375}, {0, 0}, {0, 0}, {0, 0}}
{{0, 0}, {0, 0}, {0, 0}, {0, 0}, {0, 42120}, {6325, 23500}, {0, 0}, {0, 0}}
{{0, 0}, {0, 0}, {0, 0}, {0, 0}, {0, 0}, {0, 35268}, {3960, 19365}, {0, 0}}
{{0, 0}, {0, 0}, {0, 0}, {0, 0}, {0, 0}, {0, 0}, {0, 30903}, {5966, 16319}}
{{8418, 18842}, {0, 0}, {0, 0}, {0, 0}, {0, 0}, {0, 0}, {0, 0}, {0, 35346}}
task_forecast [16662, 13931, 11707, 13858, 17138, 13854, 11612, 13767]
capacity [34138, 28062, 23552, 27901]
task_forecast [16662, 13931, 11707, 13858, 17138, 13854, 11612, 13767]
new binding: ['cpu_0', 'cpu_1', 'fpga_0', 'gpu_0', 'cpu_0', 'cpu_1', 'fpga_0', 'gpu_0'] renamed below
new binding: ['cpu_0', 'cpu_1', 'fpga_0', 'gpu_0', 'cpu_0', 'cpu_1', 'fpga_0', 'gpu_0'] expected th 44.0205 vs max th 88.884
WT 8000 GVT 26803.0 COM 21958 TH (com per msec) 43.916 MAX TH 88.884
WT 8500 GVT 28476.0 COM 21955 TH (com per msec) 43.91 MAX TH 88.884
WT 9000 GVT 30156.0 COM 22050 TH (com per msec) 44.1 MAX TH 88.884
WT 9500 GVT 31827.0 COM 21933 TH (com per msec) 43.866 MAX TH 88.884
WT 10000 GVT 33514.0 COM 22134 TH (com per msec) 44.268 MAX TH 88.884
{{0, 55426}, {8340, 31772}, {0, 0}, {0, 0}, {0, 0}, {0, 0}, {0, 0}, {0, 0}}
{{0, 0}, {0, 47382}, {5281, 26183}, {0, 0}, {0, 0}, {0, 0}, {0, 0}, {0, 0}}
{{0, 0}, {0, 0}, {0, 41552}, {8104, 22273}, {0, 0}, {0, 0}, {0, 0}, {0, 0}}
{{0, 0}, {0, 0}, {0, 0}, {0, 47291}, {12387, 25835}, {0, 0}, {0, 0}, {0, 0}}
{{0, 0}, {0, 0}, {0, 0}, {0, 0}, {0, 56166}, {8435, 31352}, {0, 0}, {0, 0}}
{{0, 0}, {0, 0}, {0, 0}, {0, 0}, {0, 0}, {0, 47015}, {5278, 25807}, {0, 0}}
{{0, 0}, {0, 0}, {0, 0}, {0, 0}, {0, 0}, {0, 0}, {0, 41202}, {7958, 21749}}
{{11225, 25126}, {0, 0}, {0, 0}, {0, 0}, {0, 0}, {0, 0}, {0, 0}, {0, 47136}}
task_forecast [16657, 13937, 11713, 13845, 17142, 13856, 11617, 13782]
capacity [34136, 28070, 23563, 27903]
task_forecast [16657, 13937, 11713, 13845, 17142, 13856, 11617, 13782]
new binding: ['fpga_0', 'fpga_0', 'fpga_0', 'fpga_0', 'fpga_0', 'fpga_0', 'fpga_0', 'fpga_0'] renamed below
new binding: ['fpga_0', 'fpga_0', 'fpga_0', 'fpga_0', 'fpga_0', 'fpga_0', 'fpga_0', 'fpga_0'] expected th 27.264 vs max th 88.884
WT 10500 GVT 34651.0 COM 13652 TH (com per msec) 27.304 MAX TH 88.884
WT 11000 GVT 35787.0 COM 13632 TH (com per msec) 27.264 MAX TH 88.884
WT 11500 GVT 36923.0 COM 13632 TH (com per msec) 27.264 MAX TH 88.884
WT 12000 GVT 38060.0 COM 13640 TH (com per msec) 27.28 MAX TH 88.884
WT 12500 GVT 39196.0 COM 13632 TH (com per msec) 27.264 MAX TH 88.884
{{0, 61109}, {8341, 34614}, {0, 0}, {0, 0}, {0, 0}, {0, 0}, {0, 0}, {0, 0}}
{{0, 0}, {0, 53063}, {5281, 29023}, {0, 0}, {0, 0}, {0, 0}, {0, 0}, {0, 0}}
{{0, 0}, {0, 0}, {0, 47234}, {8104, 25114}, {0, 0}, {0, 0}, {0, 0}, {0, 0}}
{{0, 0}, {0, 0}, {0, 0}, {0, 52971}, {12387, 28676}, {0, 0}, {0, 0}, {0, 0}}
{{0, 0}, {0, 0}, {0, 0}, {0, 0}, {0, 61848}, {8436, 34193}, {0, 0}, {0, 0}}
{{0, 0}, {0, 0}, {0, 0}, {0, 0}, {0, 0}, {0, 52696}, {5278, 28649}, {0, 0}}
{{0, 0}, {0, 0}, {0, 0}, {0, 0}, {0, 0}, {0, 0}, {0, 46882}, {7958, 24590}}
{{11225, 27967}, {0, 0}, {0, 0}, {0, 0}, {0, 0}, {0, 0}, {0, 0}, {0, 52817}}
task_forecast [5684, 5682, 5682, 5680, 5683, 5682, 5680, 5681]
capacity [1, 45453, 45907, 45453]
task_forecast [5684, 5682, 5682, 5680, 5683, 5682, 5680, 5681]
new binding: ['cpu_1', 'cpu_1', 'cpu_1', 'cpu_1', 'cpu_1', 'cpu_1', 'cpu_1', 'cpu_1'] renamed below
new binding: ['cpu_0', 'cpu_0', 'cpu_0', 'cpu_0', 'cpu_0', 'cpu_0', 'cpu_0', 'cpu_0'] expected th 27.264 vs max th 88.884
WT 13000 GVT 40332.0 COM 13632 TH (com per msec) 27.264 MAX TH 88.884
WT 13500 GVT 41469.0 COM 13648 TH (com per msec) 27.296 MAX TH 88.884
WT 14000 GVT 42605.0 COM 13632 TH (com per msec) 27.264 MAX TH 88.884
WT 14500 GVT 43741.0 COM 13632 TH (com per msec) 27.264 MAX TH 88.884
WT 15000 GVT 44878.0 COM 13640 TH (com per msec) 27.28 MAX TH 88.884
{{0, 66790}, {8341, 37455}, {0, 0}, {0, 0}, {0, 0}, {0, 0}, {0, 0}, {0, 0}}
{{0, 0}, {0, 58744}, {5281, 31864}, {0, 0}, {0, 0}, {0, 0}, {0, 0}, {0, 0}}
{{0, 0}, {0, 0}, {0, 52915}, {8104, 27955}, {0, 0}, {0, 0}, {0, 0}, {0, 0}}
{{0, 0}, {0, 0}, {0, 0}, {0, 58653}, {12387, 31517}, {0, 0}, {0, 0}, {0, 0}}
{{0, 0}, {0, 0}, {0, 0}, {0, 0}, {0, 67530}, {8436, 37034}, {0, 0}, {0, 0}}
{{0, 0}, {0, 0}, {0, 0}, {0, 0}, {0, 0}, {0, 58378}, {5278, 31490}, {0, 0}}
{{0, 0}, {0, 0}, {0, 0}, {0, 0}, {0, 0}, {0, 0}, {0, 52565}, {7958, 27431}}
{{11225, 30808}, {0, 0}, {0, 0}, {0, 0}, {0, 0}, {0, 0}, {0, 0}, {0, 58499}}
task_forecast [5681, 5681, 5681, 5682, 5682, 5682, 5683, 5682]
capacity [45907, 1, 1, 1]
task_forecast [5681, 5681, 5681, 5682, 5682, 5682, 5683, 5682]
new binding: ['cpu_0', 'cpu_0', 'cpu_0', 'cpu_0', 'cpu_0', 'cpu_0', 'cpu_0', 'cpu_0'] renamed below
new binding: ['cpu_0', 'cpu_0', 'cpu_0', 'cpu_0', 'cpu_0', 'cpu_0', 'cpu_0', 'cpu_0'] expected th 27.264 vs max th 88.884
WT 15500 GVT 46014.0 COM 13632 TH (com per msec) 27.264 MAX TH 88.884
WT 16000 GVT 47151.0 COM 13648 TH (com per msec) 27.296 MAX TH 88.884
WT 16500 GVT 48287.0 COM 13632 TH (com per msec) 27.264 MAX TH 88.884
WT 17000 GVT 49423.0 COM 13632 TH (com per msec) 27.264 MAX TH 88.884
WT 17500 GVT 50560.0 COM 13640 TH (com per msec) 27.28 MAX TH 88.884
{{0, 72472}, {8341, 40296}, {0, 0}, {0, 0}, {0, 0}, {0, 0}, {0, 0}, {0, 0}}
{{0, 0}, {0, 64426}, {5281, 34705}, {0, 0}, {0, 0}, {0, 0}, {0, 0}, {0, 0}}
{{0, 0}, {0, 0}, {0, 58597}, {8104, 30796}, {0, 0}, {0, 0}, {0, 0}, {0, 0}}
{{0, 0}, {0, 0}, {0, 0}, {0, 64335}, {12387, 34358}, {0, 0}, {0, 0}, {0, 0}}
{{0, 0}, {0, 0}, {0, 0}, {0, 0}, {0, 73212}, {8436, 39875}, {0, 0}, {0, 0}}
{{0, 0}, {0, 0}, {0, 0}, {0, 0}, {0, 0}, {0, 64060}, {5278, 34331}, {0, 0}}
{{0, 0}, {0, 0}, {0, 0}, {0, 0}, {0, 0}, {0, 0}, {0, 58246}, {7958, 30272}}
{{11225, 33649}, {0, 0}, {0, 0}, {0, 0}, {0, 0}, {0, 0}, {0, 0}, {0, 64181}}
task_forecast [5682, 5682, 5682, 5682, 5682, 5681, 5682, 5682]
capacity [45909, 45455, 45455, 45455]
task_forecast [5682, 5682, 5682, 5682, 5682, 5681, 5682, 5682]
new binding: ['cpu_1', 'cpu_1', 'cpu_1', 'cpu_1', 'cpu_1', 'cpu_1', 'cpu_1', 'cpu_1'] renamed below
new binding: ['cpu_0', 'cpu_0', 'cpu_0', 'cpu_0', 'cpu_0', 'cpu_0', 'cpu_0', 'cpu_0'] expected th 27.264 vs max th 88.884
WT 18000 GVT 51696.0 COM 13632 TH (com per msec) 27.264 MAX TH 88.884
WT 18500 GVT 52832.0 COM 13632 TH (com per msec) 27.264 MAX TH 88.884
WT 19000 GVT 53969.0 COM 13648 TH (com per msec) 27.296 MAX TH 88.884
WT 19500 GVT 55105.0 COM 13632 TH (com per msec) 27.264 MAX TH 88.884
WT 20000 GVT 56241.0 COM 13632 TH (com per msec) 27.264 MAX TH 88.884
{{0, 78153}, {8341, 43136}, {0, 0}, {0, 0}, {0, 0}, {0, 0}, {0, 0}, {0, 0}}
{{0, 0}, {0, 70108}, {5281, 37546}, {0, 0}, {0, 0}, {0, 0}, {0, 0}, {0, 0}}
{{0, 0}, {0, 0}, {0, 64279}, {8104, 33637}, {0, 0}, {0, 0}, {0, 0}, {0, 0}}
{{0, 0}, {0, 0}, {0, 0}, {0, 70017}, {12387, 37199}, {0, 0}, {0, 0}, {0, 0}}
{{0, 0}, {0, 0}, {0, 0}, {0, 0}, {0, 78894}, {8436, 42716}, {0, 0}, {0, 0}}
{{0, 0}, {0, 0}, {0, 0}, {0, 0}, {0, 0}, {0, 69742}, {5278, 37172}, {0, 0}}
{{0, 0}, {0, 0}, {0, 0}, {0, 0}, {0, 0}, {0, 0}, {0, 63927}, {7958, 33112}}
{{11225, 36490}, {0, 0}, {0, 0}, {0, 0}, {0, 0}, {0, 0}, {0, 0}, {0, 69863}}
task_forecast [5682, 5682, 5682, 5682, 5682, 5682, 5680, 5682]
capacity [45908, 45454, 45454, 45454]
task_forecast [5682, 5682, 5682, 5682, 5682, 5682, 5680, 5682]
new binding: ['cpu_1', 'cpu_1', 'cpu_1', 'cpu_1', 'cpu_1', 'cpu_1', 'cpu_1', 'cpu_1'] renamed below
new binding: ['cpu_0', 'cpu_0', 'cpu_0', 'cpu_0', 'cpu_0', 'cpu_0', 'cpu_0', 'cpu_0'] expected th 27.264 vs max th 88.884
WT 20500 GVT 57378.0 COM 13640 TH (com per msec) 27.28 MAX TH 88.884
WT 21000 GVT 58514.0 COM 13632 TH (com per msec) 27.264 MAX TH 88.884
WT 21500 GVT 59651.0 COM 13648 TH (com per msec) 27.296 MAX TH 88.884
WT 22000 GVT 60787.0 COM 13632 TH (com per msec) 27.264 MAX TH 88.884
WT 22500 GVT 61923.0 COM 13632 TH (com per msec) 27.264 MAX TH 88.884
{{0, 83835}, {8341, 45977}, {0, 0}, {0, 0}, {0, 0}, {0, 0}, {0, 0}, {0, 0}}
{{0, 0}, {0, 75789}, {5281, 40386}, {0, 0}, {0, 0}, {0, 0}, {0, 0}, {0, 0}}
{{0, 0}, {0, 0}, {0, 69961}, {8104, 36478}, {0, 0}, {0, 0}, {0, 0}, {0, 0}}
{{0, 0}, {0, 0}, {0, 0}, {0, 75699}, {12387, 40040}, {0, 0}, {0, 0}, {0, 0}}
{{0, 0}, {0, 0}, {0, 0}, {0, 0}, {0, 84576}, {8436, 45557}, {0, 0}, {0, 0}}
{{0, 0}, {0, 0}, {0, 0}, {0, 0}, {0, 0}, {0, 75424}, {5278, 40013}, {0, 0}}
{{0, 0}, {0, 0}, {0, 0}, {0, 0}, {0, 0}, {0, 0}, {0, 69609}, {7958, 35953}}
{{11225, 39331}, {0, 0}, {0, 0}, {0, 0}, {0, 0}, {0, 0}, {0, 0}, {0, 75545}}
task_forecast [5681, 5682, 5682, 5682, 5682, 5682, 5682, 5682]
capacity [45909, 45455, 45455, 45455]
task_forecast [5681, 5682, 5682, 5682, 5682, 5682, 5682, 5682]
new binding: ['cpu_1', 'cpu_1', 'cpu_1', 'cpu_1', 'cpu_1', 'cpu_1', 'cpu_1', 'cpu_1'] renamed below
new binding: ['cpu_0', 'cpu_0', 'cpu_0', 'cpu_0', 'cpu_0', 'cpu_0', 'cpu_0', 'cpu_0'] expected th 27.264 vs max th 88.884
WT 23000 GVT 63060.0 COM 13640 TH (com per msec) 27.28 MAX TH 88.884
WT 23500 GVT 64196.0 COM 13632 TH (com per msec) 27.264 MAX TH 88.884
WT 24000 GVT 65332.0 COM 13632 TH (com per msec) 27.264 MAX TH 88.884
WT 24500 GVT 66469.0 COM 13648 TH (com per msec) 27.296 MAX TH 88.884
WT 25000 GVT 67605.0 COM 13632 TH (com per msec) 27.264 MAX TH 88.884
{{0, 89517}, {8341, 48818}, {0, 0}, {0, 0}, {0, 0}, {0, 0}, {0, 0}, {0, 0}}
{{0, 0}, {0, 81471}, {5281, 43227}, {0, 0}, {0, 0}, {0, 0}, {0, 0}, {0, 0}}
{{0, 0}, {0, 0}, {0, 75643}, {8104, 39319}, {0, 0}, {0, 0}, {0, 0}, {0, 0}}
{{0, 0}, {0, 0}, {0, 0}, {0, 81380}, {12387, 42880}, {0, 0}, {0, 0}, {0, 0}}
{{0, 0}, {0, 0}, {0, 0}, {0, 0}, {0, 90258}, {8436, 48398}, {0, 0}, {0, 0}}
{{0, 0}, {0, 0}, {0, 0}, {0, 0}, {0, 0}, {0, 81106}, {5278, 42854}, {0, 0}}
{{0, 0}, {0, 0}, {0, 0}, {0, 0}, {0, 0}, {0, 0}, {0, 75291}, {7958, 38794}}
{{11225, 42172}, {0, 0}, {0, 0}, {0, 0}, {0, 0}, {0, 0}, {0, 0}, {0, 81227}}
task_forecast [5682, 5681, 5682, 5682, 5682, 5682, 5682, 5682]
capacity [45909, 45455, 45455, 45455]
task_forecast [5682, 5681, 5682, 5682, 5682, 5682, 5682, 5682]
new binding: ['fpga_0', 'fpga_0', 'cpu_0', 'gpu_0', 'cpu_0', 'cpu_0', 'cpu_0', 'gpu_0'] renamed below
new binding: ['fpga_0', 'fpga_0', 'cpu_0', 'gpu_0', 'cpu_0', 'cpu_0', 'cpu_0', 'gpu_0'] expected th 48.3305 vs max th 88.884
WT 25500 GVT 69352.0 COM 22882 TH (com per msec) 45.764 MAX TH 88.884
WT 26000 GVT 71101.0 COM 22916 TH (com per msec) 45.832 MAX TH 88.884
WT 26500 GVT 72848.0 COM 22880 TH (com per msec) 45.76 MAX TH 88.884
WT 27000 GVT 74596.0 COM 22899 TH (com per msec) 45.798 MAX TH 88.884
WT 27500 GVT 76344.0 COM 22899 TH (com per msec) 45.798 MAX TH 88.884
WT 28000 GVT 78091.0 COM 22892 TH (com per msec) 45.784 MAX TH 88.884
WT 28500 GVT 79840.0 COM 22906 TH (com per msec) 45.812 MAX TH 88.884
WT 29000 GVT 81587.0 COM 22891 TH (com per msec) 45.782 MAX TH 88.884
WT 29500 GVT 83335.0 COM 22899 TH (com per msec) 45.798 MAX TH 88.884
WT 30000 GVT 85082.0 COM 22879 TH (com per msec) 45.758 MAX TH 88.884
WT 30500 GVT 86831.0 COM 22918 TH (com per msec) 45.836 MAX TH 88.884
WT 31000 GVT 88578.1 COM 22896 TH (com per msec) 45.792 MAX TH 88.884
WT 31500 GVT 90326.0 COM 22884 TH (com per msec) 45.768 MAX TH 88.884
WT 32000 GVT 92075.0 COM 22916 TH (com per msec) 45.832 MAX TH 88.884
WT 32500 GVT 93821.0 COM 22872 TH (com per msec) 45.744 MAX TH 88.884
WT 33000 GVT 95570.0 COM 22908 TH (com per msec) 45.816 MAX TH 88.884
WT 33500 GVT 97318.0 COM 22898 TH (com per msec) 45.796 MAX TH 88.884
WT 34000 GVT 99065.0 COM 22892 TH (com per msec) 45.784 MAX TH 88.884
WT 34500 GVT 100814.0 COM 22905 TH (com per msec) 45.81 MAX TH 88.884
WT 35000 GVT 102560.1 COM 22888 TH (com per msec) 45.776 MAX TH 88.884
WT 35500 GVT 104309.0 COM 22902 TH (com per msec) 45.804 MAX TH 88.884
WT 36000 GVT 106056.0 COM 22880 TH (com per msec) 45.76 MAX TH 88.884
WT 36500 GVT 107805.0 COM 22917 TH (com per msec) 45.834 MAX TH 88.884
WT 37000 GVT 109552.0 COM 22881 TH (com per msec) 45.762 MAX TH 88.884
WT 37500 GVT 111300.0 COM 22899 TH (com per msec) 45.798 MAX TH 88.884
WT 38000 GVT 113048.0 COM 22899 TH (com per msec) 45.798 MAX TH 88.884
WT 38500 GVT 114795.0 COM 22889 TH (com per msec) 45.778 MAX TH 88.884
WT 39000 GVT 116544.0 COM 22909 TH (com per msec) 45.818 MAX TH 88.884
WT 39500 GVT 118292.0 COM 22897 TH (com per msec) 45.794 MAX TH 88.884
WT 40000 GVT 120039.0 COM 22893 TH (com per msec) 45.786 MAX TH 88.884
WT 40500 GVT 121788.0 COM 22905 TH (com per msec) 45.81 MAX TH 88.884
WT 41000 GVT 123534.0 COM 22874 TH (com per msec) 45.748 MAX TH 88.884
WT 41500 GVT 125283.0 COM 22916 TH (com per msec) 45.832 MAX TH 88.884
WT 42000 GVT 127030.0 COM 22880 TH (com per msec) 45.76 MAX TH 88.884
WT 42500 GVT 128778.0 COM 22900 TH (com per msec) 45.8 MAX TH 88.884
WT 43000 GVT 130526.0 COM 22898 TH (com per msec) 45.796 MAX TH 88.884
WT 43500 GVT 132274.0 COM 22900 TH (com per msec) 45.8 MAX TH 88.884
WT 44000 GVT 134022.0 COM 22898 TH (com per msec) 45.796 MAX TH 88.884
WT 44500 GVT 135769.0 COM 22892 TH (com per msec) 45.784 MAX TH 88.884
WT 45000 GVT 137518.0 COM 22906 TH (com per msec) 45.812 MAX TH 88.884
WT 45500 GVT 139264.1 COM 22888 TH (com per msec) 45.776 MAX TH 88.884
WT 46000 GVT 141013.0 COM 22901 TH (com per msec) 45.802 MAX TH 88.884
WT 46500 GVT 142761.0 COM 22899 TH (com per msec) 45.798 MAX TH 88.884
WT 47000 GVT 144508.0 COM 22881 TH (com per msec) 45.762 MAX TH 88.884
WT 47500 GVT 146257.0 COM 22917 TH (com per msec) 45.834 MAX TH 88.884
WT 48000 GVT 148004.0 COM 22879 TH (com per msec) 45.758 MAX TH 88.884
WT 48500 GVT 149752.0 COM 22901 TH (com per msec) 45.802 MAX TH 88.884
WT 49000 GVT 151500.0 COM 22897 TH (com per msec) 45.794 MAX TH 88.884
WT 49500 GVT 153248.0 COM 22901 TH (com per msec) 45.802 MAX TH 88.884
WT 50000 GVT 154996.0 COM 22897 TH (com per msec) 45.794 MAX TH 88.884
WT 50500 GVT 156743.0 COM 22892 TH (com per msec) 45.784 MAX TH 88.884
WT 51000 GVT 158492.0 COM 22906 TH (com per msec) 45.812 MAX TH 88.884
WT 51500 GVT 160238.1 COM 22888 TH (com per msec) 45.776 MAX TH 88.884
WT 52000 GVT 161987.0 COM 22902 TH (com per msec) 45.804 MAX TH 88.884
WT 52500 GVT 163735.0 COM 22898 TH (com per msec) 45.796 MAX TH 88.884
WT 53000 GVT 165482.0 COM 22882 TH (com per msec) 45.764 MAX TH 88.884
WT 53500 GVT 167231.0 COM 22916 TH (com per msec) 45.832 MAX TH 88.884
WT 54000 GVT 168978.0 COM 22881 TH (com per msec) 45.762 MAX TH 88.884
WT 54500 GVT 170726.0 COM 22899 TH (com per msec) 45.798 MAX TH 88.884
WT 55000 GVT 172473.0 COM 22889 TH (com per msec) 45.778 MAX TH 88.884
WT 55500 GVT 174222.0 COM 22908 TH (com per msec) 45.816 MAX TH 88.884
WT 56000 GVT 175970.0 COM 22898 TH (com per msec) 45.796 MAX TH 88.884
WT 56500 GVT 177717.0 COM 22893 TH (com per msec) 45.786 MAX TH 88.884
WT 57000 GVT 179465.0 COM 22897 TH (com per msec) 45.794 MAX TH 88.884
WT 57500 GVT 181212.0 COM 22880 TH (com per msec) 45.76 MAX TH 88.884
WT 58000 GVT 182961.0 COM 22918 TH (com per msec) 45.836 MAX TH 88.884
WT 58500 GVT 184708.0 COM 22880 TH (com per msec) 45.76 MAX TH 88.884
WT 59000 GVT 186456.0 COM 22901 TH (com per msec) 45.802 MAX TH 88.884
WT 59500 GVT 188204.0 COM 22897 TH (com per msec) 45.794 MAX TH 88.884
WT 60000 GVT 189952.0 COM 22900 TH (com per msec) 45.8 MAX TH 88.884
WT 60500 GVT 191700.0 COM 22898 TH (com per msec) 45.796 MAX TH 88.884
WT 61000 GVT 193447.0 COM 22890 TH (com per msec) 45.78 MAX TH 88.884
WT 61500 GVT 195195.0 COM 22900 TH (com per msec) 45.8 MAX TH 88.884
WT 62000 GVT 196943.0 COM 22898 TH (com per msec) 45.796 MAX TH 88.884
WT 62500 GVT 198690.1 COM 22898 TH (com per msec) 45.796 MAX TH 88.884
WT 63000 GVT 200439.0 COM 22900 TH (com per msec) 45.8 MAX TH 88.884
WT 63500 GVT 202186.0 COM 22881 TH (com per msec) 45.762 MAX TH 88.884
WT 64000 GVT 203935.0 COM 22917 TH (com per msec) 45.834 MAX TH 88.884
WT 64500 GVT 205682.0 COM 22879 TH (com per msec) 45.758 MAX TH 88.884
WT 65000 GVT 207430.0 COM 22900 TH (com per msec) 45.8 MAX TH 88.884
WT 65500 GVT 209178.0 COM 22898 TH (com per msec) 45.796 MAX TH 88.884
WT 66000 GVT 210925.0 COM 22893 TH (com per msec) 45.786 MAX TH 88.884
WT 66500 GVT 212674.0 COM 22905 TH (com per msec) 45.81 MAX TH 88.884
WT 67000 GVT 214421.0 COM 22892 TH (com per msec) 45.784 MAX TH 88.884
WT 67500 GVT 216169.0 COM 22898 TH (com per msec) 45.796 MAX TH 88.884
WT 68000 GVT 217916.0 COM 22880 TH (com per msec) 45.76 MAX TH 88.884
WT 68500 GVT 219665.0 COM 22917 TH (com per msec) 45.834 MAX TH 88.884
WT 69000 GVT 221412.1 COM 22897 TH (com per msec) 45.794 MAX TH 88.884
WT 69500 GVT 223160.0 COM 22883 TH (com per msec) 45.766 MAX TH 88.884
WT 70000 GVT 224909.0 COM 22917 TH (com per msec) 45.834 MAX TH 88.884
WT 70500 GVT 226655.0 COM 22871 TH (com per msec) 45.742 MAX TH 88.884
WT 71000 GVT 228404.0 COM 22909 TH (com per msec) 45.818 MAX TH 88.884
WT 71500 GVT 230152.0 COM 22897 TH (com per msec) 45.794 MAX TH 88.884
WT 72000 GVT 231899.0 COM 22893 TH (com per msec) 45.786 MAX TH 88.884
WT 72500 GVT 233648.0 COM 22905 TH (com per msec) 45.81 MAX TH 88.884
WT 73000 GVT 235395.0 COM 22891 TH (com per msec) 45.782 MAX TH 88.884
WT 73500 GVT 237143.0 COM 22900 TH (com per msec) 45.8 MAX TH 88.884
WT 74000 GVT 238890.0 COM 22880 TH (com per msec) 45.76 MAX TH 88.884
WT 74500 GVT 240639.0 COM 22917 TH (com per msec) 45.834 MAX TH 88.884
WT 75000 GVT 242386.0 COM 22880 TH (com per msec) 45.76 MAX TH 88.884
WT 75500 GVT 244134.0 COM 22900 TH (com per msec) 45.8 MAX TH 88.884
WT 76000 GVT 245882.0 COM 22898 TH (com per msec) 45.796 MAX TH 88.884
WT 76500 GVT 247629.0 COM 22891 TH (com per msec) 45.782 MAX TH 88.884
WT 77000 GVT 249378.0 COM 22907 TH (com per msec) 45.814 MAX TH 88.884
WT 77500 GVT 251125.0 COM 22889 TH (com per msec) 45.778 MAX TH 88.884
WT 78000 GVT 252873.0 COM 22901 TH (com per msec) 45.802 MAX TH 88.884
WT 78500 GVT 254621.0 COM 22897 TH (com per msec) 45.794 MAX TH 88.884
WT 79000 GVT 256368.1 COM 22899 TH (com per msec) 45.798 MAX TH 88.884
WT 79500 GVT 258117.0 COM 22899 TH (com per msec) 45.798 MAX TH 88.884
WT 80000 GVT 259864.0 COM 22882 TH (com per msec) 45.764 MAX TH 88.884
WT 80500 GVT 261613.0 COM 22916 TH (com per msec) 45.832 MAX TH 88.884
WT 81000 GVT 263360.0 COM 22880 TH (com per msec) 45.76 MAX TH 88.884
WT 81500 GVT 265108.0 COM 22900 TH (com per msec) 45.8 MAX TH 88.884
WT 82000 GVT 266856.0 COM 22898 TH (com per msec) 45.796 MAX TH 88.884
WT 82500 GVT 268603.0 COM 22892 TH (com per msec) 45.784 MAX TH 88.884
WT 83000 GVT 270352.0 COM 22906 TH (com per msec) 45.812 MAX TH 88.884
WT 83500 GVT 272098.1 COM 22888 TH (com per msec) 45.776 MAX TH 88.884
WT 84000 GVT 273847.0 COM 22902 TH (com per msec) 45.804 MAX TH 88.884
WT 84500 GVT 275594.0 COM 22880 TH (com per msec) 45.76 MAX TH 88.884
WT 85000 GVT 277343.0 COM 22917 TH (com per msec) 45.834 MAX TH 88.884
WT 85500 GVT 279090.0 COM 22881 TH (com per msec) 45.762 MAX TH 88.884
WT 86000 GVT 280838.0 COM 22899 TH (com per msec) 45.798 MAX TH 88.884
WT 86500 GVT 282586.0 COM 22899 TH (com per msec) 45.798 MAX TH 88.884
WT 87000 GVT 284333.0 COM 22889 TH (com per msec) 45.778 MAX TH 88.884
WT 87500 GVT 286082.0 COM 22909 TH (com per msec) 45.818 MAX TH 88.884
WT 88000 GVT 287830.0 COM 22897 TH (com per msec) 45.794 MAX TH 88.884
WT 88500 GVT 289577.0 COM 22893 TH (com per msec) 45.786 MAX TH 88.884
WT 89000 GVT 291326.0 COM 22905 TH (com per msec) 45.81 MAX TH 88.884
WT 89500 GVT 293072.0 COM 22874 TH (com per msec) 45.748 MAX TH 88.884
WT 90000 GVT 294821.0 COM 22916 TH (com per msec) 45.832 MAX TH 88.884
WT 90500 GVT 296568.0 COM 22880 TH (com per msec) 45.76 MAX TH 88.884
WT 91000 GVT 298316.0 COM 22899 TH (com per msec) 45.798 MAX TH 88.884
WT 91500 GVT 300064.0 COM 22899 TH (com per msec) 45.798 MAX TH 88.884
WT 92000 GVT 301812.0 COM 22900 TH (com per msec) 45.8 MAX TH 88.884
WT 92500 GVT 303560.0 COM 22898 TH (com per msec) 45.796 MAX TH 88.884
WT 93000 GVT 305307.0 COM 22891 TH (com per msec) 45.782 MAX TH 88.884
WT 93500 GVT 307056.0 COM 22907 TH (com per msec) 45.814 MAX TH 88.884
WT 94000 GVT 308802.1 COM 22887 TH (com per msec) 45.774 MAX TH 88.884
WT 94500 GVT 310551.0 COM 22902 TH (com per msec) 45.804 MAX TH 88.884
WT 95000 GVT 312299.0 COM 22898 TH (com per msec) 45.796 MAX TH 88.884
WT 95500 GVT 314046.0 COM 22882 TH (com per msec) 45.764 MAX TH 88.884
WT 96000 GVT 315795.0 COM 22916 TH (com per msec) 45.832 MAX TH 88.884
WT 96500 GVT 317542.0 COM 22880 TH (com per msec) 45.76 MAX TH 88.884
WT 97000 GVT 319290.0 COM 22900 TH (com per msec) 45.8 MAX TH 88.884
WT 97500 GVT 321038.0 COM 22898 TH (com per msec) 45.796 MAX TH 88.884
WT 98000 GVT 322786.0 COM 22901 TH (com per msec) 45.802 MAX TH 88.884
WT 98500 GVT 324534.0 COM 22897 TH (com per msec) 45.794 MAX TH 88.884
WT 99000 GVT 326281.0 COM 22892 TH (com per msec) 45.784 MAX TH 88.884
WT 99500 GVT 328030.0 COM 22906 TH (com per msec) 45.812 MAX TH 88.884
WT 100000 GVT 329776.1 COM 22888 TH (com per msec) 45.776 MAX TH 88.884
WT 100500 GVT 331525.0 COM 22902 TH (com per msec) 45.804 MAX TH 88.884
WT 101000 GVT 333273.0 COM 22898 TH (com per msec) 45.796 MAX TH 88.884
WT 101500 GVT 335020.0 COM 22882 TH (com per msec) 45.764 MAX TH 88.884
WT 102000 GVT 336769.0 COM 22916 TH (com per msec) 45.832 MAX TH 88.884
WT 102500 GVT 338516.0 COM 22881 TH (com per msec) 45.762 MAX TH 88.884
WT 103000 GVT 340264.0 COM 22899 TH (com per msec) 45.798 MAX TH 88.884
WT 103500 GVT 342011.0 COM 22889 TH (com per msec) 45.778 MAX TH 88.884
WT 104000 GVT 343760.0 COM 22908 TH (com per msec) 45.816 MAX TH 88.884
WT 104500 GVT 345508.0 COM 22898 TH (com per msec) 45.796 MAX TH 88.884
WT 105000 GVT 347255.0 COM 22893 TH (com per msec) 45.786 MAX TH 88.884
WT 105500 GVT 349003.0 COM 22897 TH (com per msec) 45.794 MAX TH 88.884
WT 106000 GVT 350750.0 COM 22880 TH (com per msec) 45.76 MAX TH 88.884
WT 106500 GVT 352499.0 COM 22918 TH (com per msec) 45.836 MAX TH 88.884
WT 107000 GVT 354246.0 COM 22880 TH (com per msec) 45.76 MAX TH 88.884
WT 107500 GVT 355994.0 COM 22900 TH (com per msec) 45.8 MAX TH 88.884
WT 108000 GVT 357742.0 COM 22898 TH (com per msec) 45.796 MAX TH 88.884
WT 108500 GVT 359490.0 COM 22899 TH (com per msec) 45.798 MAX TH 88.884
WT 109000 GVT 361238.0 COM 22899 TH (com per msec) 45.798 MAX TH 88.884
WT 109500 GVT 362985.0 COM 22889 TH (com per msec) 45.778 MAX TH 88.884
WT 110000 GVT 364733.0 COM 22901 TH (com per msec) 45.802 MAX TH 88.884
WT 110500 GVT 366481.0 COM 22897 TH (com per msec) 45.794 MAX TH 88.884
WT 111000 GVT 368229.0 COM 22901 TH (com per msec) 45.802 MAX TH 88.884
WT 111500 GVT 369977.0 COM 22897 TH (com per msec) 45.794 MAX TH 88.884
WT 112000 GVT 371724.0 COM 22882 TH (com per msec) 45.764 MAX TH 88.884
WT 112500 GVT 373473.0 COM 22916 TH (com per msec) 45.832 MAX TH 88.884
WT 113000 GVT 375220.0 COM 22880 TH (com per msec) 45.76 MAX TH 88.884
WT 113500 GVT 376968.0 COM 22900 TH (com per msec) 45.8 MAX TH 88.884
WT 114000 GVT 378716.0 COM 22898 TH (com per msec) 45.796 MAX TH 88.884
WT 114500 GVT 380463.0 COM 22892 TH (com per msec) 45.784 MAX TH 88.884
WT 115000 GVT 382212.0 COM 22906 TH (com per msec) 45.812 MAX TH 88.884
WT 115500 GVT 383959.0 COM 22892 TH (com per msec) 45.784 MAX TH 88.884
WT 116000 GVT 385707.0 COM 22898 TH (com per msec) 45.796 MAX TH 88.884
WT 116500 GVT 387454.0 COM 22880 TH (com per msec) 45.76 MAX TH 88.884
WT 117000 GVT 389203.0 COM 22917 TH (com per msec) 45.834 MAX TH 88.884
WT 117500 GVT 390950.1 COM 22897 TH (com per msec) 45.794 MAX TH 88.884
WT 118000 GVT 392698.0 COM 22883 TH (com per msec) 45.766 MAX TH 88.884
WT 118500 GVT 394447.0 COM 22917 TH (com per msec) 45.834 MAX TH 88.884
WT 119000 GVT 396193.0 COM 22871 TH (com per msec) 45.742 MAX TH 88.884
WT 119500 GVT 397942.0 COM 22909 TH (com per msec) 45.818 MAX TH 88.884
WT 120000 GVT 399690.0 COM 22897 TH (com per msec) 45.794 MAX TH 88.884
WT 120500 GVT 401437.0 COM 22893 TH (com per msec) 45.786 MAX TH 88.884
WT 121000 GVT 403186.0 COM 22905 TH (com per msec) 45.81 MAX TH 88.884
WT 121500 GVT 404932.0 COM 22874 TH (com per msec) 45.748 MAX TH 88.884
WT 122000 GVT 406681.0 COM 22916 TH (com per msec) 45.832 MAX TH 88.884
WT 122500 GVT 408428.0 COM 22880 TH (com per msec) 45.76 MAX TH 88.884
WT 123000 GVT 410177.0 COM 22918 TH (com per msec) 45.836 MAX TH 88.884
WT 123500 GVT 411924.1 COM 22896 TH (com per msec) 45.792 MAX TH 88.884
WT 124000 GVT 413672.0 COM 22884 TH (com per msec) 45.768 MAX TH 88.884
WT 124500 GVT 415421.0 COM 22916 TH (com per msec) 45.832 MAX TH 88.884
WT 125000 GVT 417167.0 COM 22873 TH (com per msec) 45.746 MAX TH 88.884
WT 125500 GVT 418916.0 COM 22907 TH (com per msec) 45.814 MAX TH 88.884
WT 126000 GVT 420663.0 COM 22889 TH (com per msec) 45.778 MAX TH 88.884
WT 126500 GVT 422411.0 COM 22900 TH (com per msec) 45.8 MAX TH 88.884
WT 127000 GVT 424159.0 COM 22898 TH (com per msec) 45.796 MAX TH 88.884
WT 127500 GVT 425907.0 COM 22901 TH (com per msec) 45.802 MAX TH 88.884
WT 128000 GVT 427655.0 COM 22897 TH (com per msec) 45.794 MAX TH 88.884
WT 128500 GVT 429402.0 COM 22880 TH (com per msec) 45.76 MAX TH 88.884
WT 129000 GVT 431151.0 COM 22918 TH (com per msec) 45.836 MAX TH 88.884
WT 129500 GVT 432898.0 COM 22880 TH (com per msec) 45.76 MAX TH 88.884
WT 130000 GVT 434646.0 COM 22901 TH (com per msec) 45.802 MAX TH 88.884
WT 130500 GVT 436394.0 COM 22897 TH (com per msec) 45.794 MAX TH 88.884
WT 131000 GVT 438141.0 COM 22892 TH (com per msec) 45.784 MAX TH 88.884
WT 131500 GVT 439890.0 COM 22906 TH (com per msec) 45.812 MAX TH 88.884
WT 132000 GVT 441637.0 COM 22890 TH (com per msec) 45.78 MAX TH 88.884
WT 132500 GVT 443385.0 COM 22900 TH (com per msec) 45.8 MAX TH 88.884
WT 133000 GVT 445133.0 COM 22898 TH (com per msec) 45.796 MAX TH 88.884
WT 133500 GVT 446880.1 COM 22898 TH (com per msec) 45.796 MAX TH 88.884
WT 134000 GVT 448629.0 COM 22900 TH (com per msec) 45.8 MAX TH 88.884
WT 134500 GVT 450376.0 COM 22881 TH (com per msec) 45.762 MAX TH 88.884
WT 135000 GVT 452124.0 COM 22899 TH (com per msec) 45.798 MAX TH 88.884
WT 135500 GVT 453871.0 COM 22889 TH (com per msec) 45.778 MAX TH 88.884
WT 136000 GVT 455620.0 COM 22908 TH (com per msec) 45.816 MAX TH 88.884
WT 136500 GVT 457368.0 COM 22898 TH (com per msec) 45.796 MAX TH 88.884
WT 137000 GVT 459115.0 COM 22893 TH (com per msec) 45.786 MAX TH 88.884
WT 137500 GVT 460864.0 COM 22905 TH (com per msec) 45.81 MAX TH 88.884
WT 138000 GVT 462610.1 COM 22888 TH (com per msec) 45.776 MAX TH 88.884
WT 138500 GVT 464359.0 COM 22902 TH (com per msec) 45.804 MAX TH 88.884
WT 139000 GVT 466106.1 COM 22896 TH (com per msec) 45.792 MAX TH 88.884
WT 139500 GVT 467854.0 COM 22884 TH (com per msec) 45.768 MAX TH 88.884
WT 140000 GVT 469602.0 COM 22898 TH (com per msec) 45.796 MAX TH 88.884
WT 140500 GVT 471350.0 COM 22899 TH (com per msec) 45.798 MAX TH 88.884
WT 141000 GVT 473098.0 COM 22899 TH (com per msec) 45.798 MAX TH 88.884
WT 141500 GVT 474845.0 COM 22889 TH (com per msec) 45.778 MAX TH 88.884
WT 142000 GVT 476594.0 COM 22909 TH (com per msec) 45.818 MAX TH 88.884
WT 142500 GVT 478341.0 COM 22889 TH (com per msec) 45.778 MAX TH 88.884
WT 143000 GVT 480089.0 COM 22901 TH (com per msec) 45.802 MAX TH 88.884
WT 143500 GVT 481838.0 COM 22905 TH (com per msec) 45.81 MAX TH 88.884
WT 144000 GVT 483584.0 COM 22874 TH (com per msec) 45.748 MAX TH 88.884
WT 144500 GVT 485333.0 COM 22916 TH (com per msec) 45.832 MAX TH 88.884
WT 145000 GVT 487080.0 COM 22880 TH (com per msec) 45.76 MAX TH 88.884
WT 145500 GVT 488828.0 COM 22900 TH (com per msec) 45.8 MAX TH 88.884
WT 146000 GVT 490576.0 COM 22898 TH (com per msec) 45.796 MAX TH 88.884
WT 146500 GVT 492324.0 COM 22900 TH (com per msec) 45.8 MAX TH 88.884
WT 147000 GVT 494072.0 COM 22898 TH (com per msec) 45.796 MAX TH 88.884
WT 147500 GVT 495819.0 COM 22892 TH (com per msec) 45.784 MAX TH 88.884
WT 148000 GVT 497568.0 COM 22906 TH (com per msec) 45.812 MAX TH 88.884
WT 148500 GVT 499314.1 COM 22888 TH (com per msec) 45.776 MAX TH 88.884
ENDED TRACE FOR Actor(id:1,lvt:499999.0,next:inf)
END SIMULATION LOOP QUEUE EMPTY False @ CAN_END True @ WT 148694.94999526357 @ GVT 499996.0
Writing program to temp file
File written
Writing program to temp file
File written
Writing program to temp file
File written
Writing program to temp file
File written
Writing program to temp file
File written
Writing program to temp file
File written
Writing program to temp file
File written
Writing program to temp file
File written
Writing program to temp file
File written
Writing program to temp file
File written
