hardware.py found
loading hardware.py from metasimulation/simulation_3/hardware.py into module hardware
global_constants.py found
loading global_constants.py from metasimulation/simulation_3/global_constants.py into module global_constants
trace found (metasimulation/simulation_3/lp_8-end_time_500000-fanout_2.trace)
Loading trace metasimulation/simulation_3/lp_8-end_time_500000-fanout_2.trace...Done
Building annoyance_matrix and communication_matrix for 8 actors...Done
Loading hardware configuration...Done
Building computing units...Done
Building assignment...['cpu_0', 'cpu_1', 'fpga_0', 'gpu_0', 'cpu_0', 'cpu_1', 'fpga_0', 'gpu_0']
done
Populate device queue with new actors...done
Populate simulator queue...done
loading ground truth metasimulation/simulation_3/lp_8-end_time_500000-fanout_2.trace.solutions...end
Found optimal solution 88.884
initialize Random...done
BEGIN SIMULATION LOOP
WT 500 GVT 1684.0 COM 22102 TH (com per msec) 44.204 MAX TH 88.884
WT 1000 GVT 3360.0 COM 21994 TH (com per msec) 43.988 MAX TH 88.884
WT 1500 GVT 5032.0 COM 21948 TH (com per msec) 43.896 MAX TH 88.884
WT 2000 GVT 6708.0 COM 21997 TH (com per msec) 43.994 MAX TH 88.884
WT 2500 GVT 8381.0 COM 21955 TH (com per msec) 43.91 MAX TH 88.884
new binding: ['cpu_1', 'cpu_1', 'fpga_0', 'gpu_0', 'gpu_0', 'fpga_0', 'cpu_0', 'fpga_0'] renamed below
new binding: ['cpu_0', 'cpu_0', 'fpga_0', 'gpu_0', 'gpu_0', 'fpga_0', 'cpu_1', 'fpga_0'] expected th 51.911 vs max th 88.884
WT 3000 GVT 10304.0 COM 25955 TH (com per msec) 51.91 MAX TH 88.884
WT 3500 GVT 12227.0 COM 25966 TH (com per msec) 51.932 MAX TH 88.884
WT 4000 GVT 14150.0 COM 25955 TH (com per msec) 51.91 MAX TH 88.884
WT 4500 GVT 16073.0 COM 25966 TH (com per msec) 51.932 MAX TH 88.884
WT 5000 GVT 17996.0 COM 25955 TH (com per msec) 51.91 MAX TH 88.884
new binding: ['fpga_0', 'fpga_0', 'fpga_0', 'fpga_0', 'cpu_0', 'cpu_0', 'cpu_0', 'fpga_0'] renamed below
new binding: ['fpga_0', 'fpga_0', 'fpga_0', 'fpga_0', 'cpu_0', 'cpu_0', 'cpu_0', 'fpga_0'] expected th 41.662499999999994 vs max th 88.884
WT 5500 GVT 19663.0 COM 20843 TH (com per msec) 41.686 MAX TH 88.884
WT 6000 GVT 21330.0 COM 20833 TH (com per msec) 41.666 MAX TH 88.884
WT 6500 GVT 22996.0 COM 20825 TH (com per msec) 41.65 MAX TH 88.884
WT 7000 GVT 24663.0 COM 20842 TH (com per msec) 41.684 MAX TH 88.884
WT 7500 GVT 26330.0 COM 20833 TH (com per msec) 41.666 MAX TH 88.884
new binding: ['cpu_0', 'cpu_0', 'gpu_0', 'gpu_0', 'gpu_0', 'fpga_0', 'gpu_0', 'fpga_0'] renamed below
new binding: ['cpu_0', 'cpu_0', 'gpu_0', 'gpu_0', 'gpu_0', 'fpga_0', 'gpu_0', 'fpga_0'] expected th 42.3335 vs max th 88.884
WT 8000 GVT 27943.0 COM 21307 TH (com per msec) 42.614 MAX TH 88.884
WT 8500 GVT 29555.0 COM 21291 TH (com per msec) 42.582 MAX TH 88.884
WT 9000 GVT 31169.0 COM 21318 TH (com per msec) 42.636 MAX TH 88.884
WT 9500 GVT 32781.0 COM 21293 TH (com per msec) 42.586 MAX TH 88.884
WT 10000 GVT 34394.0 COM 21301 TH (com per msec) 42.602 MAX TH 88.884
new binding: ['gpu_0', 'gpu_0', 'cpu_0', 'gpu_0', 'cpu_0', 'gpu_0', 'gpu_0', 'cpu_1'] renamed below
new binding: ['gpu_0', 'gpu_0', 'cpu_0', 'gpu_0', 'cpu_0', 'gpu_0', 'gpu_0', 'cpu_1'] expected th 38.5595 vs max th 88.884
WT 10500 GVT 35823.0 COM 19294 TH (com per msec) 38.588 MAX TH 88.884
WT 11000 GVT 37252.0 COM 19286 TH (com per msec) 38.572 MAX TH 88.884
WT 11500 GVT 38681.0 COM 19297 TH (com per msec) 38.594 MAX TH 88.884
WT 12000 GVT 40109.0 COM 19278 TH (com per msec) 38.556 MAX TH 88.884
WT 12500 GVT 41538.0 COM 19286 TH (com per msec) 38.572 MAX TH 88.884
new binding: ['cpu_0', 'fpga_0', 'fpga_0', 'cpu_1', 'fpga_0', 'cpu_1', 'fpga_0', 'cpu_1'] renamed below
new binding: ['cpu_0', 'fpga_0', 'fpga_0', 'cpu_1', 'fpga_0', 'cpu_1', 'fpga_0', 'cpu_1'] expected th 43.48 vs max th 88.884
WT 13000 GVT 43233.0 COM 21745 TH (com per msec) 43.49 MAX TH 88.884
WT 13500 GVT 44928.0 COM 21734 TH (com per msec) 43.468 MAX TH 88.884
WT 14000 GVT 46623.0 COM 21742 TH (com per msec) 43.484 MAX TH 88.884
WT 14500 GVT 48318.0 COM 21734 TH (com per msec) 43.468 MAX TH 88.884
WT 15000 GVT 50013.0 COM 21743 TH (com per msec) 43.486 MAX TH 88.884
new binding: ['cpu_0', 'cpu_1', 'cpu_1', 'gpu_0', 'cpu_1', 'cpu_1', 'cpu_0', 'cpu_0'] renamed below
new binding: ['cpu_0', 'cpu_1', 'cpu_1', 'gpu_0', 'cpu_1', 'cpu_1', 'cpu_0', 'cpu_0'] expected th 51.4905 vs max th 88.884
WT 15500 GVT 52012.0 COM 25733 TH (com per msec) 51.466 MAX TH 88.884
WT 16000 GVT 54012.0 COM 25750 TH (com per msec) 51.5 MAX TH 88.884
WT 16500 GVT 56012.0 COM 25750 TH (com per msec) 51.5 MAX TH 88.884
WT 17000 GVT 58012.0 COM 25750 TH (com per msec) 51.5 MAX TH 88.884
WT 17500 GVT 60012.0 COM 25750 TH (com per msec) 51.5 MAX TH 88.884
new binding: ['cpu_1', 'gpu_0', 'cpu_1', 'cpu_1', 'cpu_0', 'fpga_0', 'cpu_1', 'gpu_0'] renamed below
new binding: ['cpu_0', 'gpu_0', 'cpu_0', 'cpu_0', 'cpu_1', 'fpga_0', 'cpu_0', 'gpu_0'] expected th 45.4185 vs max th 88.884
WT 18000 GVT 61828.0 COM 24408 TH (com per msec) 48.816 MAX TH 88.884
WT 18500 GVT 63646.0 COM 24430 TH (com per msec) 48.86 MAX TH 88.884
WT 19000 GVT 65464.1 COM 24445 TH (com per msec) 48.89 MAX TH 88.884
WT 19500 GVT 67283.0 COM 24432 TH (com per msec) 48.864 MAX TH 88.884
WT 20000 GVT 69100.1 COM 24427 TH (com per msec) 48.854 MAX TH 88.884
WT 20500 GVT 70919.0 COM 24432 TH (com per msec) 48.864 MAX TH 88.884
WT 21000 GVT 72737.0 COM 24430 TH (com per msec) 48.86 MAX TH 88.884
WT 21500 GVT 74555.0 COM 24429 TH (com per msec) 48.858 MAX TH 88.884
WT 22000 GVT 76374.0 COM 24437 TH (com per msec) 48.874 MAX TH 88.884
WT 22500 GVT 78192.0 COM 24430 TH (com per msec) 48.86 MAX TH 88.884
WT 23000 GVT 80010.0 COM 24429 TH (com per msec) 48.858 MAX TH 88.884
WT 23500 GVT 81828.0 COM 24429 TH (com per msec) 48.858 MAX TH 88.884
WT 24000 GVT 83646.0 COM 24430 TH (com per msec) 48.86 MAX TH 88.884
WT 24500 GVT 85464.1 COM 24445 TH (com per msec) 48.89 MAX TH 88.884
WT 25000 GVT 87283.0 COM 24432 TH (com per msec) 48.864 MAX TH 88.884
WT 25500 GVT 89100.1 COM 24427 TH (com per msec) 48.854 MAX TH 88.884
WT 26000 GVT 90919.0 COM 24432 TH (com per msec) 48.864 MAX TH 88.884
WT 26500 GVT 92737.0 COM 24430 TH (com per msec) 48.86 MAX TH 88.884
WT 27000 GVT 94555.0 COM 24429 TH (com per msec) 48.858 MAX TH 88.884
WT 27500 GVT 96374.0 COM 24437 TH (com per msec) 48.874 MAX TH 88.884
WT 28000 GVT 98192.0 COM 24430 TH (com per msec) 48.86 MAX TH 88.884
WT 28500 GVT 100010.0 COM 24429 TH (com per msec) 48.858 MAX TH 88.884
WT 29000 GVT 101828.0 COM 24429 TH (com per msec) 48.858 MAX TH 88.884
WT 29500 GVT 103646.0 COM 24430 TH (com per msec) 48.86 MAX TH 88.884
WT 30000 GVT 105464.1 COM 24445 TH (com per msec) 48.89 MAX TH 88.884
WT 30500 GVT 107283.0 COM 24432 TH (com per msec) 48.864 MAX TH 88.884
WT 31000 GVT 109100.1 COM 24427 TH (com per msec) 48.854 MAX TH 88.884
WT 31500 GVT 110919.0 COM 24432 TH (com per msec) 48.864 MAX TH 88.884
WT 32000 GVT 112737.0 COM 24430 TH (com per msec) 48.86 MAX TH 88.884
WT 32500 GVT 114555.0 COM 24429 TH (com per msec) 48.858 MAX TH 88.884
WT 33000 GVT 116374.0 COM 24441 TH (com per msec) 48.882 MAX TH 88.884
WT 33500 GVT 118192.0 COM 24430 TH (com per msec) 48.86 MAX TH 88.884
WT 34000 GVT 120010.0 COM 24429 TH (com per msec) 48.858 MAX TH 88.884
WT 34500 GVT 121828.0 COM 24429 TH (com per msec) 48.858 MAX TH 88.884
WT 35000 GVT 123646.0 COM 24430 TH (com per msec) 48.86 MAX TH 88.884
WT 35500 GVT 125464.1 COM 24445 TH (com per msec) 48.89 MAX TH 88.884
WT 36000 GVT 127283.0 COM 24432 TH (com per msec) 48.864 MAX TH 88.884
WT 36500 GVT 129100.1 COM 24427 TH (com per msec) 48.854 MAX TH 88.884
WT 37000 GVT 130919.0 COM 24432 TH (com per msec) 48.864 MAX TH 88.884
WT 37500 GVT 132737.0 COM 24430 TH (com per msec) 48.86 MAX TH 88.884
WT 38000 GVT 134555.0 COM 24429 TH (com per msec) 48.858 MAX TH 88.884
WT 38500 GVT 136374.0 COM 24437 TH (com per msec) 48.874 MAX TH 88.884
WT 39000 GVT 138192.0 COM 24430 TH (com per msec) 48.86 MAX TH 88.884
WT 39500 GVT 140010.0 COM 24430 TH (com per msec) 48.86 MAX TH 88.884
WT 40000 GVT 141828.0 COM 24429 TH (com per msec) 48.858 MAX TH 88.884
WT 40500 GVT 143646.0 COM 24429 TH (com per msec) 48.858 MAX TH 88.884
WT 41000 GVT 145464.0 COM 24430 TH (com per msec) 48.86 MAX TH 88.884
WT 41500 GVT 147283.0 COM 24448 TH (com per msec) 48.896 MAX TH 88.884
WT 42000 GVT 149100.1 COM 24426 TH (com per msec) 48.852 MAX TH 88.884
WT 42500 GVT 150919.0 COM 24433 TH (com per msec) 48.866 MAX TH 88.884
WT 43000 GVT 152737.0 COM 24429 TH (com per msec) 48.858 MAX TH 88.884
WT 43500 GVT 154555.0 COM 24429 TH (com per msec) 48.858 MAX TH 88.884
WT 44000 GVT 156374.0 COM 24438 TH (com per msec) 48.876 MAX TH 88.884
WT 44500 GVT 158192.0 COM 24429 TH (com per msec) 48.858 MAX TH 88.884
WT 45000 GVT 160010.0 COM 24430 TH (com per msec) 48.86 MAX TH 88.884
WT 45500 GVT 161828.0 COM 24429 TH (com per msec) 48.858 MAX TH 88.884
WT 46000 GVT 163646.0 COM 24429 TH (com per msec) 48.858 MAX TH 88.884
WT 46500 GVT 165464.0 COM 24430 TH (com per msec) 48.86 MAX TH 88.884
WT 47000 GVT 167283.0 COM 24448 TH (com per msec) 48.896 MAX TH 88.884
WT 47500 GVT 169100.1 COM 24426 TH (com per msec) 48.852 MAX TH 88.884
WT 48000 GVT 170919.0 COM 24433 TH (com per msec) 48.866 MAX TH 88.884
WT 48500 GVT 172737.0 COM 24429 TH (com per msec) 48.858 MAX TH 88.884
WT 49000 GVT 174555.0 COM 24429 TH (com per msec) 48.858 MAX TH 88.884
WT 49500 GVT 176374.0 COM 24438 TH (com per msec) 48.876 MAX TH 88.884
WT 50000 GVT 178192.0 COM 24429 TH (com per msec) 48.858 MAX TH 88.884
WT 50500 GVT 180010.0 COM 24430 TH (com per msec) 48.86 MAX TH 88.884
WT 51000 GVT 181828.0 COM 24429 TH (com per msec) 48.858 MAX TH 88.884
WT 51500 GVT 183646.0 COM 24429 TH (com per msec) 48.858 MAX TH 88.884
WT 52000 GVT 185464.0 COM 24430 TH (com per msec) 48.86 MAX TH 88.884
WT 52500 GVT 187283.0 COM 24448 TH (com per msec) 48.896 MAX TH 88.884
WT 53000 GVT 189100.1 COM 24426 TH (com per msec) 48.852 MAX TH 88.884
WT 53500 GVT 190919.0 COM 24433 TH (com per msec) 48.866 MAX TH 88.884
WT 54000 GVT 192737.0 COM 24429 TH (com per msec) 48.858 MAX TH 88.884
WT 54500 GVT 194555.0 COM 24429 TH (com per msec) 48.858 MAX TH 88.884
WT 55000 GVT 196374.0 COM 24438 TH (com per msec) 48.876 MAX TH 88.884
WT 55500 GVT 198192.0 COM 24429 TH (com per msec) 48.858 MAX TH 88.884
WT 56000 GVT 200010.0 COM 24430 TH (com per msec) 48.86 MAX TH 88.884
WT 56500 GVT 201828.0 COM 24429 TH (com per msec) 48.858 MAX TH 88.884
WT 57000 GVT 203646.0 COM 24429 TH (com per msec) 48.858 MAX TH 88.884
WT 57500 GVT 205464.0 COM 24430 TH (com per msec) 48.86 MAX TH 88.884
WT 58000 GVT 207283.0 COM 24448 TH (com per msec) 48.896 MAX TH 88.884
WT 58500 GVT 209100.1 COM 24426 TH (com per msec) 48.852 MAX TH 88.884
WT 59000 GVT 210919.0 COM 24433 TH (com per msec) 48.866 MAX TH 88.884
WT 59500 GVT 212737.0 COM 24429 TH (com per msec) 48.858 MAX TH 88.884
WT 60000 GVT 214555.0 COM 24429 TH (com per msec) 48.858 MAX TH 88.884
WT 60500 GVT 216374.0 COM 24438 TH (com per msec) 48.876 MAX TH 88.884
WT 61000 GVT 218192.0 COM 24429 TH (com per msec) 48.858 MAX TH 88.884
WT 61500 GVT 220010.0 COM 24430 TH (com per msec) 48.86 MAX TH 88.884
WT 62000 GVT 221828.0 COM 24429 TH (com per msec) 48.858 MAX TH 88.884
WT 62500 GVT 223646.0 COM 24429 TH (com per msec) 48.858 MAX TH 88.884
WT 63000 GVT 225464.0 COM 24430 TH (com per msec) 48.86 MAX TH 88.884
WT 63500 GVT 227283.0 COM 24448 TH (com per msec) 48.896 MAX TH 88.884
WT 64000 GVT 229100.1 COM 24426 TH (com per msec) 48.852 MAX TH 88.884
WT 64500 GVT 230919.0 COM 24433 TH (com per msec) 48.866 MAX TH 88.884
WT 65000 GVT 232737.0 COM 24429 TH (com per msec) 48.858 MAX TH 88.884
WT 65500 GVT 234555.0 COM 24429 TH (com per msec) 48.858 MAX TH 88.884
WT 66000 GVT 236374.0 COM 24438 TH (com per msec) 48.876 MAX TH 88.884
WT 66500 GVT 238192.0 COM 24429 TH (com per msec) 48.858 MAX TH 88.884
WT 67000 GVT 240010.0 COM 24430 TH (com per msec) 48.86 MAX TH 88.884
WT 67500 GVT 241828.0 COM 24429 TH (com per msec) 48.858 MAX TH 88.884
WT 68000 GVT 243646.0 COM 24429 TH (com per msec) 48.858 MAX TH 88.884
WT 68500 GVT 245464.0 COM 24430 TH (com per msec) 48.86 MAX TH 88.884
WT 69000 GVT 247283.0 COM 24448 TH (com per msec) 48.896 MAX TH 88.884
WT 69500 GVT 249100.1 COM 24426 TH (com per msec) 48.852 MAX TH 88.884
WT 70000 GVT 250919.0 COM 24433 TH (com per msec) 48.866 MAX TH 88.884
WT 70500 GVT 252737.0 COM 24429 TH (com per msec) 48.858 MAX TH 88.884
WT 71000 GVT 254555.0 COM 24429 TH (com per msec) 48.858 MAX TH 88.884
WT 71500 GVT 256374.0 COM 24438 TH (com per msec) 48.876 MAX TH 88.884
WT 72000 GVT 258192.0 COM 24429 TH (com per msec) 48.858 MAX TH 88.884
WT 72500 GVT 260010.0 COM 24430 TH (com per msec) 48.86 MAX TH 88.884
WT 73000 GVT 261828.0 COM 24429 TH (com per msec) 48.858 MAX TH 88.884
WT 73500 GVT 263646.0 COM 24429 TH (com per msec) 48.858 MAX TH 88.884
WT 74000 GVT 265464.1 COM 24445 TH (com per msec) 48.89 MAX TH 88.884
WT 74500 GVT 267283.0 COM 24432 TH (com per msec) 48.864 MAX TH 88.884
WT 75000 GVT 269100.1 COM 24427 TH (com per msec) 48.854 MAX TH 88.884
WT 75500 GVT 270919.0 COM 24432 TH (com per msec) 48.864 MAX TH 88.884
WT 76000 GVT 272737.0 COM 24430 TH (com per msec) 48.86 MAX TH 88.884
WT 76500 GVT 274555.0 COM 24429 TH (com per msec) 48.858 MAX TH 88.884
WT 77000 GVT 276374.0 COM 24437 TH (com per msec) 48.874 MAX TH 88.884
WT 77500 GVT 278192.0 COM 24430 TH (com per msec) 48.86 MAX TH 88.884
WT 78000 GVT 280010.0 COM 24429 TH (com per msec) 48.858 MAX TH 88.884
WT 78500 GVT 281828.0 COM 24429 TH (com per msec) 48.858 MAX TH 88.884
WT 79000 GVT 283646.0 COM 24430 TH (com per msec) 48.86 MAX TH 88.884
WT 79500 GVT 285464.1 COM 24445 TH (com per msec) 48.89 MAX TH 88.884
WT 80000 GVT 287283.0 COM 24432 TH (com per msec) 48.864 MAX TH 88.884
WT 80500 GVT 289100.1 COM 24427 TH (com per msec) 48.854 MAX TH 88.884
WT 81000 GVT 290919.0 COM 24432 TH (com per msec) 48.864 MAX TH 88.884
WT 81500 GVT 292737.0 COM 24430 TH (com per msec) 48.86 MAX TH 88.884
WT 82000 GVT 294555.0 COM 24429 TH (com per msec) 48.858 MAX TH 88.884
WT 82500 GVT 296374.0 COM 24437 TH (com per msec) 48.874 MAX TH 88.884
WT 83000 GVT 298192.0 COM 24430 TH (com per msec) 48.86 MAX TH 88.884
WT 83500 GVT 300010.0 COM 24429 TH (com per msec) 48.858 MAX TH 88.884
WT 84000 GVT 301828.0 COM 24429 TH (com per msec) 48.858 MAX TH 88.884
WT 84500 GVT 303646.0 COM 24430 TH (com per msec) 48.86 MAX TH 88.884
WT 85000 GVT 305464.1 COM 24445 TH (com per msec) 48.89 MAX TH 88.884
WT 85500 GVT 307283.0 COM 24432 TH (com per msec) 48.864 MAX TH 88.884
WT 86000 GVT 309100.1 COM 24427 TH (com per msec) 48.854 MAX TH 88.884
WT 86500 GVT 310919.0 COM 24432 TH (com per msec) 48.864 MAX TH 88.884
WT 87000 GVT 312737.0 COM 24430 TH (com per msec) 48.86 MAX TH 88.884
WT 87500 GVT 314555.0 COM 24429 TH (com per msec) 48.858 MAX TH 88.884
WT 88000 GVT 316374.0 COM 24437 TH (com per msec) 48.874 MAX TH 88.884
WT 88500 GVT 318192.0 COM 24430 TH (com per msec) 48.86 MAX TH 88.884
WT 89000 GVT 320010.0 COM 24429 TH (com per msec) 48.858 MAX TH 88.884
WT 89500 GVT 321828.0 COM 24429 TH (com per msec) 48.858 MAX TH 88.884
WT 90000 GVT 323646.0 COM 24430 TH (com per msec) 48.86 MAX TH 88.884
WT 90500 GVT 325464.1 COM 24445 TH (com per msec) 48.89 MAX TH 88.884
WT 91000 GVT 327283.0 COM 24432 TH (com per msec) 48.864 MAX TH 88.884
WT 91500 GVT 329100.1 COM 24427 TH (com per msec) 48.854 MAX TH 88.884
WT 92000 GVT 330919.0 COM 24432 TH (com per msec) 48.864 MAX TH 88.884
WT 92500 GVT 332737.0 COM 24430 TH (com per msec) 48.86 MAX TH 88.884
WT 93000 GVT 334555.0 COM 24429 TH (com per msec) 48.858 MAX TH 88.884
WT 93500 GVT 336374.0 COM 24437 TH (com per msec) 48.874 MAX TH 88.884
WT 94000 GVT 338192.0 COM 24430 TH (com per msec) 48.86 MAX TH 88.884
WT 94500 GVT 340010.0 COM 24429 TH (com per msec) 48.858 MAX TH 88.884
WT 95000 GVT 341828.0 COM 24429 TH (com per msec) 48.858 MAX TH 88.884
WT 95500 GVT 343646.0 COM 24430 TH (com per msec) 48.86 MAX TH 88.884
WT 96000 GVT 345464.1 COM 24445 TH (com per msec) 48.89 MAX TH 88.884
WT 96500 GVT 347283.0 COM 24432 TH (com per msec) 48.864 MAX TH 88.884
WT 97000 GVT 349100.1 COM 24427 TH (com per msec) 48.854 MAX TH 88.884
WT 97500 GVT 350919.0 COM 24432 TH (com per msec) 48.864 MAX TH 88.884
WT 98000 GVT 352737.0 COM 24430 TH (com per msec) 48.86 MAX TH 88.884
WT 98500 GVT 354555.0 COM 24429 TH (com per msec) 48.858 MAX TH 88.884
WT 99000 GVT 356374.0 COM 24437 TH (com per msec) 48.874 MAX TH 88.884
WT 99500 GVT 358192.0 COM 24430 TH (com per msec) 48.86 MAX TH 88.884
WT 100000 GVT 360010.0 COM 24429 TH (com per msec) 48.858 MAX TH 88.884
WT 100500 GVT 361828.0 COM 24429 TH (com per msec) 48.858 MAX TH 88.884
WT 101000 GVT 363646.0 COM 24430 TH (com per msec) 48.86 MAX TH 88.884
WT 101500 GVT 365464.1 COM 24445 TH (com per msec) 48.89 MAX TH 88.884
WT 102000 GVT 367283.0 COM 24432 TH (com per msec) 48.864 MAX TH 88.884
WT 102500 GVT 369100.1 COM 24427 TH (com per msec) 48.854 MAX TH 88.884
WT 103000 GVT 370919.0 COM 24432 TH (com per msec) 48.864 MAX TH 88.884
WT 103500 GVT 372737.0 COM 24430 TH (com per msec) 48.86 MAX TH 88.884
WT 104000 GVT 374555.0 COM 24429 TH (com per msec) 48.858 MAX TH 88.884
WT 104500 GVT 376374.0 COM 24437 TH (com per msec) 48.874 MAX TH 88.884
WT 105000 GVT 378192.0 COM 24430 TH (com per msec) 48.86 MAX TH 88.884
WT 105500 GVT 380010.0 COM 24429 TH (com per msec) 48.858 MAX TH 88.884
WT 106000 GVT 381828.0 COM 24429 TH (com per msec) 48.858 MAX TH 88.884
WT 106500 GVT 383646.0 COM 24430 TH (com per msec) 48.86 MAX TH 88.884
WT 107000 GVT 385464.1 COM 24445 TH (com per msec) 48.89 MAX TH 88.884
WT 107500 GVT 387283.0 COM 24432 TH (com per msec) 48.864 MAX TH 88.884
WT 108000 GVT 389100.1 COM 24427 TH (com per msec) 48.854 MAX TH 88.884
WT 108500 GVT 390919.0 COM 24432 TH (com per msec) 48.864 MAX TH 88.884
WT 109000 GVT 392737.0 COM 24430 TH (com per msec) 48.86 MAX TH 88.884
WT 109500 GVT 394555.0 COM 24429 TH (com per msec) 48.858 MAX TH 88.884
WT 110000 GVT 396374.0 COM 24437 TH (com per msec) 48.874 MAX TH 88.884
WT 110500 GVT 398192.0 COM 24430 TH (com per msec) 48.86 MAX TH 88.884
WT 111000 GVT 400010.0 COM 24429 TH (com per msec) 48.858 MAX TH 88.884
WT 111500 GVT 401828.0 COM 24429 TH (com per msec) 48.858 MAX TH 88.884
WT 112000 GVT 403646.0 COM 24430 TH (com per msec) 48.86 MAX TH 88.884
WT 112500 GVT 405464.1 COM 24445 TH (com per msec) 48.89 MAX TH 88.884
WT 113000 GVT 407283.0 COM 24432 TH (com per msec) 48.864 MAX TH 88.884
WT 113500 GVT 409100.1 COM 24427 TH (com per msec) 48.854 MAX TH 88.884
WT 114000 GVT 410919.0 COM 24432 TH (com per msec) 48.864 MAX TH 88.884
WT 114500 GVT 412737.0 COM 24430 TH (com per msec) 48.86 MAX TH 88.884
WT 115000 GVT 414555.0 COM 24429 TH (com per msec) 48.858 MAX TH 88.884
WT 115500 GVT 416374.0 COM 24437 TH (com per msec) 48.874 MAX TH 88.884
WT 116000 GVT 418192.0 COM 24430 TH (com per msec) 48.86 MAX TH 88.884
WT 116500 GVT 420010.0 COM 24429 TH (com per msec) 48.858 MAX TH 88.884
WT 117000 GVT 421828.0 COM 24429 TH (com per msec) 48.858 MAX TH 88.884
WT 117500 GVT 423646.0 COM 24430 TH (com per msec) 48.86 MAX TH 88.884
WT 118000 GVT 425464.1 COM 24445 TH (com per msec) 48.89 MAX TH 88.884
WT 118500 GVT 427283.0 COM 24432 TH (com per msec) 48.864 MAX TH 88.884
WT 119000 GVT 429100.1 COM 24427 TH (com per msec) 48.854 MAX TH 88.884
WT 119500 GVT 430919.0 COM 24432 TH (com per msec) 48.864 MAX TH 88.884
WT 120000 GVT 432737.0 COM 24430 TH (com per msec) 48.86 MAX TH 88.884
WT 120500 GVT 434555.0 COM 24429 TH (com per msec) 48.858 MAX TH 88.884
WT 121000 GVT 436374.0 COM 24437 TH (com per msec) 48.874 MAX TH 88.884
WT 121500 GVT 438192.0 COM 24430 TH (com per msec) 48.86 MAX TH 88.884
WT 122000 GVT 440010.0 COM 24429 TH (com per msec) 48.858 MAX TH 88.884
WT 122500 GVT 441828.0 COM 24429 TH (com per msec) 48.858 MAX TH 88.884
WT 123000 GVT 443646.0 COM 24430 TH (com per msec) 48.86 MAX TH 88.884
WT 123500 GVT 445464.1 COM 24445 TH (com per msec) 48.89 MAX TH 88.884
WT 124000 GVT 447283.0 COM 24432 TH (com per msec) 48.864 MAX TH 88.884
WT 124500 GVT 449100.1 COM 24427 TH (com per msec) 48.854 MAX TH 88.884
WT 125000 GVT 450919.0 COM 24432 TH (com per msec) 48.864 MAX TH 88.884
WT 125500 GVT 452737.0 COM 24430 TH (com per msec) 48.86 MAX TH 88.884
WT 126000 GVT 454555.0 COM 24429 TH (com per msec) 48.858 MAX TH 88.884
WT 126500 GVT 456374.0 COM 24437 TH (com per msec) 48.874 MAX TH 88.884
WT 127000 GVT 458192.0 COM 24430 TH (com per msec) 48.86 MAX TH 88.884
WT 127500 GVT 460010.0 COM 24429 TH (com per msec) 48.858 MAX TH 88.884
WT 128000 GVT 461828.0 COM 24429 TH (com per msec) 48.858 MAX TH 88.884
WT 128500 GVT 463646.0 COM 24430 TH (com per msec) 48.86 MAX TH 88.884
WT 129000 GVT 465464.1 COM 24445 TH (com per msec) 48.89 MAX TH 88.884
WT 129500 GVT 467283.0 COM 24432 TH (com per msec) 48.864 MAX TH 88.884
WT 130000 GVT 469100.1 COM 24427 TH (com per msec) 48.854 MAX TH 88.884
WT 130500 GVT 470919.0 COM 24432 TH (com per msec) 48.864 MAX TH 88.884
WT 131000 GVT 472737.0 COM 24430 TH (com per msec) 48.86 MAX TH 88.884
WT 131500 GVT 474555.0 COM 24429 TH (com per msec) 48.858 MAX TH 88.884
WT 132000 GVT 476374.0 COM 24437 TH (com per msec) 48.874 MAX TH 88.884
WT 132500 GVT 478192.0 COM 24430 TH (com per msec) 48.86 MAX TH 88.884
WT 133000 GVT 480010.0 COM 24429 TH (com per msec) 48.858 MAX TH 88.884
WT 133500 GVT 481828.0 COM 24429 TH (com per msec) 48.858 MAX TH 88.884
WT 134000 GVT 483646.0 COM 24430 TH (com per msec) 48.86 MAX TH 88.884
WT 134500 GVT 485464.1 COM 24445 TH (com per msec) 48.89 MAX TH 88.884
WT 135000 GVT 487283.0 COM 24432 TH (com per msec) 48.864 MAX TH 88.884
WT 135500 GVT 489100.1 COM 24427 TH (com per msec) 48.854 MAX TH 88.884
WT 136000 GVT 490919.0 COM 24432 TH (com per msec) 48.864 MAX TH 88.884
WT 136500 GVT 492737.0 COM 24430 TH (com per msec) 48.86 MAX TH 88.884
WT 137000 GVT 494555.0 COM 24429 TH (com per msec) 48.858 MAX TH 88.884
WT 137500 GVT 496374.0 COM 24437 TH (com per msec) 48.874 MAX TH 88.884
WT 138000 GVT 498192.0 COM 24430 TH (com per msec) 48.86 MAX TH 88.884
ENDED TRACE FOR Actor(id:5,lvt:499999.0,next:inf)
END SIMULATION LOOP QUEUE EMPTY False @ CAN_END True @ WT 138495.75999434738 @ GVT 499995.0
