hardware.py found
loading hardware.py from metasimulation/simulation_6-small-hotspot/hardware.py into module hardware
global_constants.py found
loading global_constants.py from metasimulation/simulation_6-small-hotspot/global_constants.py into module global_constants
trace found (metasimulation/simulation_6-small-hotspot/trace_1000.0s_200.0b_200.0i_64actors_10.0imb_12.0rate.trace)
Loading trace metasimulation/simulation_6-small-hotspot/trace_1000.0s_200.0b_200.0i_64actors_10.0imb_12.0rate.trace...Done
Building annoyance_matrix and communication_matrix for 64 actors...Done
Loading hardware configuration...Done
Building computing units...Done
Building assignment...['cpu_0', 'cpu_1', 'cpu_2', 'cpu_3', 'cpu_4', 'cpu_5', 'cpu_6', 'cpu_7', 'fpga_0', 'gpu_0', 'gpu_1', 'cpu_0', 'cpu_1', 'cpu_2', 'cpu_3', 'cpu_4', 'cpu_5', 'cpu_6', 'cpu_7', 'fpga_0', 'gpu_0', 'gpu_1', 'cpu_0', 'cpu_1', 'cpu_2', 'cpu_3', 'cpu_4', 'cpu_5', 'cpu_6', 'cpu_7', 'fpga_0', 'gpu_0', 'gpu_1', 'cpu_0', 'cpu_1', 'cpu_2', 'cpu_3', 'cpu_4', 'cpu_5', 'cpu_6', 'cpu_7', 'fpga_0', 'gpu_0', 'gpu_1', 'cpu_0', 'cpu_1', 'cpu_2', 'cpu_3', 'cpu_4', 'cpu_5', 'cpu_6', 'cpu_7', 'fpga_0', 'gpu_0', 'gpu_1', 'cpu_0', 'cpu_1', 'cpu_2', 'cpu_3', 'cpu_4', 'cpu_5', 'cpu_6', 'cpu_7', 'fpga_0']
done
Populate device queue with new actors...done
Populate simulator queue...done
initialize Metis...done
WT 500 GVT 2.9437 COM 3331 TH (com per msec) 6.662 MAX TH 0
WT 1000 GVT 3.5067 COM 972 TH (com per msec) 1.944 MAX TH 0
WT 1500 GVT 3.5589 COM 356 TH (com per msec) 0.712 MAX TH 0
WT 2000 GVT 3.1377 COM 137 TH (com per msec) 0.274 MAX TH 0
WT 2500 GVT 4.4318 COM 2122 TH (com per msec) 4.244 MAX TH 0
new binding: ['cpu_1', 'cpu_4', 'cpu_5', 'cpu_3', 'cpu_1', 'cpu_0', 'cpu_0', 'cpu_0', 'cpu_5', 'cpu_4', 'cpu_5', 'cpu_6', 'cpu_1', 'cpu_0', 'cpu_0', 'cpu_1', 'cpu_2', 'cpu_1', 'cpu_0', 'cpu_3', 'cpu_0', 'cpu_2', 'cpu_5', 'fpga_0', 'cpu_6', 'cpu_7', 'cpu_1', 'cpu_0', 'cpu_2', 'cpu_1', 'cpu_3', 'cpu_1', 'fpga_0', 'gpu_0', 'gpu_0', 'cpu_4', 'cpu_0', 'cpu_6', 'cpu_0', 'cpu_3', 'cpu_0', 'cpu_0', 'cpu_2', 'cpu_1', 'cpu_1', 'cpu_7', 'cpu_3', 'gpu_0', 'cpu_0', 'cpu_1', 'cpu_0', 'cpu_1', 'cpu_4', 'cpu_1', 'fpga_0', 'cpu_0', 'cpu_1', 'cpu_6', 'cpu_2', 'cpu_0', 'cpu_2', 'cpu_7', 'cpu_7', 'cpu_1'] renamed below
WT 3000 GVT 8.5242 COM 5328 TH (com per msec) 10.656 MAX TH 0
WT 3500 GVT 8.9563 COM 1074 TH (com per msec) 2.148 MAX TH 0
WT 4000 GVT 9.0315 COM 1064 TH (com per msec) 2.128 MAX TH 0
hardware.py found
loading hardware.py from metasimulation/simulation_6-small-hotspot/hardware.py into module hardware
global_constants.py found
loading global_constants.py from metasimulation/simulation_6-small-hotspot/global_constants.py into module global_constants
trace found (metasimulation/simulation_6-small-hotspot/trace_1000.0s_200.0b_200.0i_64actors_10.0imb_12.0rate.trace)
Loading trace metasimulation/simulation_6-small-hotspot/trace_1000.0s_200.0b_200.0i_64actors_10.0imb_12.0rate.trace...Done
Building annoyance_matrix and communication_matrix for 64 actors...Done
Loading hardware configuration...Done
Building computing units...Done
Building assignment...['cpu_0', 'cpu_1', 'cpu_2', 'cpu_3', 'cpu_0', 'cpu_4', 'cpu_4', 'cpu_4', 'cpu_2', 'cpu_1', 'cpu_2', 'cpu_5', 'cpu_0', 'cpu_4', 'cpu_4', 'cpu_0', 'cpu_6', 'cpu_0', 'cpu_4', 'cpu_3', 'cpu_4', 'cpu_6', 'cpu_2', 'fpga_0', 'cpu_5', 'cpu_7', 'cpu_0', 'cpu_4', 'cpu_6', 'cpu_0', 'cpu_3', 'cpu_0', 'fpga_0', 'gpu_0', 'gpu_0', 'cpu_1', 'cpu_4', 'cpu_5', 'cpu_4', 'cpu_3', 'cpu_4', 'cpu_4', 'cpu_6', 'cpu_0', 'cpu_0', 'cpu_7', 'cpu_3', 'gpu_0', 'cpu_4', 'cpu_0', 'cpu_4', 'cpu_0', 'cpu_1', 'cpu_0', 'fpga_0', 'cpu_4', 'cpu_0', 'cpu_5', 'cpu_6', 'cpu_4', 'cpu_6', 'cpu_7', 'cpu_7', 'cpu_0', 'cpu_0', 'cpu_1', 'cpu_2', 'cpu_3', 'cpu_4', 'cpu_5', 'cpu_6', 'cpu_7', 'fpga_0', 'gpu_0', 'gpu_1', 'cpu_0', 'cpu_1', 'cpu_2', 'cpu_3', 'cpu_4', 'cpu_5', 'cpu_6', 'cpu_7', 'fpga_0', 'gpu_0', 'gpu_1', 'cpu_0', 'cpu_1', 'cpu_2', 'cpu_3', 'cpu_4', 'cpu_5', 'cpu_6', 'cpu_7', 'fpga_0', 'gpu_0', 'gpu_1', 'cpu_0', 'cpu_1', 'cpu_2', 'cpu_3', 'cpu_4', 'cpu_5', 'cpu_6', 'cpu_7', 'fpga_0', 'gpu_0', 'gpu_1', 'cpu_0', 'cpu_1', 'cpu_2', 'cpu_3', 'cpu_4', 'cpu_5', 'cpu_6', 'cpu_7', 'fpga_0', 'gpu_0', 'gpu_1', 'cpu_0', 'cpu_1', 'cpu_2', 'cpu_3', 'cpu_4', 'cpu_5', 'cpu_6', 'cpu_7', 'fpga_0']
done
Populate device queue with new actors...