hardware.py found
loading hardware.py from metasimulation/simulation_2-ring/hardware.py into module hardware
global_constants.py found
loading global_constants.py from metasimulation/simulation_2-ring/global_constants.py into module global_constants
trace found (metasimulation/simulation_2-ring/lp_8-end_time_500000-fanout_10.trace)
Loading trace metasimulation/simulation_2-ring/lp_8-end_time_500000-fanout_10.trace...Done
Building annoyance_matrix and communication_matrix for 8 actors...Done
Loading hardware configuration...Done
Building computing units...Done
Building assignment...['cpu_0', 'cpu_1', 'fpga_0', 'gpu_0', 'cpu_0', 'cpu_1', 'fpga_0', 'gpu_0']
done
Populate device queue with new actors...done
Populate simulator queue...done
loading ground truth metasimulation/simulation_2-ring/lp_8-end_time_500000-fanout_10.trace.solutions...end
Found optimal solution 82.24
initialize DDM...done
BEGIN SIMULATION LOOP
WT 500 GVT 3805.0 COM 34502 TH (com per msec) 69.004 MAX TH 82.24
WT 1000 GVT 7606.0 COM 34491 TH (com per msec) 68.982 MAX TH 82.24
WT 1500 GVT 11409.0 COM 34509 TH (com per msec) 69.018 MAX TH 82.24
WT 2000 GVT 15210.0 COM 34493 TH (com per msec) 68.986 MAX TH 82.24
WT 2500 GVT 19010.0 COM 34485 TH (com per msec) 68.97 MAX TH 82.24
{{0, 21601}, {477, 1901}, {0, 0}, {0, 0}, {0, 0}, {0, 0}, {0, 0}, {0, 0}}
{{0, 0}, {0, 21385}, {474, 1901}, {0, 0}, {0, 0}, {0, 0}, {0, 0}, {0, 0}}
{{0, 0}, {0, 0}, {0, 19870}, {712, 1901}, {0, 0}, {0, 0}, {0, 0}, {0, 0}}
{{0, 0}, {0, 0}, {0, 0}, {0, 20727}, {945, 1901}, {0, 0}, {0, 0}, {0, 0}}
{{0, 0}, {0, 0}, {0, 0}, {0, 0}, {0, 21600}, {476, 1901}, {0, 0}, {0, 0}}
{{0, 0}, {0, 0}, {0, 0}, {0, 0}, {0, 0}, {0, 21386}, {474, 1901}, {0, 0}}
{{0, 0}, {0, 0}, {0, 0}, {0, 0}, {0, 0}, {0, 0}, {0, 19871}, {712, 1901}}
{{940, 1901}, {0, 0}, {0, 0}, {0, 0}, {0, 0}, {0, 0}, {0, 0}, {0, 20723}}
task_forecast [22541, 21861, 20345, 21440, 22546, 21861, 20345, 21435]
capacity [45537, 44159, 41096, 43303]
task_forecast [22541, 21861, 20345, 21440, 22546, 21861, 20345, 21435]
new binding: ['cpu_0', 'cpu_1', 'fpga_0', 'gpu_0', 'gpu_0', 'cpu_1', 'fpga_0', 'cpu_0'] renamed below
new binding: ['cpu_0', 'cpu_1', 'fpga_0', 'gpu_0', 'gpu_0', 'cpu_1', 'fpga_0', 'cpu_0'] expected th 74.773 vs max th 82.24
WT 3000 GVT 23147.0 COM 37245 TH (com per msec) 74.49 MAX TH 82.24
WT 3500 GVT 27290.0 COM 37290 TH (com per msec) 74.58 MAX TH 82.24
WT 4000 GVT 31434.0 COM 37312 TH (com per msec) 74.624 MAX TH 82.24
WT 4500 GVT 35579.0 COM 37308 TH (com per msec) 74.616 MAX TH 82.24
WT 5000 GVT 39723.0 COM 37309 TH (com per msec) 74.618 MAX TH 82.24
{{0, 42337}, {728, 3972}, {0, 0}, {0, 0}, {0, 0}, {0, 0}, {0, 0}, {0, 0}}
{{0, 0}, {0, 42368}, {734, 3972}, {0, 0}, {0, 0}, {0, 0}, {0, 0}, {0, 0}}
{{0, 0}, {0, 0}, {0, 40845}, {2013, 3972}, {0, 0}, {0, 0}, {0, 0}, {0, 0}}
{{0, 0}, {0, 0}, {0, 0}, {0, 43420}, {953, 3972}, {0, 0}, {0, 0}, {0, 0}}
{{0, 0}, {0, 0}, {0, 0}, {0, 0}, {0, 42336}, {1109, 3972}, {0, 0}, {0, 0}}
{{0, 0}, {0, 0}, {0, 0}, {0, 0}, {0, 0}, {0, 42955}, {722, 3972}, {0, 0}}
{{0, 0}, {0, 0}, {0, 0}, {0, 0}, {0, 0}, {0, 0}, {0, 40834}, {2185, 3972}}
{{948, 3972}, {0, 0}, {0, 0}, {0, 0}, {0, 0}, {0, 0}, {0, 0}, {0, 44584}}
task_forecast [20745, 21235, 21235, 23993, 20744, 22204, 21211, 25334]
capacity [46546, 43873, 42870, 45177]
task_forecast [20745, 21235, 21235, 23993, 20744, 22204, 21211, 25334]
new binding: ['fpga_0', 'fpga_0', 'cpu_0', 'cpu_0', 'cpu_1', 'cpu_1', 'gpu_0', 'gpu_0'] renamed below
new binding: ['fpga_0', 'fpga_0', 'cpu_0', 'cpu_0', 'cpu_1', 'cpu_1', 'gpu_0', 'gpu_0'] expected th 78.252 vs max th 82.24
WT 5500 GVT 44099.0 COM 39091 TH (com per msec) 78.182 MAX TH 82.24
WT 6000 GVT 48478.0 COM 39120 TH (com per msec) 78.24 MAX TH 82.24
WT 6500 GVT 52858.0 COM 39128 TH (com per msec) 78.256 MAX TH 82.24
WT 7000 GVT 57237.0 COM 39120 TH (com per msec) 78.24 MAX TH 82.24
WT 7500 GVT 61617.0 COM 39128 TH (com per msec) 78.256 MAX TH 82.24
{{0, 65313}, {731, 6161}, {0, 0}, {0, 0}, {0, 0}, {0, 0}, {0, 0}, {0, 0}}
{{0, 0}, {0, 64262}, {1821, 6161}, {0, 0}, {0, 0}, {0, 0}, {0, 0}, {0, 0}}
{{0, 0}, {0, 0}, {0, 64551}, {2022, 6161}, {0, 0}, {0, 0}, {0, 0}, {0, 0}}
{{0, 0}, {0, 0}, {0, 0}, {0, 65329}, {1676, 6161}, {0, 0}, {0, 0}, {0, 0}}
{{0, 0}, {0, 0}, {0, 0}, {0, 0}, {0, 65311}, {1113, 6161}, {0, 0}, {0, 0}}
{{0, 0}, {0, 0}, {0, 0}, {0, 0}, {0, 0}, {0, 64855}, {1085, 6161}, {0, 0}}
{{0, 0}, {0, 0}, {0, 0}, {0, 0}, {0, 0}, {0, 0}, {0, 63092}, {2195, 6161}}
{{1672, 6161}, {0, 0}, {0, 0}, {0, 0}, {0, 0}, {0, 0}, {0, 0}, {0, 66496}}
task_forecast [23699, 21898, 24793, 21918, 23698, 21903, 22621, 21923]
capacity [47180, 46064, 46059, 44974]
task_forecast [23699, 21898, 24793, 21918, 23698, 21903, 22621, 21923]
new binding: ['gpu_0', 'gpu_0', 'gpu_0', 'gpu_0', 'gpu_0', 'gpu_0', 'gpu_0', 'gpu_0'] renamed below
new binding: ['gpu_0', 'gpu_0', 'gpu_0', 'gpu_0', 'gpu_0', 'gpu_0', 'gpu_0', 'gpu_0'] expected th 21.564 vs max th 82.24
WT 8000 GVT 62843.0 COM 10792 TH (com per msec) 21.584 MAX TH 82.24
WT 8500 GVT 64069.0 COM 10784 TH (com per msec) 21.568 MAX TH 82.24
WT 9000 GVT 65294.0 COM 10784 TH (com per msec) 21.568 MAX TH 82.24
WT 9500 GVT 66519.0 COM 10776 TH (com per msec) 21.552 MAX TH 82.24
WT 10000 GVT 67745.0 COM 10792 TH (com per msec) 21.584 MAX TH 82.24
{{0, 71441}, {731, 6774}, {0, 0}, {0, 0}, {0, 0}, {0, 0}, {0, 0}, {0, 0}}
{{0, 0}, {0, 70391}, {1821, 6774}, {0, 0}, {0, 0}, {0, 0}, {0, 0}, {0, 0}}
{{0, 0}, {0, 0}, {0, 70678}, {2022, 6774}, {0, 0}, {0, 0}, {0, 0}, {0, 0}}
{{0, 0}, {0, 0}, {0, 0}, {0, 71457}, {1676, 6774}, {0, 0}, {0, 0}, {0, 0}}
{{0, 0}, {0, 0}, {0, 0}, {0, 0}, {0, 71439}, {1113, 6774}, {0, 0}, {0, 0}}
{{0, 0}, {0, 0}, {0, 0}, {0, 0}, {0, 0}, {0, 70981}, {1085, 6774}, {0, 0}}
{{0, 0}, {0, 0}, {0, 0}, {0, 0}, {0, 0}, {0, 0}, {0, 69220}, {2195, 6774}}
{{1672, 6774}, {0, 0}, {0, 0}, {0, 0}, {0, 0}, {0, 0}, {0, 0}, {0, 72624}}
task_forecast [6128, 6128, 6126, 6128, 6127, 6126, 6128, 6128]
capacity [49019, 49019, 49019, 49509]
task_forecast [6128, 6128, 6126, 6128, 6127, 6126, 6128, 6128]
new binding: ['cpu_1', 'cpu_1', 'cpu_1', 'cpu_1', 'cpu_1', 'cpu_1', 'cpu_1', 'cpu_1'] renamed below
new binding: ['cpu_0', 'cpu_0', 'cpu_0', 'cpu_0', 'cpu_0', 'cpu_0', 'cpu_0', 'cpu_0'] expected th 21.564 vs max th 82.24
WT 10500 GVT 68970.0 COM 10776 TH (com per msec) 21.552 MAX TH 82.24
WT 11000 GVT 70196.0 COM 10792 TH (com per msec) 21.584 MAX TH 82.24
WT 11500 GVT 71421.0 COM 10784 TH (com per msec) 21.568 MAX TH 82.24
WT 12000 GVT 72647.0 COM 10784 TH (com per msec) 21.568 MAX TH 82.24
WT 12500 GVT 73872.0 COM 10784 TH (com per msec) 21.568 MAX TH 82.24
{{0, 77568}, {731, 7387}, {0, 0}, {0, 0}, {0, 0}, {0, 0}, {0, 0}, {0, 0}}
{{0, 0}, {0, 76518}, {1821, 7387}, {0, 0}, {0, 0}, {0, 0}, {0, 0}, {0, 0}}
{{0, 0}, {0, 0}, {0, 76806}, {2022, 7387}, {0, 0}, {0, 0}, {0, 0}, {0, 0}}
{{0, 0}, {0, 0}, {0, 0}, {0, 77584}, {1676, 7387}, {0, 0}, {0, 0}, {0, 0}}
{{0, 0}, {0, 0}, {0, 0}, {0, 0}, {0, 77566}, {1113, 7387}, {0, 0}, {0, 0}}
{{0, 0}, {0, 0}, {0, 0}, {0, 0}, {0, 0}, {0, 77109}, {1085, 7387}, {0, 0}}
{{0, 0}, {0, 0}, {0, 0}, {0, 0}, {0, 0}, {0, 0}, {0, 75347}, {2195, 7387}}
{{1672, 7387}, {0, 0}, {0, 0}, {0, 0}, {0, 0}, {0, 0}, {0, 0}, {0, 78752}}
task_forecast [6127, 6128, 6128, 6127, 6127, 6128, 6127, 6127]
capacity [49497, 12, 12, 12]
task_forecast [6127, 6128, 6128, 6127, 6127, 6128, 6127, 6127]
new binding: ['cpu_0', 'cpu_0', 'cpu_0', 'cpu_0', 'cpu_0', 'cpu_0', 'cpu_0', 'cpu_0'] renamed below
new binding: ['cpu_0', 'cpu_0', 'cpu_0', 'cpu_0', 'cpu_0', 'cpu_0', 'cpu_0', 'cpu_0'] expected th 21.564 vs max th 82.24
WT 13000 GVT 75098.0 COM 10784 TH (com per msec) 21.568 MAX TH 82.24
WT 13500 GVT 76323.0 COM 10784 TH (com per msec) 21.568 MAX TH 82.24
WT 14000 GVT 77549.0 COM 10784 TH (com per msec) 21.568 MAX TH 82.24
WT 14500 GVT 78774.0 COM 10784 TH (com per msec) 21.568 MAX TH 82.24
WT 15000 GVT 80000.0 COM 10784 TH (com per msec) 21.568 MAX TH 82.24
{{0, 83696}, {731, 8000}, {0, 0}, {0, 0}, {0, 0}, {0, 0}, {0, 0}, {0, 0}}
{{0, 0}, {0, 82646}, {1821, 8000}, {0, 0}, {0, 0}, {0, 0}, {0, 0}, {0, 0}}
{{0, 0}, {0, 0}, {0, 82933}, {2022, 8000}, {0, 0}, {0, 0}, {0, 0}, {0, 0}}
{{0, 0}, {0, 0}, {0, 0}, {0, 83711}, {1676, 8000}, {0, 0}, {0, 0}, {0, 0}}
{{0, 0}, {0, 0}, {0, 0}, {0, 0}, {0, 83693}, {1113, 8000}, {0, 0}, {0, 0}}
{{0, 0}, {0, 0}, {0, 0}, {0, 0}, {0, 0}, {0, 83236}, {1085, 8000}, {0, 0}}
{{0, 0}, {0, 0}, {0, 0}, {0, 0}, {0, 0}, {0, 0}, {0, 81475}, {2195, 8000}}
{{1672, 8000}, {0, 0}, {0, 0}, {0, 0}, {0, 0}, {0, 0}, {0, 0}, {0, 84879}}
task_forecast [6128, 6127, 6127, 6127, 6127, 6128, 6128, 6127]
capacity [49509, 49019, 49019, 49019]
task_forecast [6128, 6127, 6127, 6127, 6127, 6128, 6128, 6127]
new binding: ['cpu_1', 'cpu_1', 'cpu_1', 'cpu_1', 'cpu_1', 'cpu_1', 'cpu_1', 'cpu_1'] renamed below
new binding: ['cpu_0', 'cpu_0', 'cpu_0', 'cpu_0', 'cpu_0', 'cpu_0', 'cpu_0', 'cpu_0'] expected th 21.564 vs max th 82.24
WT 15500 GVT 81225.0 COM 10784 TH (com per msec) 21.568 MAX TH 82.24
WT 16000 GVT 82451.0 COM 10792 TH (com per msec) 21.584 MAX TH 82.24
WT 16500 GVT 83676.0 COM 10776 TH (com per msec) 21.552 MAX TH 82.24
WT 17000 GVT 84902.0 COM 10792 TH (com per msec) 21.584 MAX TH 82.24
WT 17500 GVT 86127.0 COM 10776 TH (com per msec) 21.552 MAX TH 82.24
{{0, 89824}, {731, 8612}, {0, 0}, {0, 0}, {0, 0}, {0, 0}, {0, 0}, {0, 0}}
{{0, 0}, {0, 88774}, {1821, 8612}, {0, 0}, {0, 0}, {0, 0}, {0, 0}, {0, 0}}
{{0, 0}, {0, 0}, {0, 89061}, {2022, 8612}, {0, 0}, {0, 0}, {0, 0}, {0, 0}}
{{0, 0}, {0, 0}, {0, 0}, {0, 89839}, {1676, 8612}, {0, 0}, {0, 0}, {0, 0}}
{{0, 0}, {0, 0}, {0, 0}, {0, 0}, {0, 89820}, {1113, 8612}, {0, 0}, {0, 0}}
{{0, 0}, {0, 0}, {0, 0}, {0, 0}, {0, 0}, {0, 89364}, {1085, 8612}, {0, 0}}
{{0, 0}, {0, 0}, {0, 0}, {0, 0}, {0, 0}, {0, 0}, {0, 87601}, {2195, 8612}}
{{1672, 8612}, {0, 0}, {0, 0}, {0, 0}, {0, 0}, {0, 0}, {0, 0}, {0, 91007}}
task_forecast [6128, 6128, 6128, 6128, 6128, 6127, 6126, 6128]
capacity [49511, 49021, 49021, 49021]
task_forecast [6128, 6128, 6128, 6128, 6128, 6127, 6126, 6128]
new binding: ['cpu_1', 'cpu_1', 'cpu_1', 'cpu_1', 'cpu_1', 'cpu_1', 'cpu_1', 'cpu_1'] renamed below
new binding: ['cpu_0', 'cpu_0', 'cpu_0', 'cpu_0', 'cpu_0', 'cpu_0', 'cpu_0', 'cpu_0'] expected th 21.564 vs max th 82.24
WT 18000 GVT 87353.0 COM 10792 TH (com per msec) 21.584 MAX TH 82.24
WT 18500 GVT 88578.0 COM 10776 TH (com per msec) 21.552 MAX TH 82.24
WT 19000 GVT 89804.0 COM 10792 TH (com per msec) 21.584 MAX TH 82.24
WT 19500 GVT 91029.0 COM 10776 TH (com per msec) 21.552 MAX TH 82.24
WT 20000 GVT 92255.0 COM 10792 TH (com per msec) 21.584 MAX TH 82.24
{{0, 95952}, {731, 9225}, {0, 0}, {0, 0}, {0, 0}, {0, 0}, {0, 0}, {0, 0}}
{{0, 0}, {0, 94901}, {1821, 9225}, {0, 0}, {0, 0}, {0, 0}, {0, 0}, {0, 0}}
{{0, 0}, {0, 0}, {0, 95188}, {2022, 9225}, {0, 0}, {0, 0}, {0, 0}, {0, 0}}
{{0, 0}, {0, 0}, {0, 0}, {0, 95966}, {1676, 9225}, {0, 0}, {0, 0}, {0, 0}}
{{0, 0}, {0, 0}, {0, 0}, {0, 0}, {0, 95948}, {1113, 9225}, {0, 0}, {0, 0}}
{{0, 0}, {0, 0}, {0, 0}, {0, 0}, {0, 0}, {0, 95491}, {1085, 9225}, {0, 0}}
{{0, 0}, {0, 0}, {0, 0}, {0, 0}, {0, 0}, {0, 0}, {0, 93729}, {2195, 9225}}
{{1672, 9225}, {0, 0}, {0, 0}, {0, 0}, {0, 0}, {0, 0}, {0, 0}, {0, 97134}}
task_forecast [6128, 6127, 6127, 6127, 6127, 6128, 6128, 6127]
capacity [49509, 49019, 49019, 49019]
task_forecast [6128, 6127, 6127, 6127, 6127, 6128, 6128, 6127]
new binding: ['cpu_1', 'cpu_1', 'cpu_1', 'cpu_1', 'cpu_1', 'cpu_1', 'cpu_1', 'cpu_1'] renamed below
new binding: ['cpu_0', 'cpu_0', 'cpu_0', 'cpu_0', 'cpu_0', 'cpu_0', 'cpu_0', 'cpu_0'] expected th 21.564 vs max th 82.24
WT 20500 GVT 93480.0 COM 10776 TH (com per msec) 21.552 MAX TH 82.24
WT 21000 GVT 94706.0 COM 10792 TH (com per msec) 21.584 MAX TH 82.24
WT 21500 GVT 95931.0 COM 10784 TH (com per msec) 21.568 MAX TH 82.24
WT 22000 GVT 97157.0 COM 10784 TH (com per msec) 21.568 MAX TH 82.24
WT 22500 GVT 98382.0 COM 10784 TH (com per msec) 21.568 MAX TH 82.24
{{0, 102078}, {731, 9838}, {0, 0}, {0, 0}, {0, 0}, {0, 0}, {0, 0}, {0, 0}}
{{0, 0}, {0, 101028}, {1821, 9838}, {0, 0}, {0, 0}, {0, 0}, {0, 0}, {0, 0}}
{{0, 0}, {0, 0}, {0, 101316}, {2022, 9838}, {0, 0}, {0, 0}, {0, 0}, {0, 0}}
{{0, 0}, {0, 0}, {0, 0}, {0, 102093}, {1676, 9838}, {0, 0}, {0, 0}, {0, 0}}
{{0, 0}, {0, 0}, {0, 0}, {0, 0}, {0, 102076}, {1113, 9838}, {0, 0}, {0, 0}}
{{0, 0}, {0, 0}, {0, 0}, {0, 0}, {0, 0}, {0, 101619}, {1085, 9838}, {0, 0}}
{{0, 0}, {0, 0}, {0, 0}, {0, 0}, {0, 0}, {0, 0}, {0, 99857}, {2195, 9838}}
{{1672, 9838}, {0, 0}, {0, 0}, {0, 0}, {0, 0}, {0, 0}, {0, 0}, {0, 103261}}
task_forecast [6126, 6127, 6128, 6127, 6128, 6127, 6128, 6128]
capacity [49509, 49019, 49019, 49019]
task_forecast [6126, 6127, 6128, 6127, 6128, 6127, 6128, 6128]
new binding: ['fpga_0', 'fpga_0', 'cpu_0', 'gpu_0', 'cpu_0', 'cpu_0', 'cpu_0', 'gpu_0'] renamed below
new binding: ['fpga_0', 'fpga_0', 'cpu_0', 'gpu_0', 'cpu_0', 'cpu_0', 'cpu_0', 'gpu_0'] expected th 43.448499999999996 vs max th 82.24
WT 23000 GVT 100719.0 COM 21719 TH (com per msec) 43.438 MAX TH 82.24
WT 23500 GVT 103056.0 COM 21738 TH (com per msec) 43.476 MAX TH 82.24
WT 24000 GVT 105392.0 COM 21730 TH (com per msec) 43.46 MAX TH 82.24
WT 24500 GVT 107729.0 COM 21725 TH (com per msec) 43.45 MAX TH 82.24
WT 25000 GVT 110065.0 COM 21730 TH (com per msec) 43.46 MAX TH 82.24
{{0, 128241}, {3063, 13340}, {0, 0}, {0, 0}, {0, 0}, {0, 0}, {0, 0}, {0, 0}}
{{0, 0}, {0, 116225}, {1821, 11008}, {0, 0}, {0, 0}, {0, 0}, {0, 0}, {0, 0}}
{{0, 0}, {0, 0}, {0, 112999}, {3190, 11006}, {0, 0}, {0, 0}, {0, 0}, {0, 0}}
{{0, 0}, {0, 0}, {0, 0}, {0, 121953}, {1676, 11006}, {0, 0}, {0, 0}, {0, 0}}
{{0, 0}, {0, 0}, {0, 0}, {0, 0}, {0, 113758}, {1113, 11006}, {0, 0}, {0, 0}}
{{0, 0}, {0, 0}, {0, 0}, {0, 0}, {0, 0}, {0, 113301}, {1085, 11006}, {0, 0}}
{{0, 0}, {0, 0}, {0, 0}, {0, 0}, {0, 0}, {0, 0}, {0, 111539}, {3363, 11006}}
{{2840, 11006}, {0, 0}, {0, 0}, {0, 0}, {0, 0}, {0, 0}, {0, 0}, {0, 123122}}
task_forecast [27331, 16364, 11683, 21028, 11683, 11682, 11682, 21028]
capacity [47197, 42056, 44131, 42476]
task_forecast [27331, 16364, 11683, 21028, 11683, 11682, 11682, 21028]
new binding: ['gpu_0', 'cpu_1', 'cpu_1', 'cpu_0', 'cpu_0', 'cpu_0', 'cpu_1', 'gpu_0'] renamed below
new binding: ['gpu_0', 'cpu_0', 'cpu_0', 'cpu_1', 'cpu_1', 'cpu_1', 'cpu_0', 'gpu_0'] expected th 56.134 vs max th 82.24
WT 25500 GVT 113195.0 COM 27962 TH (com per msec) 55.924 MAX TH 82.24
WT 26000 GVT 116340.0 COM 28068 TH (com per msec) 56.136 MAX TH 82.24
WT 26500 GVT 119484.0 COM 28070 TH (com per msec) 56.14 MAX TH 82.24
WT 27000 GVT 122629.0 COM 28069 TH (com per msec) 56.138 MAX TH 82.24
WT 27500 GVT 125774.0 COM 28078 TH (com per msec) 56.156 MAX TH 82.24
{{0, 143999}, {3073, 14919}, {0, 0}, {0, 0}, {0, 0}, {0, 0}, {0, 0}, {0, 0}}
{{0, 0}, {0, 131931}, {1821, 12577}, {0, 0}, {0, 0}, {0, 0}, {0, 0}, {0, 0}}
{{0, 0}, {0, 0}, {0, 128707}, {3607, 12577}, {0, 0}, {0, 0}, {0, 0}, {0, 0}}
{{0, 0}, {0, 0}, {0, 0}, {0, 138102}, {1676, 12577}, {0, 0}, {0, 0}, {0, 0}}
{{0, 0}, {0, 0}, {0, 0}, {0, 0}, {0, 129467}, {1113, 12577}, {0, 0}, {0, 0}}
{{0, 0}, {0, 0}, {0, 0}, {0, 0}, {0, 0}, {0, 129010}, {1087, 12577}, {0, 0}}
{{0, 0}, {0, 0}, {0, 0}, {0, 0}, {0, 0}, {0, 0}, {0, 127251}, {4934, 12577}}
{{2845, 12579}, {0, 0}, {0, 0}, {0, 0}, {0, 0}, {0, 0}, {0, 0}, {0, 150770}}
task_forecast [15764, 15711, 15708, 16567, 15708, 15709, 15714, 29219]
capacity [47634, 48298, 160, 45407]
task_forecast [15764, 15711, 15708, 16567, 15708, 15709, 15714, 29219]
new binding: ['cpu_0', 'cpu_0', 'cpu_0', 'cpu_1', 'cpu_1', 'cpu_1', 'gpu_0', 'gpu_0'] renamed below
new binding: ['cpu_0', 'cpu_0', 'cpu_0', 'cpu_1', 'cpu_1', 'cpu_1', 'gpu_0', 'gpu_0'] expected th 56.4555 vs max th 82.24
WT 28000 GVT 128939.0 COM 28227 TH (com per msec) 56.454 MAX TH 82.24
WT 28500 GVT 132104.0 COM 28240 TH (com per msec) 56.48 MAX TH 82.24
WT 29000 GVT 135268.0 COM 28223 TH (com per msec) 56.446 MAX TH 82.24
WT 29500 GVT 138433.0 COM 28239 TH (com per msec) 56.478 MAX TH 82.24
WT 30000 GVT 141597.0 COM 28223 TH (com per msec) 56.446 MAX TH 82.24
{{0, 160152}, {3073, 16502}, {0, 0}, {0, 0}, {0, 0}, {0, 0}, {0, 0}, {0, 0}}
{{0, 0}, {0, 147759}, {1821, 14160}, {0, 0}, {0, 0}, {0, 0}, {0, 0}, {0, 0}}
{{0, 0}, {0, 0}, {0, 144535}, {3607, 14160}, {0, 0}, {0, 0}, {0, 0}, {0, 0}}
{{0, 0}, {0, 0}, {0, 0}, {0, 153926}, {1676, 14159}, {0, 0}, {0, 0}, {0, 0}}
{{0, 0}, {0, 0}, {0, 0}, {0, 0}, {0, 145291}, {1113, 14159}, {0, 0}, {0, 0}}
{{0, 0}, {0, 0}, {0, 0}, {0, 0}, {0, 0}, {0, 144833}, {2665, 14159}, {0, 0}}
{{0, 0}, {0, 0}, {0, 0}, {0, 0}, {0, 0}, {0, 0}, {0, 154752}, {4938, 14160}}
{{3175, 14162}, {0, 0}, {0, 0}, {0, 0}, {0, 0}, {0, 0}, {0, 0}, {0, 166621}}
task_forecast [16482, 15828, 15828, 15823, 15824, 15824, 29080, 15855]
capacity [48618, 47945, 44936, 45385]
task_forecast [16482, 15828, 15828, 15823, 15824, 15824, 29080, 15855]
new binding: ['cpu_0', 'cpu_0', 'cpu_1', 'cpu_1', 'cpu_1', 'gpu_0', 'gpu_0', 'cpu_0'] renamed below
new binding: ['cpu_0', 'cpu_0', 'cpu_1', 'cpu_1', 'cpu_1', 'gpu_0', 'gpu_0', 'cpu_0'] expected th 56.449 vs max th 82.24
WT 30500 GVT 144763.0 COM 28247 TH (com per msec) 56.494 MAX TH 82.24
WT 31000 GVT 147928.0 COM 28231 TH (com per msec) 56.462 MAX TH 82.24
WT 31500 GVT 151092.0 COM 28231 TH (com per msec) 56.462 MAX TH 82.24
WT 32000 GVT 154257.0 COM 28231 TH (com per msec) 56.462 MAX TH 82.24
WT 32500 GVT 157421.0 COM 28232 TH (com per msec) 56.464 MAX TH 82.24
{{0, 175977}, {3073, 18084}, {0, 0}, {0, 0}, {0, 0}, {0, 0}, {0, 0}, {0, 0}}
{{0, 0}, {0, 163582}, {1821, 15742}, {0, 0}, {0, 0}, {0, 0}, {0, 0}, {0, 0}}
{{0, 0}, {0, 0}, {0, 160354}, {3607, 15742}, {0, 0}, {0, 0}, {0, 0}, {0, 0}}
{{0, 0}, {0, 0}, {0, 0}, {0, 169750}, {1676, 15742}, {0, 0}, {0, 0}, {0, 0}}
{{0, 0}, {0, 0}, {0, 0}, {0, 0}, {0, 161114}, {2691, 15742}, {0, 0}, {0, 0}}
{{0, 0}, {0, 0}, {0, 0}, {0, 0}, {0, 0}, {0, 172325}, {2670, 15742}, {0, 0}}
{{0, 0}, {0, 0}, {0, 0}, {0, 0}, {0, 0}, {0, 0}, {0, 170613}, {5270, 15742}}
{{3176, 15744}, {0, 0}, {0, 0}, {0, 0}, {0, 0}, {0, 0}, {0, 0}, {0, 182777}}
task_forecast [15826, 15823, 15820, 15824, 15823, 29070, 15865, 16488]
capacity [48616, 47942, 44936, 45385]
task_forecast [15826, 15823, 15820, 15824, 15823, 29070, 15865, 16488]
new binding: ['fpga_0', 'fpga_0', 'fpga_0', 'fpga_0', 'fpga_0', 'fpga_0', 'fpga_0', 'fpga_0'] renamed below
new binding: ['fpga_0', 'fpga_0', 'fpga_0', 'fpga_0', 'fpga_0', 'fpga_0', 'fpga_0', 'fpga_0'] expected th 21.564 vs max th 82.24
WT 33000 GVT 158649.0 COM 10800 TH (com per msec) 21.6 MAX TH 82.24
WT 33500 GVT 159874.0 COM 10784 TH (com per msec) 21.568 MAX TH 82.24
WT 34000 GVT 161099.0 COM 10776 TH (com per msec) 21.552 MAX TH 82.24
WT 34500 GVT 162325.0 COM 10792 TH (com per msec) 21.584 MAX TH 82.24
WT 35000 GVT 163550.0 COM 10776 TH (com per msec) 21.552 MAX TH 82.24
{{0, 182103}, {3073, 18697}, {0, 0}, {0, 0}, {0, 0}, {0, 0}, {0, 0}, {0, 0}}
{{0, 0}, {0, 169708}, {1821, 16355}, {0, 0}, {0, 0}, {0, 0}, {0, 0}, {0, 0}}
{{0, 0}, {0, 0}, {0, 166483}, {3607, 16355}, {0, 0}, {0, 0}, {0, 0}, {0, 0}}
{{0, 0}, {0, 0}, {0, 0}, {0, 175880}, {1676, 16355}, {0, 0}, {0, 0}, {0, 0}}
{{0, 0}, {0, 0}, {0, 0}, {0, 0}, {0, 167243}, {2691, 16355}, {0, 0}, {0, 0}}
{{0, 0}, {0, 0}, {0, 0}, {0, 0}, {0, 0}, {0, 178456}, {2670, 16355}, {0, 0}}
{{0, 0}, {0, 0}, {0, 0}, {0, 0}, {0, 0}, {0, 0}, {0, 176737}, {5270, 16355}}
{{3176, 16357}, {0, 0}, {0, 0}, {0, 0}, {0, 0}, {0, 0}, {0, 0}, {0, 188903}}
task_forecast [6126, 6126, 6128, 6130, 6129, 6130, 6124, 6126]
capacity [49019, 49019, 49509, 49019]
task_forecast [6126, 6126, 6128, 6130, 6129, 6130, 6124, 6126]
new binding: ['cpu_1', 'cpu_1', 'cpu_1', 'cpu_1', 'cpu_1', 'cpu_1', 'cpu_1', 'cpu_1'] renamed below
new binding: ['cpu_0', 'cpu_0', 'cpu_0', 'cpu_0', 'cpu_0', 'cpu_0', 'cpu_0', 'cpu_0'] expected th 21.564 vs max th 82.24
WT 35500 GVT 164776.0 COM 10792 TH (com per msec) 21.584 MAX TH 82.24
WT 36000 GVT 166001.0 COM 10784 TH (com per msec) 21.568 MAX TH 82.24
WT 36500 GVT 167227.0 COM 10784 TH (com per msec) 21.568 MAX TH 82.24
WT 37000 GVT 168452.0 COM 10784 TH (com per msec) 21.568 MAX TH 82.24
WT 37500 GVT 169678.0 COM 10784 TH (com per msec) 21.568 MAX TH 82.24
{{0, 188230}, {3073, 19309}, {0, 0}, {0, 0}, {0, 0}, {0, 0}, {0, 0}, {0, 0}}
{{0, 0}, {0, 175836}, {1821, 16967}, {0, 0}, {0, 0}, {0, 0}, {0, 0}, {0, 0}}
{{0, 0}, {0, 0}, {0, 172612}, {3607, 16967}, {0, 0}, {0, 0}, {0, 0}, {0, 0}}
{{0, 0}, {0, 0}, {0, 0}, {0, 182007}, {1676, 16967}, {0, 0}, {0, 0}, {0, 0}}
{{0, 0}, {0, 0}, {0, 0}, {0, 0}, {0, 173371}, {2691, 16967}, {0, 0}, {0, 0}}
{{0, 0}, {0, 0}, {0, 0}, {0, 0}, {0, 0}, {0, 184583}, {2670, 16967}, {0, 0}}
{{0, 0}, {0, 0}, {0, 0}, {0, 0}, {0, 0}, {0, 0}, {0, 182865}, {5270, 16967}}
{{3176, 16969}, {0, 0}, {0, 0}, {0, 0}, {0, 0}, {0, 0}, {0, 0}, {0, 195030}}
task_forecast [6127, 6127, 6129, 6127, 6128, 6128, 6128, 6127]
capacity [49504, 7, 7, 7]
task_forecast [6127, 6127, 6129, 6127, 6128, 6128, 6128, 6127]
new binding: ['cpu_0', 'cpu_0', 'cpu_0', 'cpu_0', 'cpu_0', 'cpu_0', 'cpu_0', 'cpu_0'] renamed below
new binding: ['cpu_0', 'cpu_0', 'cpu_0', 'cpu_0', 'cpu_0', 'cpu_0', 'cpu_0', 'cpu_0'] expected th 21.564 vs max th 82.24
WT 38000 GVT 170903.0 COM 10784 TH (com per msec) 21.568 MAX TH 82.24
WT 38500 GVT 172129.0 COM 10784 TH (com per msec) 21.568 MAX TH 82.24
WT 39000 GVT 173354.0 COM 10784 TH (com per msec) 21.568 MAX TH 82.24
WT 39500 GVT 174580.0 COM 10784 TH (com per msec) 21.568 MAX TH 82.24
WT 40000 GVT 175805.0 COM 10784 TH (com per msec) 21.568 MAX TH 82.24
{{0, 194358}, {3073, 19922}, {0, 0}, {0, 0}, {0, 0}, {0, 0}, {0, 0}, {0, 0}}
{{0, 0}, {0, 181963}, {1821, 17580}, {0, 0}, {0, 0}, {0, 0}, {0, 0}, {0, 0}}
{{0, 0}, {0, 0}, {0, 178739}, {3607, 17580}, {0, 0}, {0, 0}, {0, 0}, {0, 0}}
{{0, 0}, {0, 0}, {0, 0}, {0, 188135}, {1676, 17580}, {0, 0}, {0, 0}, {0, 0}}
{{0, 0}, {0, 0}, {0, 0}, {0, 0}, {0, 179499}, {2691, 17580}, {0, 0}, {0, 0}}
{{0, 0}, {0, 0}, {0, 0}, {0, 0}, {0, 0}, {0, 190711}, {2670, 17580}, {0, 0}}
{{0, 0}, {0, 0}, {0, 0}, {0, 0}, {0, 0}, {0, 0}, {0, 188991}, {5270, 17580}}
{{3176, 17582}, {0, 0}, {0, 0}, {0, 0}, {0, 0}, {0, 0}, {0, 0}, {0, 201157}}
task_forecast [6128, 6128, 6127, 6128, 6128, 6127, 6126, 6127]
capacity [49509, 49019, 49019, 49019]
task_forecast [6128, 6128, 6127, 6128, 6128, 6127, 6126, 6127]
new binding: ['cpu_1', 'cpu_1', 'cpu_1', 'cpu_1', 'cpu_1', 'cpu_1', 'cpu_1', 'cpu_1'] renamed below
new binding: ['cpu_0', 'cpu_0', 'cpu_0', 'cpu_0', 'cpu_0', 'cpu_0', 'cpu_0', 'cpu_0'] expected th 21.564 vs max th 82.24
WT 40500 GVT 177031.0 COM 10792 TH (com per msec) 21.584 MAX TH 82.24
WT 41000 GVT 178256.0 COM 10776 TH (com per msec) 21.552 MAX TH 82.24
WT 41500 GVT 179482.0 COM 10792 TH (com per msec) 21.584 MAX TH 82.24
WT 42000 GVT 180707.0 COM 10776 TH (com per msec) 21.552 MAX TH 82.24
WT 42500 GVT 181933.0 COM 10792 TH (com per msec) 21.584 MAX TH 82.24
{{0, 200485}, {3073, 20535}, {0, 0}, {0, 0}, {0, 0}, {0, 0}, {0, 0}, {0, 0}}
{{0, 0}, {0, 188091}, {1821, 18193}, {0, 0}, {0, 0}, {0, 0}, {0, 0}, {0, 0}}
{{0, 0}, {0, 0}, {0, 184866}, {3607, 18193}, {0, 0}, {0, 0}, {0, 0}, {0, 0}}
{{0, 0}, {0, 0}, {0, 0}, {0, 194262}, {1676, 18193}, {0, 0}, {0, 0}, {0, 0}}
{{0, 0}, {0, 0}, {0, 0}, {0, 0}, {0, 185626}, {2691, 18193}, {0, 0}, {0, 0}}
{{0, 0}, {0, 0}, {0, 0}, {0, 0}, {0, 0}, {0, 196838}, {2670, 18193}, {0, 0}}
{{0, 0}, {0, 0}, {0, 0}, {0, 0}, {0, 0}, {0, 0}, {0, 195119}, {5270, 18193}}
{{3176, 18195}, {0, 0}, {0, 0}, {0, 0}, {0, 0}, {0, 0}, {0, 0}, {0, 207285}}
task_forecast [6128, 6127, 6127, 6127, 6127, 6127, 6128, 6128]
capacity [49509, 49019, 49019, 49019]
task_forecast [6128, 6127, 6127, 6127, 6127, 6127, 6128, 6128]
new binding: ['cpu_1', 'cpu_1', 'cpu_1', 'cpu_1', 'cpu_1', 'cpu_1', 'cpu_1', 'cpu_1'] renamed below
new binding: ['cpu_0', 'cpu_0', 'cpu_0', 'cpu_0', 'cpu_0', 'cpu_0', 'cpu_0', 'cpu_0'] expected th 21.564 vs max th 82.24
WT 43000 GVT 183158.0 COM 10776 TH (com per msec) 21.552 MAX TH 82.24
WT 43500 GVT 184384.0 COM 10792 TH (com per msec) 21.584 MAX TH 82.24
WT 44000 GVT 185609.0 COM 10776 TH (com per msec) 21.552 MAX TH 82.24
WT 44500 GVT 186835.0 COM 10792 TH (com per msec) 21.584 MAX TH 82.24
WT 45000 GVT 188060.0 COM 10776 TH (com per msec) 21.552 MAX TH 82.24
{{0, 206612}, {3073, 21148}, {0, 0}, {0, 0}, {0, 0}, {0, 0}, {0, 0}, {0, 0}}
{{0, 0}, {0, 194218}, {1821, 18806}, {0, 0}, {0, 0}, {0, 0}, {0, 0}, {0, 0}}
{{0, 0}, {0, 0}, {0, 190994}, {3607, 18806}, {0, 0}, {0, 0}, {0, 0}, {0, 0}}
{{0, 0}, {0, 0}, {0, 0}, {0, 200389}, {1676, 18806}, {0, 0}, {0, 0}, {0, 0}}
{{0, 0}, {0, 0}, {0, 0}, {0, 0}, {0, 191753}, {2691, 18806}, {0, 0}, {0, 0}}
{{0, 0}, {0, 0}, {0, 0}, {0, 0}, {0, 0}, {0, 202966}, {2670, 18806}, {0, 0}}
{{0, 0}, {0, 0}, {0, 0}, {0, 0}, {0, 0}, {0, 0}, {0, 201247}, {5270, 18806}}
{{3176, 18808}, {0, 0}, {0, 0}, {0, 0}, {0, 0}, {0, 0}, {0, 0}, {0, 213413}}
task_forecast [6126, 6128, 6128, 6127, 6127, 6128, 6128, 6128]
capacity [49510, 49020, 49020, 49020]
task_forecast [6126, 6128, 6128, 6127, 6127, 6128, 6128, 6128]
new binding: ['cpu_1', 'cpu_1', 'cpu_1', 'cpu_1', 'cpu_1', 'cpu_1', 'cpu_1', 'cpu_1'] renamed below
new binding: ['cpu_0', 'cpu_0', 'cpu_0', 'cpu_0', 'cpu_0', 'cpu_0', 'cpu_0', 'cpu_0'] expected th 21.564 vs max th 82.24
WT 45500 GVT 189286.0 COM 10792 TH (com per msec) 21.584 MAX TH 82.24
WT 46000 GVT 190511.0 COM 10784 TH (com per msec) 21.568 MAX TH 82.24
WT 46500 GVT 191737.0 COM 10784 TH (com per msec) 21.568 MAX TH 82.24
WT 47000 GVT 192962.0 COM 10784 TH (com per msec) 21.568 MAX TH 82.24
WT 47500 GVT 194188.0 COM 10784 TH (com per msec) 21.568 MAX TH 82.24
{{0, 212740}, {3073, 21760}, {0, 0}, {0, 0}, {0, 0}, {0, 0}, {0, 0}, {0, 0}}
{{0, 0}, {0, 200346}, {1821, 19418}, {0, 0}, {0, 0}, {0, 0}, {0, 0}, {0, 0}}
{{0, 0}, {0, 0}, {0, 197121}, {3607, 19418}, {0, 0}, {0, 0}, {0, 0}, {0, 0}}
{{0, 0}, {0, 0}, {0, 0}, {0, 206517}, {1676, 19418}, {0, 0}, {0, 0}, {0, 0}}
{{0, 0}, {0, 0}, {0, 0}, {0, 0}, {0, 197881}, {2691, 19418}, {0, 0}, {0, 0}}
{{0, 0}, {0, 0}, {0, 0}, {0, 0}, {0, 0}, {0, 209093}, {2670, 19418}, {0, 0}}
{{0, 0}, {0, 0}, {0, 0}, {0, 0}, {0, 0}, {0, 0}, {0, 207374}, {5270, 19418}}
{{3176, 19420}, {0, 0}, {0, 0}, {0, 0}, {0, 0}, {0, 0}, {0, 0}, {0, 219540}}
task_forecast [6128, 6127, 6127, 6128, 6128, 6127, 6128, 6127]
capacity [49510, 49020, 49020, 49020]
task_forecast [6128, 6127, 6127, 6128, 6128, 6127, 6128, 6127]
new binding: ['fpga_0', 'fpga_0', 'cpu_0', 'gpu_0', 'cpu_0', 'cpu_0', 'cpu_0', 'gpu_0'] renamed below
new binding: ['fpga_0', 'fpga_0', 'cpu_0', 'gpu_0', 'cpu_0', 'cpu_0', 'cpu_0', 'gpu_0'] expected th 43.448499999999996 vs max th 82.24
WT 48000 GVT 196524.0 COM 21722 TH (com per msec) 43.444 MAX TH 82.24
WT 48500 GVT 198860.0 COM 21717 TH (com per msec) 43.434 MAX TH 82.24
WT 49000 GVT 201197.0 COM 21738 TH (com per msec) 43.476 MAX TH 82.24
WT 49500 GVT 203533.0 COM 21730 TH (com per msec) 43.46 MAX TH 82.24
WT 50000 GVT 205870.0 COM 21725 TH (com per msec) 43.45 MAX TH 82.24
{{0, 238905}, {5407, 25264}, {0, 0}, {0, 0}, {0, 0}, {0, 0}, {0, 0}, {0, 0}}
{{0, 0}, {0, 215539}, {1821, 20588}, {0, 0}, {0, 0}, {0, 0}, {0, 0}, {0, 0}}
{{0, 0}, {0, 0}, {0, 208803}, {4775, 20586}, {0, 0}, {0, 0}, {0, 0}, {0, 0}}
{{0, 0}, {0, 0}, {0, 0}, {0, 226378}, {1676, 20587}, {0, 0}, {0, 0}, {0, 0}}
{{0, 0}, {0, 0}, {0, 0}, {0, 0}, {0, 209563}, {2691, 20587}, {0, 0}, {0, 0}}
{{0, 0}, {0, 0}, {0, 0}, {0, 0}, {0, 0}, {0, 220775}, {2670, 20587}, {0, 0}}
{{0, 0}, {0, 0}, {0, 0}, {0, 0}, {0, 0}, {0, 0}, {0, 219056}, {6438, 20587}}
{{4344, 20589}, {0, 0}, {0, 0}, {0, 0}, {0, 0}, {0, 0}, {0, 0}, {0, 239399}}
task_forecast [27333, 16359, 11682, 21029, 11682, 11682, 11681, 21026]
capacity [47194, 42055, 44128, 42475]
task_forecast [27333, 16359, 11682, 21029, 11682, 11682, 11681, 21026]
new binding: ['fpga_0', 'cpu_1', 'cpu_1', 'cpu_0', 'cpu_0', 'cpu_0', 'cpu_1', 'fpga_0'] renamed below
new binding: ['fpga_0', 'cpu_0', 'cpu_0', 'cpu_1', 'cpu_1', 'cpu_1', 'cpu_0', 'fpga_0'] expected th 56.134 vs max th 82.24
WT 50500 GVT 209001.0 COM 27978 TH (com per msec) 55.956 MAX TH 82.24
WT 51000 GVT 212146.0 COM 28069 TH (com per msec) 56.138 MAX TH 82.24
WT 51500 GVT 215291.0 COM 28078 TH (com per msec) 56.156 MAX TH 82.24
WT 52000 GVT 218436.0 COM 28068 TH (com per msec) 56.136 MAX TH 82.24
WT 52500 GVT 221580.0 COM 28061 TH (com per msec) 56.122 MAX TH 82.24
{{0, 254665}, {5415, 26842}, {0, 0}, {0, 0}, {0, 0}, {0, 0}, {0, 0}, {0, 0}}
{{0, 0}, {0, 231251}, {1821, 22158}, {0, 0}, {0, 0}, {0, 0}, {0, 0}, {0, 0}}
{{0, 0}, {0, 0}, {0, 224513}, {5191, 22158}, {0, 0}, {0, 0}, {0, 0}, {0, 0}}
{{0, 0}, {0, 0}, {0, 0}, {0, 242527}, {1676, 22158}, {0, 0}, {0, 0}, {0, 0}}
{{0, 0}, {0, 0}, {0, 0}, {0, 0}, {0, 225273}, {2691, 22158}, {0, 0}, {0, 0}}
{{0, 0}, {0, 0}, {0, 0}, {0, 0}, {0, 0}, {0, 236486}, {2671, 22158}, {0, 0}}
{{0, 0}, {0, 0}, {0, 0}, {0, 0}, {0, 0}, {0, 0}, {0, 234770}, {8009, 22158}}
{{4349, 22160}, {0, 0}, {0, 0}, {0, 0}, {0, 0}, {0, 0}, {0, 0}, {0, 267040}}
task_forecast [15765, 15718, 15710, 16565, 15711, 15711, 15715, 29213]
capacity [47638, 48307, 45413, 149]
task_forecast [15765, 15718, 15710, 16565, 15711, 15711, 15715, 29213]
new binding: ['cpu_0', 'cpu_0', 'cpu_0', 'cpu_1', 'cpu_1', 'cpu_1', 'fpga_0', 'fpga_0'] renamed below
new binding: ['cpu_0', 'cpu_0', 'cpu_0', 'cpu_1', 'cpu_1', 'cpu_1', 'fpga_0', 'fpga_0'] expected th 56.4555 vs max th 82.24
WT 53000 GVT 224745.0 COM 28238 TH (com per msec) 56.476 MAX TH 82.24
WT 53500 GVT 227910.0 COM 28230 TH (com per msec) 56.46 MAX TH 82.24
WT 54000 GVT 231074.0 COM 28232 TH (com per msec) 56.464 MAX TH 82.24
WT 54500 GVT 234239.0 COM 28231 TH (com per msec) 56.462 MAX TH 82.24
WT 55000 GVT 237403.0 COM 28231 TH (com per msec) 56.462 MAX TH 82.24
{{0, 270815}, {5415, 28424}, {0, 0}, {0, 0}, {0, 0}, {0, 0}, {0, 0}, {0, 0}}
{{0, 0}, {0, 247079}, {1821, 23740}, {0, 0}, {0, 0}, {0, 0}, {0, 0}, {0, 0}}
{{0, 0}, {0, 0}, {0, 240341}, {5192, 23740}, {0, 0}, {0, 0}, {0, 0}, {0, 0}}
{{0, 0}, {0, 0}, {0, 0}, {0, 258352}, {1676, 23740}, {0, 0}, {0, 0}, {0, 0}}
{{0, 0}, {0, 0}, {0, 0}, {0, 0}, {0, 241096}, {2691, 23740}, {0, 0}, {0, 0}}
{{0, 0}, {0, 0}, {0, 0}, {0, 0}, {0, 0}, {0, 252308}, {4249, 23740}, {0, 0}}
{{0, 0}, {0, 0}, {0, 0}, {0, 0}, {0, 0}, {0, 0}, {0, 262268}, {8013, 23740}}
{{4679, 23742}, {0, 0}, {0, 0}, {0, 0}, {0, 0}, {0, 0}, {0, 0}, {0, 282897}}
task_forecast [16481, 15827, 15828, 15826, 15823, 15822, 29077, 15861]
capacity [48617, 47945, 45387, 44938]
task_forecast [16481, 15827, 15828, 15826, 15823, 15822, 29077, 15861]
new binding: ['cpu_0', 'cpu_0', 'cpu_1', 'cpu_1', 'cpu_1', 'gpu_0', 'gpu_0', 'cpu_0'] renamed below
new binding: ['cpu_0', 'cpu_0', 'cpu_1', 'cpu_1', 'cpu_1', 'gpu_0', 'gpu_0', 'cpu_0'] expected th 56.449 vs max th 82.24
WT 55500 GVT 240569.0 COM 28234 TH (com per msec) 56.468 MAX TH 82.24
WT 56000 GVT 243734.0 COM 28237 TH (com per msec) 56.474 MAX TH 82.24
WT 56500 GVT 246899.0 COM 28227 TH (com per msec) 56.454 MAX TH 82.24
WT 57000 GVT 250063.0 COM 28228 TH (com per msec) 56.456 MAX TH 82.24
WT 57500 GVT 253228.0 COM 28227 TH (com per msec) 56.454 MAX TH 82.24
{{0, 286641}, {5415, 30007}, {0, 0}, {0, 0}, {0, 0}, {0, 0}, {0, 0}, {0, 0}}
{{0, 0}, {0, 262903}, {1821, 25323}, {0, 0}, {0, 0}, {0, 0}, {0, 0}, {0, 0}}
{{0, 0}, {0, 0}, {0, 256161}, {5192, 25322}, {0, 0}, {0, 0}, {0, 0}, {0, 0}}
{{0, 0}, {0, 0}, {0, 0}, {0, 274176}, {1676, 25322}, {0, 0}, {0, 0}, {0, 0}}
{{0, 0}, {0, 0}, {0, 0}, {0, 0}, {0, 256921}, {4267, 25322}, {0, 0}, {0, 0}}
{{0, 0}, {0, 0}, {0, 0}, {0, 0}, {0, 0}, {0, 279789}, {4255, 25323}, {0, 0}}
{{0, 0}, {0, 0}, {0, 0}, {0, 0}, {0, 0}, {0, 0}, {0, 278138}, {8327, 25323}}
{{4681, 25325}, {0, 0}, {0, 0}, {0, 0}, {0, 0}, {0, 0}, {0, 0}, {0, 299100}}
task_forecast [15828, 15824, 15821, 15824, 15824, 29057, 15876, 16517]
capacity [48646, 47944, 160, 45224]
task_forecast [15828, 15824, 15821, 15824, 15824, 29057, 15876, 16517]
new binding: ['fpga_0', 'fpga_0', 'fpga_0', 'fpga_0', 'fpga_0', 'fpga_0', 'fpga_0', 'fpga_0'] renamed below
new binding: ['fpga_0', 'fpga_0', 'fpga_0', 'fpga_0', 'fpga_0', 'fpga_0', 'fpga_0', 'fpga_0'] expected th 21.564 vs max th 82.24
WT 58000 GVT 254455.0 COM 10802 TH (com per msec) 21.604 MAX TH 82.24
WT 58500 GVT 255681.0 COM 10792 TH (com per msec) 21.584 MAX TH 82.24
WT 59000 GVT 256906.0 COM 10776 TH (com per msec) 21.552 MAX TH 82.24
WT 59500 GVT 258132.0 COM 10792 TH (com per msec) 21.584 MAX TH 82.24
WT 60000 GVT 259357.0 COM 10776 TH (com per msec) 21.552 MAX TH 82.24
{{0, 292768}, {5415, 30619}, {0, 0}, {0, 0}, {0, 0}, {0, 0}, {0, 0}, {0, 0}}
{{0, 0}, {0, 269029}, {1821, 25935}, {0, 0}, {0, 0}, {0, 0}, {0, 0}, {0, 0}}
{{0, 0}, {0, 0}, {0, 262290}, {5192, 25935}, {0, 0}, {0, 0}, {0, 0}, {0, 0}}
{{0, 0}, {0, 0}, {0, 0}, {0, 280306}, {1676, 25935}, {0, 0}, {0, 0}, {0, 0}}
{{0, 0}, {0, 0}, {0, 0}, {0, 0}, {0, 263050}, {4268, 25935}, {0, 0}, {0, 0}}
{{0, 0}, {0, 0}, {0, 0}, {0, 0}, {0, 0}, {0, 285916}, {4255, 25935}, {0, 0}}
{{0, 0}, {0, 0}, {0, 0}, {0, 0}, {0, 0}, {0, 0}, {0, 284263}, {8327, 25935}}
{{4681, 25937}, {0, 0}, {0, 0}, {0, 0}, {0, 0}, {0, 0}, {0, 0}, {0, 305226}}
task_forecast [6126, 6126, 6128, 6130, 6130, 6128, 6124, 6126]
capacity [49018, 49018, 49508, 49018]
task_forecast [6126, 6126, 6128, 6130, 6130, 6128, 6124, 6126]
new binding: ['cpu_1', 'cpu_1', 'cpu_1', 'cpu_1', 'cpu_1', 'cpu_1', 'cpu_1', 'cpu_1'] renamed below
new binding: ['cpu_0', 'cpu_0', 'cpu_0', 'cpu_0', 'cpu_0', 'cpu_0', 'cpu_0', 'cpu_0'] expected th 21.564 vs max th 82.24
WT 60500 GVT 260583.0 COM 10792 TH (com per msec) 21.584 MAX TH 82.24
WT 61000 GVT 261808.0 COM 10776 TH (com per msec) 21.552 MAX TH 82.24
WT 61500 GVT 263034.0 COM 10792 TH (com per msec) 21.584 MAX TH 82.24
WT 62000 GVT 264259.0 COM 10776 TH (com per msec) 21.552 MAX TH 82.24
WT 62500 GVT 265485.0 COM 10792 TH (com per msec) 21.584 MAX TH 82.24
{{0, 298895}, {5415, 31232}, {0, 0}, {0, 0}, {0, 0}, {0, 0}, {0, 0}, {0, 0}}
{{0, 0}, {0, 275156}, {1821, 26548}, {0, 0}, {0, 0}, {0, 0}, {0, 0}, {0, 0}}
{{0, 0}, {0, 0}, {0, 268418}, {5192, 26548}, {0, 0}, {0, 0}, {0, 0}, {0, 0}}
{{0, 0}, {0, 0}, {0, 0}, {0, 286433}, {1676, 26548}, {0, 0}, {0, 0}, {0, 0}}
{{0, 0}, {0, 0}, {0, 0}, {0, 0}, {0, 269178}, {4268, 26548}, {0, 0}, {0, 0}}
{{0, 0}, {0, 0}, {0, 0}, {0, 0}, {0, 0}, {0, 292044}, {4255, 26548}, {0, 0}}
{{0, 0}, {0, 0}, {0, 0}, {0, 0}, {0, 0}, {0, 0}, {0, 290391}, {8327, 26548}}
{{4681, 26550}, {0, 0}, {0, 0}, {0, 0}, {0, 0}, {0, 0}, {0, 0}, {0, 311353}}
task_forecast [6127, 6127, 6128, 6127, 6127, 6129, 6128, 6127]
capacity [49503, 7, 7, 7]
task_forecast [6127, 6127, 6128, 6127, 6127, 6129, 6128, 6127]
new binding: ['cpu_0', 'cpu_0', 'cpu_0', 'cpu_0', 'cpu_0', 'cpu_0', 'cpu_0', 'cpu_0'] renamed below
new binding: ['cpu_0', 'cpu_0', 'cpu_0', 'cpu_0', 'cpu_0', 'cpu_0', 'cpu_0', 'cpu_0'] expected th 21.564 vs max th 82.24
WT 63000 GVT 266710.0 COM 10776 TH (com per msec) 21.552 MAX TH 82.24
WT 63500 GVT 267936.0 COM 10792 TH (com per msec) 21.584 MAX TH 82.24
WT 64000 GVT 269161.0 COM 10784 TH (com per msec) 21.568 MAX TH 82.24
WT 64500 GVT 270387.0 COM 10784 TH (com per msec) 21.568 MAX TH 82.24
WT 65000 GVT 271612.0 COM 10784 TH (com per msec) 21.568 MAX TH 82.24
{{0, 305022}, {5415, 31845}, {0, 0}, {0, 0}, {0, 0}, {0, 0}, {0, 0}, {0, 0}}
{{0, 0}, {0, 281284}, {1821, 27161}, {0, 0}, {0, 0}, {0, 0}, {0, 0}, {0, 0}}
{{0, 0}, {0, 0}, {0, 274546}, {5192, 27161}, {0, 0}, {0, 0}, {0, 0}, {0, 0}}
{{0, 0}, {0, 0}, {0, 0}, {0, 292560}, {1676, 27161}, {0, 0}, {0, 0}, {0, 0}}
{{0, 0}, {0, 0}, {0, 0}, {0, 0}, {0, 275306}, {4268, 27161}, {0, 0}, {0, 0}}
{{0, 0}, {0, 0}, {0, 0}, {0, 0}, {0, 0}, {0, 298172}, {4255, 27161}, {0, 0}}
{{0, 0}, {0, 0}, {0, 0}, {0, 0}, {0, 0}, {0, 0}, {0, 296517}, {8327, 27161}}
{{4681, 27163}, {0, 0}, {0, 0}, {0, 0}, {0, 0}, {0, 0}, {0, 0}, {0, 317480}}
task_forecast [6127, 6128, 6128, 6128, 6128, 6127, 6126, 6127]
capacity [49509, 49019, 49019, 49019]
task_forecast [6127, 6128, 6128, 6128, 6128, 6127, 6126, 6127]
new binding: ['cpu_1', 'cpu_1', 'cpu_1', 'cpu_1', 'cpu_1', 'cpu_1', 'cpu_1', 'cpu_1'] renamed below
new binding: ['cpu_0', 'cpu_0', 'cpu_0', 'cpu_0', 'cpu_0', 'cpu_0', 'cpu_0', 'cpu_0'] expected th 21.564 vs max th 82.24
WT 65500 GVT 272838.0 COM 10784 TH (com per msec) 21.568 MAX TH 82.24
WT 66000 GVT 274063.0 COM 10784 TH (com per msec) 21.568 MAX TH 82.24
WT 66500 GVT 275289.0 COM 10784 TH (com per msec) 21.568 MAX TH 82.24
WT 67000 GVT 276514.0 COM 10784 TH (com per msec) 21.568 MAX TH 82.24
WT 67500 GVT 277740.0 COM 10784 TH (com per msec) 21.568 MAX TH 82.24
{{0, 311150}, {5415, 32458}, {0, 0}, {0, 0}, {0, 0}, {0, 0}, {0, 0}, {0, 0}}
{{0, 0}, {0, 287411}, {1821, 27774}, {0, 0}, {0, 0}, {0, 0}, {0, 0}, {0, 0}}
{{0, 0}, {0, 0}, {0, 280672}, {5192, 27773}, {0, 0}, {0, 0}, {0, 0}, {0, 0}}
{{0, 0}, {0, 0}, {0, 0}, {0, 298688}, {1676, 27774}, {0, 0}, {0, 0}, {0, 0}}
{{0, 0}, {0, 0}, {0, 0}, {0, 0}, {0, 281433}, {4268, 27774}, {0, 0}, {0, 0}}
{{0, 0}, {0, 0}, {0, 0}, {0, 0}, {0, 0}, {0, 304299}, {4255, 27774}, {0, 0}}
{{0, 0}, {0, 0}, {0, 0}, {0, 0}, {0, 0}, {0, 0}, {0, 302645}, {8327, 27774}}
{{4681, 27776}, {0, 0}, {0, 0}, {0, 0}, {0, 0}, {0, 0}, {0, 0}, {0, 323608}}
task_forecast [6128, 6127, 6127, 6127, 6127, 6127, 6128, 6128]
capacity [49509, 49019, 49019, 49019]
task_forecast [6128, 6127, 6127, 6127, 6127, 6127, 6128, 6128]
new binding: ['gpu_0', 'gpu_0', 'gpu_0', 'gpu_0', 'gpu_0', 'gpu_0', 'gpu_0', 'gpu_0'] renamed below
new binding: ['gpu_0', 'gpu_0', 'gpu_0', 'gpu_0', 'gpu_0', 'gpu_0', 'gpu_0', 'gpu_0'] expected th 21.564 vs max th 82.24
WT 68000 GVT 278965.0 COM 10784 TH (com per msec) 21.568 MAX TH 82.24
WT 68500 GVT 280191.0 COM 10792 TH (com per msec) 21.584 MAX TH 82.24
WT 69000 GVT 281416.0 COM 10776 TH (com per msec) 21.552 MAX TH 82.24
WT 69500 GVT 282642.0 COM 10792 TH (com per msec) 21.584 MAX TH 82.24
WT 70000 GVT 283867.0 COM 10776 TH (com per msec) 21.552 MAX TH 82.24
{{0, 317278}, {5415, 33070}, {0, 0}, {0, 0}, {0, 0}, {0, 0}, {0, 0}, {0, 0}}
{{0, 0}, {0, 293538}, {1821, 28386}, {0, 0}, {0, 0}, {0, 0}, {0, 0}, {0, 0}}
{{0, 0}, {0, 0}, {0, 286801}, {5192, 28386}, {0, 0}, {0, 0}, {0, 0}, {0, 0}}
{{0, 0}, {0, 0}, {0, 0}, {0, 304815}, {1676, 28386}, {0, 0}, {0, 0}, {0, 0}}
{{0, 0}, {0, 0}, {0, 0}, {0, 0}, {0, 287560}, {4268, 28386}, {0, 0}, {0, 0}}
{{0, 0}, {0, 0}, {0, 0}, {0, 0}, {0, 0}, {0, 310427}, {4255, 28386}, {0, 0}}
{{0, 0}, {0, 0}, {0, 0}, {0, 0}, {0, 0}, {0, 0}, {0, 308773}, {8327, 28386}}
{{4681, 28388}, {0, 0}, {0, 0}, {0, 0}, {0, 0}, {0, 0}, {0, 0}, {0, 329735}}
task_forecast [6128, 6127, 6128, 6127, 6127, 6128, 6128, 6128]
capacity [13, 49008, 49008, 49498]
task_forecast [6128, 6127, 6128, 6127, 6127, 6128, 6128, 6128]
new binding: ['gpu_0', 'gpu_0', 'gpu_0', 'gpu_0', 'gpu_0', 'gpu_0', 'gpu_0', 'gpu_0'] renamed below
new binding: ['gpu_0', 'gpu_0', 'gpu_0', 'gpu_0', 'gpu_0', 'gpu_0', 'gpu_0', 'gpu_0'] expected th 21.564 vs max th 82.24
WT 70500 GVT 285093.0 COM 10792 TH (com per msec) 21.584 MAX TH 82.24
WT 71000 GVT 286318.0 COM 10776 TH (com per msec) 21.552 MAX TH 82.24
WT 71500 GVT 287544.0 COM 10792 TH (com per msec) 21.584 MAX TH 82.24
WT 72000 GVT 288769.0 COM 10776 TH (com per msec) 21.552 MAX TH 82.24
WT 72500 GVT 289995.0 COM 10792 TH (com per msec) 21.584 MAX TH 82.24
{{0, 323405}, {5415, 33683}, {0, 0}, {0, 0}, {0, 0}, {0, 0}, {0, 0}, {0, 0}}
{{0, 0}, {0, 299666}, {1821, 28999}, {0, 0}, {0, 0}, {0, 0}, {0, 0}, {0, 0}}
{{0, 0}, {0, 0}, {0, 292928}, {5192, 28999}, {0, 0}, {0, 0}, {0, 0}, {0, 0}}
{{0, 0}, {0, 0}, {0, 0}, {0, 310943}, {1676, 28999}, {0, 0}, {0, 0}, {0, 0}}
{{0, 0}, {0, 0}, {0, 0}, {0, 0}, {0, 293688}, {4268, 28999}, {0, 0}, {0, 0}}
{{0, 0}, {0, 0}, {0, 0}, {0, 0}, {0, 0}, {0, 316554}, {4255, 28999}, {0, 0}}
{{0, 0}, {0, 0}, {0, 0}, {0, 0}, {0, 0}, {0, 0}, {0, 314899}, {8327, 28999}}
{{4681, 29001}, {0, 0}, {0, 0}, {0, 0}, {0, 0}, {0, 0}, {0, 0}, {0, 335863}}
task_forecast [6127, 6128, 6127, 6128, 6128, 6127, 6127, 6127]
capacity [49019, 49019, 49019, 49509]
task_forecast [6127, 6128, 6127, 6128, 6128, 6127, 6127, 6127]
new binding: ['fpga_0', 'fpga_0', 'cpu_0', 'gpu_0', 'cpu_0', 'cpu_0', 'cpu_0', 'gpu_0'] renamed below
new binding: ['fpga_0', 'fpga_0', 'cpu_0', 'gpu_0', 'cpu_0', 'cpu_0', 'cpu_0', 'gpu_0'] expected th 43.448499999999996 vs max th 82.24
WT 73000 GVT 292331.0 COM 21723 TH (com per msec) 43.446 MAX TH 82.24
WT 73500 GVT 294668.0 COM 21725 TH (com per msec) 43.45 MAX TH 82.24
WT 74000 GVT 297004.0 COM 21730 TH (com per msec) 43.46 MAX TH 82.24
WT 74500 GVT 299340.0 COM 21717 TH (com per msec) 43.434 MAX TH 82.24
WT 75000 GVT 301677.0 COM 21738 TH (com per msec) 43.476 MAX TH 82.24
{{0, 349569}, {7748, 37186}, {0, 0}, {0, 0}, {0, 0}, {0, 0}, {0, 0}, {0, 0}}
{{0, 0}, {0, 314861}, {1821, 30169}, {0, 0}, {0, 0}, {0, 0}, {0, 0}, {0, 0}}
{{0, 0}, {0, 0}, {0, 304611}, {6360, 30167}, {0, 0}, {0, 0}, {0, 0}, {0, 0}}
{{0, 0}, {0, 0}, {0, 0}, {0, 330803}, {1676, 30168}, {0, 0}, {0, 0}, {0, 0}}
{{0, 0}, {0, 0}, {0, 0}, {0, 0}, {0, 305370}, {4268, 30167}, {0, 0}, {0, 0}}
{{0, 0}, {0, 0}, {0, 0}, {0, 0}, {0, 0}, {0, 328236}, {4255, 30167}, {0, 0}}
{{0, 0}, {0, 0}, {0, 0}, {0, 0}, {0, 0}, {0, 0}, {0, 326582}, {9495, 30167}}
{{5849, 30170}, {0, 0}, {0, 0}, {0, 0}, {0, 0}, {0, 0}, {0, 0}, {0, 355721}}
task_forecast [27333, 16361, 11683, 21028, 11683, 11682, 11682, 21027]
capacity [47197, 42055, 44130, 42475]
task_forecast [27333, 16361, 11683, 21028, 11683, 11682, 11682, 21027]
new binding: ['fpga_0', 'cpu_1', 'cpu_1', 'cpu_0', 'cpu_0', 'cpu_0', 'cpu_1', 'fpga_0'] renamed below
new binding: ['fpga_0', 'cpu_0', 'cpu_0', 'cpu_1', 'cpu_1', 'cpu_1', 'cpu_0', 'fpga_0'] expected th 56.134 vs max th 82.24
WT 75500 GVT 304808.0 COM 27970 TH (com per msec) 55.94 MAX TH 82.24
WT 76000 GVT 307952.0 COM 28070 TH (com per msec) 56.14 MAX TH 82.24
WT 76500 GVT 311097.0 COM 28069 TH (com per msec) 56.138 MAX TH 82.24
WT 77000 GVT 314241.0 COM 28070 TH (com per msec) 56.14 MAX TH 82.24
WT 77500 GVT 317386.0 COM 28068 TH (com per msec) 56.136 MAX TH 82.24
{{0, 365332}, {7757, 38765}, {0, 0}, {0, 0}, {0, 0}, {0, 0}, {0, 0}, {0, 0}}
{{0, 0}, {0, 330570}, {1821, 31738}, {0, 0}, {0, 0}, {0, 0}, {0, 0}, {0, 0}}
{{0, 0}, {0, 0}, {0, 320319}, {6776, 31738}, {0, 0}, {0, 0}, {0, 0}, {0, 0}}
{{0, 0}, {0, 0}, {0, 0}, {0, 346953}, {1676, 31738}, {0, 0}, {0, 0}, {0, 0}}
{{0, 0}, {0, 0}, {0, 0}, {0, 0}, {0, 321080}, {4268, 31738}, {0, 0}, {0, 0}}
{{0, 0}, {0, 0}, {0, 0}, {0, 0}, {0, 0}, {0, 343946}, {4257, 31738}, {0, 0}}
{{0, 0}, {0, 0}, {0, 0}, {0, 0}, {0, 0}, {0, 0}, {0, 342295}, {11066, 31738}}
{{5854, 31741}, {0, 0}, {0, 0}, {0, 0}, {0, 0}, {0, 0}, {0, 0}, {0, 383364}}
task_forecast [15768, 15714, 15709, 16567, 15709, 15710, 15715, 29213]
capacity [47635, 48301, 45413, 155]
task_forecast [15768, 15714, 15709, 16567, 15709, 15710, 15715, 29213]
new binding: ['cpu_0', 'cpu_0', 'cpu_0', 'cpu_1', 'cpu_1', 'cpu_1', 'fpga_0', 'fpga_0'] renamed below
new binding: ['cpu_0', 'cpu_0', 'cpu_0', 'cpu_1', 'cpu_1', 'cpu_1', 'fpga_0', 'fpga_0'] expected th 56.4555 vs max th 82.24
WT 78000 GVT 320550.0 COM 28218 TH (com per msec) 56.436 MAX TH 82.24
WT 78500 GVT 323715.0 COM 28236 TH (com per msec) 56.472 MAX TH 82.24
WT 79000 GVT 326880.0 COM 28228 TH (com per msec) 56.456 MAX TH 82.24
WT 79500 GVT 330044.0 COM 28228 TH (com per msec) 56.456 MAX TH 82.24
WT 80000 GVT 333209.0 COM 28227 TH (com per msec) 56.454 MAX TH 82.24
{{0, 381530}, {7757, 40347}, {0, 0}, {0, 0}, {0, 0}, {0, 0}, {0, 0}, {0, 0}}
{{0, 0}, {0, 346397}, {1821, 33321}, {0, 0}, {0, 0}, {0, 0}, {0, 0}, {0, 0}}
{{0, 0}, {0, 0}, {0, 336147}, {6778, 33321}, {0, 0}, {0, 0}, {0, 0}, {0, 0}}
{{0, 0}, {0, 0}, {0, 0}, {0, 362777}, {1676, 33320}, {0, 0}, {0, 0}, {0, 0}}
{{0, 0}, {0, 0}, {0, 0}, {0, 0}, {0, 336902}, {4268, 33320}, {0, 0}, {0, 0}}
{{0, 0}, {0, 0}, {0, 0}, {0, 0}, {0, 0}, {0, 359768}, {5832, 33320}, {0, 0}}
{{0, 0}, {0, 0}, {0, 0}, {0, 0}, {0, 0}, {0, 0}, {0, 369774}, {11073, 33321}}
{{6167, 33323}, {0, 0}, {0, 0}, {0, 0}, {0, 0}, {0, 0}, {0, 0}, {0, 399238}}
task_forecast [16510, 15828, 15827, 15826, 15822, 15822, 29054, 15882]
capacity [48645, 47944, 45386, 44937]
task_forecast [16510, 15828, 15827, 15826, 15822, 15822, 29054, 15882]
new binding: ['gpu_0', 'gpu_0', 'gpu_0', 'gpu_0', 'gpu_0', 'gpu_0', 'gpu_0', 'gpu_0'] renamed below
new binding: ['gpu_0', 'gpu_0', 'gpu_0', 'gpu_0', 'gpu_0', 'gpu_0', 'gpu_0', 'gpu_0'] expected th 21.564 vs max th 82.24
WT 80500 GVT 334437.0 COM 10809 TH (com per msec) 21.618 MAX TH 82.24
WT 81000 GVT 335662.0 COM 10784 TH (com per msec) 21.568 MAX TH 82.24
WT 81500 GVT 336888.0 COM 10784 TH (com per msec) 21.568 MAX TH 82.24
WT 82000 GVT 338113.0 COM 10784 TH (com per msec) 21.568 MAX TH 82.24
WT 82500 GVT 339339.0 COM 10784 TH (com per msec) 21.568 MAX TH 82.24
{{0, 387656}, {7757, 40960}, {0, 0}, {0, 0}, {0, 0}, {0, 0}, {0, 0}, {0, 0}}
{{0, 0}, {0, 352522}, {1821, 33933}, {0, 0}, {0, 0}, {0, 0}, {0, 0}, {0, 0}}
{{0, 0}, {0, 0}, {0, 342272}, {6778, 33933}, {0, 0}, {0, 0}, {0, 0}, {0, 0}}
{{0, 0}, {0, 0}, {0, 0}, {0, 368907}, {1676, 33933}, {0, 0}, {0, 0}, {0, 0}}
{{0, 0}, {0, 0}, {0, 0}, {0, 0}, {0, 343032}, {4268, 33933}, {0, 0}, {0, 0}}
{{0, 0}, {0, 0}, {0, 0}, {0, 0}, {0, 0}, {0, 365898}, {5833, 33933}, {0, 0}}
{{0, 0}, {0, 0}, {0, 0}, {0, 0}, {0, 0}, {0, 0}, {0, 375904}, {11073, 33933}}
{{6167, 33935}, {0, 0}, {0, 0}, {0, 0}, {0, 0}, {0, 0}, {0, 0}, {0, 405362}}
task_forecast [6126, 6124, 6125, 6129, 6130, 6130, 6131, 6124]
capacity [49019, 49019, 49019, 49509]
task_forecast [6126, 6124, 6125, 6129, 6130, 6130, 6131, 6124]
new binding: ['cpu_1', 'cpu_1', 'cpu_1', 'cpu_1', 'cpu_1', 'cpu_1', 'cpu_1', 'cpu_1'] renamed below
new binding: ['cpu_0', 'cpu_0', 'cpu_0', 'cpu_0', 'cpu_0', 'cpu_0', 'cpu_0', 'cpu_0'] expected th 21.564 vs max th 82.24
WT 83000 GVT 340564.0 COM 10784 TH (com per msec) 21.568 MAX TH 82.24
WT 83500 GVT 341790.0 COM 10784 TH (com per msec) 21.568 MAX TH 82.24
WT 84000 GVT 343015.0 COM 10784 TH (com per msec) 21.568 MAX TH 82.24
WT 84500 GVT 344241.0 COM 10792 TH (com per msec) 21.584 MAX TH 82.24
WT 85000 GVT 345466.0 COM 10776 TH (com per msec) 21.552 MAX TH 82.24
{{0, 393783}, {7757, 41572}, {0, 0}, {0, 0}, {0, 0}, {0, 0}, {0, 0}, {0, 0}}
{{0, 0}, {0, 358649}, {1821, 34546}, {0, 0}, {0, 0}, {0, 0}, {0, 0}, {0, 0}}
{{0, 0}, {0, 0}, {0, 348400}, {6778, 34546}, {0, 0}, {0, 0}, {0, 0}, {0, 0}}
{{0, 0}, {0, 0}, {0, 0}, {0, 375035}, {1676, 34546}, {0, 0}, {0, 0}, {0, 0}}
{{0, 0}, {0, 0}, {0, 0}, {0, 0}, {0, 349159}, {4268, 34546}, {0, 0}, {0, 0}}
{{0, 0}, {0, 0}, {0, 0}, {0, 0}, {0, 0}, {0, 372026}, {5833, 34546}, {0, 0}}
{{0, 0}, {0, 0}, {0, 0}, {0, 0}, {0, 0}, {0, 0}, {0, 382031}, {11073, 34546}}
{{6167, 34548}, {0, 0}, {0, 0}, {0, 0}, {0, 0}, {0, 0}, {0, 0}, {0, 411489}}
task_forecast [6127, 6128, 6128, 6128, 6127, 6128, 6127, 6126]
capacity [49502, 7, 7, 7]
task_forecast [6127, 6128, 6128, 6128, 6127, 6128, 6127, 6126]
new binding: ['cpu_0', 'cpu_0', 'cpu_0', 'cpu_0', 'cpu_0', 'cpu_0', 'cpu_0', 'cpu_0'] renamed below
new binding: ['cpu_0', 'cpu_0', 'cpu_0', 'cpu_0', 'cpu_0', 'cpu_0', 'cpu_0', 'cpu_0'] expected th 21.564 vs max th 82.24
WT 85500 GVT 346692.0 COM 10792 TH (com per msec) 21.584 MAX TH 82.24
WT 86000 GVT 347917.0 COM 10776 TH (com per msec) 21.552 MAX TH 82.24
WT 86500 GVT 349143.0 COM 10792 TH (com per msec) 21.584 MAX TH 82.24
WT 87000 GVT 350368.0 COM 10776 TH (com per msec) 21.552 MAX TH 82.24
WT 87500 GVT 351594.0 COM 10792 TH (com per msec) 21.584 MAX TH 82.24
{{0, 399909}, {7757, 42185}, {0, 0}, {0, 0}, {0, 0}, {0, 0}, {0, 0}, {0, 0}}
{{0, 0}, {0, 364777}, {1821, 35159}, {0, 0}, {0, 0}, {0, 0}, {0, 0}, {0, 0}}
{{0, 0}, {0, 0}, {0, 354527}, {6778, 35159}, {0, 0}, {0, 0}, {0, 0}, {0, 0}}
{{0, 0}, {0, 0}, {0, 0}, {0, 381162}, {1676, 35159}, {0, 0}, {0, 0}, {0, 0}}
{{0, 0}, {0, 0}, {0, 0}, {0, 0}, {0, 355287}, {4268, 35159}, {0, 0}, {0, 0}}
{{0, 0}, {0, 0}, {0, 0}, {0, 0}, {0, 0}, {0, 378153}, {5833, 35159}, {0, 0}}
{{0, 0}, {0, 0}, {0, 0}, {0, 0}, {0, 0}, {0, 0}, {0, 388159}, {11073, 35159}}
{{6167, 35161}, {0, 0}, {0, 0}, {0, 0}, {0, 0}, {0, 0}, {0, 0}, {0, 417617}}
task_forecast [6127, 6127, 6127, 6127, 6128, 6127, 6128, 6128]
capacity [49509, 49019, 49019, 49019]
task_forecast [6127, 6127, 6127, 6127, 6128, 6127, 6128, 6128]
new binding: ['fpga_0', 'fpga_0', 'fpga_0', 'fpga_0', 'fpga_0', 'fpga_0', 'fpga_0', 'fpga_0'] renamed below
new binding: ['fpga_0', 'fpga_0', 'fpga_0', 'fpga_0', 'fpga_0', 'fpga_0', 'fpga_0', 'fpga_0'] expected th 21.564 vs max th 82.24
WT 88000 GVT 352819.0 COM 10776 TH (com per msec) 21.552 MAX TH 82.24
WT 88500 GVT 354045.0 COM 10792 TH (com per msec) 21.584 MAX TH 82.24
WT 89000 GVT 355270.0 COM 10776 TH (com per msec) 21.552 MAX TH 82.24
WT 89500 GVT 356496.0 COM 10792 TH (com per msec) 21.584 MAX TH 82.24
WT 90000 GVT 357721.0 COM 10784 TH (com per msec) 21.568 MAX TH 82.24
{{0, 406037}, {7757, 42798}, {0, 0}, {0, 0}, {0, 0}, {0, 0}, {0, 0}, {0, 0}}
{{0, 0}, {0, 370904}, {1821, 35772}, {0, 0}, {0, 0}, {0, 0}, {0, 0}, {0, 0}}
{{0, 0}, {0, 0}, {0, 360654}, {6778, 35772}, {0, 0}, {0, 0}, {0, 0}, {0, 0}}
{{0, 0}, {0, 0}, {0, 0}, {0, 387289}, {1676, 35772}, {0, 0}, {0, 0}, {0, 0}}
{{0, 0}, {0, 0}, {0, 0}, {0, 0}, {0, 361414}, {4268, 35772}, {0, 0}, {0, 0}}
{{0, 0}, {0, 0}, {0, 0}, {0, 0}, {0, 0}, {0, 384281}, {5833, 35772}, {0, 0}}
{{0, 0}, {0, 0}, {0, 0}, {0, 0}, {0, 0}, {0, 0}, {0, 394287}, {11073, 35772}}
{{6167, 35774}, {0, 0}, {0, 0}, {0, 0}, {0, 0}, {0, 0}, {0, 0}, {0, 423744}}
task_forecast [6127, 6127, 6128, 6127, 6127, 6128, 6128, 6127]
capacity [13, 49006, 49496, 49006]
task_forecast [6127, 6127, 6128, 6127, 6127, 6128, 6128, 6127]
new binding: ['fpga_0', 'fpga_0', 'fpga_0', 'fpga_0', 'fpga_0', 'fpga_0', 'fpga_0', 'fpga_0'] renamed below
new binding: ['fpga_0', 'fpga_0', 'fpga_0', 'fpga_0', 'fpga_0', 'fpga_0', 'fpga_0', 'fpga_0'] expected th 21.564 vs max th 82.24
WT 90500 GVT 358947.0 COM 10784 TH (com per msec) 21.568 MAX TH 82.24
WT 91000 GVT 360172.0 COM 10784 TH (com per msec) 21.568 MAX TH 82.24
WT 91500 GVT 361398.0 COM 10784 TH (com per msec) 21.568 MAX TH 82.24
WT 92000 GVT 362623.0 COM 10784 TH (com per msec) 21.568 MAX TH 82.24
WT 92500 GVT 363849.0 COM 10784 TH (com per msec) 21.568 MAX TH 82.24
{{0, 412165}, {7757, 43410}, {0, 0}, {0, 0}, {0, 0}, {0, 0}, {0, 0}, {0, 0}}
{{0, 0}, {0, 377032}, {1821, 36384}, {0, 0}, {0, 0}, {0, 0}, {0, 0}, {0, 0}}
{{0, 0}, {0, 0}, {0, 366782}, {6778, 36384}, {0, 0}, {0, 0}, {0, 0}, {0, 0}}
{{0, 0}, {0, 0}, {0, 0}, {0, 393417}, {1676, 36384}, {0, 0}, {0, 0}, {0, 0}}
{{0, 0}, {0, 0}, {0, 0}, {0, 0}, {0, 367542}, {4268, 36384}, {0, 0}, {0, 0}}
{{0, 0}, {0, 0}, {0, 0}, {0, 0}, {0, 0}, {0, 390408}, {5833, 36384}, {0, 0}}
{{0, 0}, {0, 0}, {0, 0}, {0, 0}, {0, 0}, {0, 0}, {0, 400413}, {11073, 36384}}
{{6167, 36386}, {0, 0}, {0, 0}, {0, 0}, {0, 0}, {0, 0}, {0, 0}, {0, 429872}}
task_forecast [6128, 6128, 6127, 6128, 6128, 6127, 6127, 6128]
capacity [49021, 49021, 49511, 49021]
task_forecast [6128, 6128, 6127, 6128, 6128, 6127, 6127, 6128]
new binding: ['fpga_0', 'fpga_0', 'cpu_0', 'gpu_0', 'cpu_0', 'cpu_0', 'cpu_0', 'gpu_0'] renamed below
new binding: ['fpga_0', 'fpga_0', 'cpu_0', 'gpu_0', 'cpu_0', 'cpu_0', 'cpu_0', 'gpu_0'] expected th 43.448499999999996 vs max th 82.24
WT 93000 GVT 366185.0 COM 21721 TH (com per msec) 43.442 MAX TH 82.24
WT 93500 GVT 368521.0 COM 21730 TH (com per msec) 43.46 MAX TH 82.24
WT 94000 GVT 370858.0 COM 21725 TH (com per msec) 43.45 MAX TH 82.24
WT 94500 GVT 373194.0 COM 21730 TH (com per msec) 43.46 MAX TH 82.24
WT 95000 GVT 375530.0 COM 21717 TH (com per msec) 43.434 MAX TH 82.24
{{0, 438330}, {10089, 46912}, {0, 0}, {0, 0}, {0, 0}, {0, 0}, {0, 0}, {0, 0}}
{{0, 0}, {0, 392224}, {1821, 37554}, {0, 0}, {0, 0}, {0, 0}, {0, 0}, {0, 0}}
{{0, 0}, {0, 0}, {0, 378463}, {7946, 37553}, {0, 0}, {0, 0}, {0, 0}, {0, 0}}
{{0, 0}, {0, 0}, {0, 0}, {0, 413274}, {1676, 37553}, {0, 0}, {0, 0}, {0, 0}}
{{0, 0}, {0, 0}, {0, 0}, {0, 0}, {0, 379223}, {4268, 37553}, {0, 0}, {0, 0}}
{{0, 0}, {0, 0}, {0, 0}, {0, 0}, {0, 0}, {0, 402090}, {5833, 37553}, {0, 0}}
{{0, 0}, {0, 0}, {0, 0}, {0, 0}, {0, 0}, {0, 0}, {0, 412096}, {12242, 37553}}
{{7336, 37555}, {0, 0}, {0, 0}, {0, 0}, {0, 0}, {0, 0}, {0, 0}, {0, 449730}}
task_forecast [27335, 16358, 11681, 21025, 11682, 11682, 11682, 21028]
capacity [47194, 42053, 44129, 42473]
task_forecast [27335, 16358, 11681, 21025, 11682, 11682, 11682, 21028]
new binding: ['gpu_0', 'cpu_1', 'cpu_0', 'cpu_0', 'cpu_0', 'cpu_1', 'cpu_1', 'gpu_0'] renamed below
new binding: ['gpu_0', 'cpu_0', 'cpu_1', 'cpu_1', 'cpu_1', 'cpu_0', 'cpu_0', 'gpu_0'] expected th 56.134 vs max th 82.24
WT 95500 GVT 378659.0 COM 27959 TH (com per msec) 55.918 MAX TH 82.24
WT 96000 GVT 381803.0 COM 28070 TH (com per msec) 56.14 MAX TH 82.24
WT 96500 GVT 384948.0 COM 28069 TH (com per msec) 56.138 MAX TH 82.24
WT 97000 GVT 388092.0 COM 28070 TH (com per msec) 56.14 MAX TH 82.24
WT 97500 GVT 391238.0 COM 28076 TH (com per msec) 56.152 MAX TH 82.24
{{0, 454104}, {10101, 48494}, {0, 0}, {0, 0}, {0, 0}, {0, 0}, {0, 0}, {0, 0}}
{{0, 0}, {0, 407936}, {2232, 39123}, {0, 0}, {0, 0}, {0, 0}, {0, 0}, {0, 0}}
{{0, 0}, {0, 0}, {0, 394582}, {7951, 39123}, {0, 0}, {0, 0}, {0, 0}, {0, 0}}
{{0, 0}, {0, 0}, {0, 0}, {0, 429015}, {1676, 39123}, {0, 0}, {0, 0}, {0, 0}}
{{0, 0}, {0, 0}, {0, 0}, {0, 0}, {0, 394931}, {4269, 39123}, {0, 0}, {0, 0}}
{{0, 0}, {0, 0}, {0, 0}, {0, 0}, {0, 0}, {0, 417798}, {5833, 39123}, {0, 0}}
{{0, 0}, {0, 0}, {0, 0}, {0, 0}, {0, 0}, {0, 0}, {0, 427803}, {13812, 39123}}
{{7342, 39126}, {0, 0}, {0, 0}, {0, 0}, {0, 0}, {0, 0}, {0, 0}, {0, 477364}}
task_forecast [15780, 15719, 16530, 15747, 15707, 15709, 15707, 29203]
capacity [47637, 48252, 207, 45405]
task_forecast [15780, 15719, 16530, 15747, 15707, 15709, 15707, 29203]
new binding: ['cpu_1', 'cpu_1', 'cpu_1', 'cpu_0', 'cpu_0', 'cpu_0', 'gpu_0', 'gpu_0'] renamed below
new binding: ['cpu_0', 'cpu_0', 'cpu_0', 'cpu_1', 'cpu_1', 'cpu_1', 'gpu_0', 'gpu_0'] expected th 56.4555 vs max th 82.24
WT 98000 GVT 394401.0 COM 28223 TH (com per msec) 56.446 MAX TH 82.24
WT 98500 GVT 397566.0 COM 28230 TH (com per msec) 56.46 MAX TH 82.24
WT 99000 GVT 400730.0 COM 28223 TH (com per msec) 56.446 MAX TH 82.24
WT 99500 GVT 403895.0 COM 28240 TH (com per msec) 56.48 MAX TH 82.24
WT 100000 GVT 407060.0 COM 28230 TH (com per msec) 56.46 MAX TH 82.24
{{0, 470254}, {10101, 50076}, {0, 0}, {0, 0}, {0, 0}, {0, 0}, {0, 0}, {0, 0}}
{{0, 0}, {0, 423763}, {2234, 40706}, {0, 0}, {0, 0}, {0, 0}, {0, 0}, {0, 0}}
{{0, 0}, {0, 0}, {0, 410410}, {7951, 40706}, {0, 0}, {0, 0}, {0, 0}, {0, 0}}
{{0, 0}, {0, 0}, {0, 0}, {0, 444838}, {1676, 40706}, {0, 0}, {0, 0}, {0, 0}}
{{0, 0}, {0, 0}, {0, 0}, {0, 0}, {0, 410753}, {4269, 40706}, {0, 0}, {0, 0}}
{{0, 0}, {0, 0}, {0, 0}, {0, 0}, {0, 0}, {0, 433619}, {7409, 40705}, {0, 0}}
{{0, 0}, {0, 0}, {0, 0}, {0, 0}, {0, 0}, {0, 0}, {0, 455292}, {13818, 40706}}
{{7672, 40708}, {0, 0}, {0, 0}, {0, 0}, {0, 0}, {0, 0}, {0, 0}, {0, 493232}}
task_forecast [16480, 15826, 15830, 15822, 15822, 15822, 29065, 15875]
capacity [48615, 47944, 44938, 45387]
task_forecast [16480, 15826, 15830, 15822, 15822, 15822, 29065, 15875]
new binding: ['fpga_0', 'fpga_0', 'fpga_0', 'fpga_0', 'fpga_0', 'fpga_0', 'fpga_0', 'fpga_0'] renamed below
new binding: ['fpga_0', 'fpga_0', 'fpga_0', 'fpga_0', 'fpga_0', 'fpga_0', 'fpga_0', 'fpga_0'] expected th 21.564 vs max th 82.24
WT 100500 GVT 408287.0 COM 10801 TH (com per msec) 21.602 MAX TH 82.24
WT 101000 GVT 409513.0 COM 10792 TH (com per msec) 21.584 MAX TH 82.24
WT 101500 GVT 410738.0 COM 10776 TH (com per msec) 21.552 MAX TH 82.24
WT 102000 GVT 411964.0 COM 10792 TH (com per msec) 21.584 MAX TH 82.24
WT 102500 GVT 413189.0 COM 10776 TH (com per msec) 21.552 MAX TH 82.24
{{0, 476381}, {10101, 50689}, {0, 0}, {0, 0}, {0, 0}, {0, 0}, {0, 0}, {0, 0}}
{{0, 0}, {0, 429888}, {2234, 41318}, {0, 0}, {0, 0}, {0, 0}, {0, 0}, {0, 0}}
{{0, 0}, {0, 0}, {0, 416536}, {7951, 41319}, {0, 0}, {0, 0}, {0, 0}, {0, 0}}
{{0, 0}, {0, 0}, {0, 0}, {0, 450968}, {1676, 41319}, {0, 0}, {0, 0}, {0, 0}}
{{0, 0}, {0, 0}, {0, 0}, {0, 0}, {0, 416882}, {4269, 41318}, {0, 0}, {0, 0}}
{{0, 0}, {0, 0}, {0, 0}, {0, 0}, {0, 0}, {0, 439749}, {7410, 41318}, {0, 0}}
{{0, 0}, {0, 0}, {0, 0}, {0, 0}, {0, 0}, {0, 0}, {0, 461421}, {13818, 41318}}
{{7672, 41320}, {0, 0}, {0, 0}, {0, 0}, {0, 0}, {0, 0}, {0, 0}, {0, 499355}}
task_forecast [6126, 6125, 6126, 6130, 6129, 6129, 6131, 6122]
capacity [49018, 49018, 49508, 49018]
task_forecast [6126, 6125, 6126, 6130, 6129, 6129, 6131, 6122]
new binding: ['cpu_1', 'cpu_1', 'cpu_1', 'cpu_1', 'cpu_1', 'cpu_1', 'cpu_1', 'cpu_1'] renamed below
new binding: ['cpu_0', 'cpu_0', 'cpu_0', 'cpu_0', 'cpu_0', 'cpu_0', 'cpu_0', 'cpu_0'] expected th 21.564 vs max th 82.24
WT 103000 GVT 414415.0 COM 10792 TH (com per msec) 21.584 MAX TH 82.24
WT 103500 GVT 415640.0 COM 10776 TH (com per msec) 21.552 MAX TH 82.24
WT 104000 GVT 416866.0 COM 10792 TH (com per msec) 21.584 MAX TH 82.24
WT 104500 GVT 418091.0 COM 10784 TH (com per msec) 21.568 MAX TH 82.24
WT 105000 GVT 419317.0 COM 10784 TH (com per msec) 21.568 MAX TH 82.24
{{0, 482508}, {10101, 51301}, {0, 0}, {0, 0}, {0, 0}, {0, 0}, {0, 0}, {0, 0}}
{{0, 0}, {0, 436016}, {2234, 41931}, {0, 0}, {0, 0}, {0, 0}, {0, 0}, {0, 0}}
{{0, 0}, {0, 0}, {0, 422663}, {7951, 41931}, {0, 0}, {0, 0}, {0, 0}, {0, 0}}
{{0, 0}, {0, 0}, {0, 0}, {0, 457095}, {1676, 41931}, {0, 0}, {0, 0}, {0, 0}}
{{0, 0}, {0, 0}, {0, 0}, {0, 0}, {0, 423010}, {4269, 41931}, {0, 0}, {0, 0}}
{{0, 0}, {0, 0}, {0, 0}, {0, 0}, {0, 0}, {0, 445877}, {7410, 41931}, {0, 0}}
{{0, 0}, {0, 0}, {0, 0}, {0, 0}, {0, 0}, {0, 0}, {0, 467548}, {13818, 41931}}
{{7672, 41933}, {0, 0}, {0, 0}, {0, 0}, {0, 0}, {0, 0}, {0, 0}, {0, 505483}}
task_forecast [6127, 6128, 6127, 6127, 6128, 6128, 6127, 6128]
capacity [49503, 7, 7, 7]
task_forecast [6127, 6128, 6127, 6127, 6128, 6128, 6127, 6128]
new binding: ['cpu_0', 'cpu_0', 'cpu_0', 'cpu_0', 'cpu_0', 'cpu_0', 'cpu_0', 'cpu_0'] renamed below
new binding: ['cpu_0', 'cpu_0', 'cpu_0', 'cpu_0', 'cpu_0', 'cpu_0', 'cpu_0', 'cpu_0'] expected th 21.564 vs max th 82.24
WT 105500 GVT 420542.0 COM 10784 TH (com per msec) 21.568 MAX TH 82.24
WT 106000 GVT 421768.0 COM 10784 TH (com per msec) 21.568 MAX TH 82.24
WT 106500 GVT 422993.0 COM 10784 TH (com per msec) 21.568 MAX TH 82.24
WT 107000 GVT 424219.0 COM 10784 TH (com per msec) 21.568 MAX TH 82.24
WT 107500 GVT 425444.0 COM 10784 TH (com per msec) 21.568 MAX TH 82.24
{{0, 488635}, {10101, 51914}, {0, 0}, {0, 0}, {0, 0}, {0, 0}, {0, 0}, {0, 0}}
{{0, 0}, {0, 442144}, {2234, 42544}, {0, 0}, {0, 0}, {0, 0}, {0, 0}, {0, 0}}
{{0, 0}, {0, 0}, {0, 428790}, {7951, 42544}, {0, 0}, {0, 0}, {0, 0}, {0, 0}}
{{0, 0}, {0, 0}, {0, 0}, {0, 463222}, {1676, 42544}, {0, 0}, {0, 0}, {0, 0}}
{{0, 0}, {0, 0}, {0, 0}, {0, 0}, {0, 429137}, {4269, 42544}, {0, 0}, {0, 0}}
{{0, 0}, {0, 0}, {0, 0}, {0, 0}, {0, 0}, {0, 452005}, {7410, 42544}, {0, 0}}
{{0, 0}, {0, 0}, {0, 0}, {0, 0}, {0, 0}, {0, 0}, {0, 473676}, {13818, 42544}}
{{7672, 42546}, {0, 0}, {0, 0}, {0, 0}, {0, 0}, {0, 0}, {0, 0}, {0, 511610}}
task_forecast [6127, 6128, 6128, 6127, 6127, 6128, 6127, 6127]
capacity [49509, 49019, 49019, 49019]
task_forecast [6127, 6128, 6128, 6127, 6127, 6128, 6127, 6127]
new binding: ['gpu_0', 'gpu_0', 'gpu_0', 'gpu_0', 'gpu_0', 'gpu_0', 'gpu_0', 'gpu_0'] renamed below
new binding: ['gpu_0', 'gpu_0', 'gpu_0', 'gpu_0', 'gpu_0', 'gpu_0', 'gpu_0', 'gpu_0'] expected th 21.564 vs max th 82.24
WT 108000 GVT 426669.0 COM 10776 TH (com per msec) 21.552 MAX TH 82.24
WT 108500 GVT 427895.0 COM 10792 TH (com per msec) 21.584 MAX TH 82.24
WT 109000 GVT 429120.0 COM 10776 TH (com per msec) 21.552 MAX TH 82.24
WT 109500 GVT 430346.0 COM 10792 TH (com per msec) 21.584 MAX TH 82.24
WT 110000 GVT 431571.0 COM 10784 TH (com per msec) 21.568 MAX TH 82.24
{{0, 494763}, {10101, 52527}, {0, 0}, {0, 0}, {0, 0}, {0, 0}, {0, 0}, {0, 0}}
{{0, 0}, {0, 448270}, {2234, 43157}, {0, 0}, {0, 0}, {0, 0}, {0, 0}, {0, 0}}
{{0, 0}, {0, 0}, {0, 434918}, {7951, 43157}, {0, 0}, {0, 0}, {0, 0}, {0, 0}}
{{0, 0}, {0, 0}, {0, 0}, {0, 469349}, {1676, 43157}, {0, 0}, {0, 0}, {0, 0}}
{{0, 0}, {0, 0}, {0, 0}, {0, 0}, {0, 435264}, {4269, 43157}, {0, 0}, {0, 0}}
{{0, 0}, {0, 0}, {0, 0}, {0, 0}, {0, 0}, {0, 458132}, {7410, 43157}, {0, 0}}
{{0, 0}, {0, 0}, {0, 0}, {0, 0}, {0, 0}, {0, 0}, {0, 479804}, {13818, 43157}}
{{7672, 43159}, {0, 0}, {0, 0}, {0, 0}, {0, 0}, {0, 0}, {0, 0}, {0, 517738}}
task_forecast [6128, 6126, 6127, 6128, 6127, 6127, 6128, 6128]
capacity [11, 49008, 49008, 49498]
task_forecast [6128, 6126, 6127, 6128, 6127, 6127, 6128, 6128]
new binding: ['gpu_0', 'gpu_0', 'gpu_0', 'gpu_0', 'gpu_0', 'gpu_0', 'gpu_0', 'gpu_0'] renamed below
new binding: ['gpu_0', 'gpu_0', 'gpu_0', 'gpu_0', 'gpu_0', 'gpu_0', 'gpu_0', 'gpu_0'] expected th 21.564 vs max th 82.24
WT 110500 GVT 432797.0 COM 10784 TH (com per msec) 21.568 MAX TH 82.24
WT 111000 GVT 434022.0 COM 10784 TH (com per msec) 21.568 MAX TH 82.24
WT 111500 GVT 435248.0 COM 10784 TH (com per msec) 21.568 MAX TH 82.24
WT 112000 GVT 436473.0 COM 10784 TH (com per msec) 21.568 MAX TH 82.24
WT 112500 GVT 437699.0 COM 10784 TH (com per msec) 21.568 MAX TH 82.24
{{0, 500890}, {10101, 53139}, {0, 0}, {0, 0}, {0, 0}, {0, 0}, {0, 0}, {0, 0}}
{{0, 0}, {0, 454398}, {2234, 43769}, {0, 0}, {0, 0}, {0, 0}, {0, 0}, {0, 0}}
{{0, 0}, {0, 0}, {0, 441045}, {7951, 43769}, {0, 0}, {0, 0}, {0, 0}, {0, 0}}
{{0, 0}, {0, 0}, {0, 0}, {0, 475477}, {1676, 43769}, {0, 0}, {0, 0}, {0, 0}}
{{0, 0}, {0, 0}, {0, 0}, {0, 0}, {0, 441392}, {4269, 43769}, {0, 0}, {0, 0}}
{{0, 0}, {0, 0}, {0, 0}, {0, 0}, {0, 0}, {0, 464260}, {7410, 43770}, {0, 0}}
{{0, 0}, {0, 0}, {0, 0}, {0, 0}, {0, 0}, {0, 0}, {0, 485932}, {13818, 43770}}
{{7672, 43771}, {0, 0}, {0, 0}, {0, 0}, {0, 0}, {0, 0}, {0, 0}, {0, 523865}}
task_forecast [6127, 6128, 6128, 6127, 6128, 6128, 6128, 6127]
capacity [49021, 49021, 49021, 49511]
task_forecast [6127, 6128, 6128, 6127, 6128, 6128, 6128, 6127]
new binding: ['gpu_0', 'gpu_0', 'gpu_0', 'gpu_0', 'gpu_0', 'gpu_0', 'gpu_0', 'gpu_0'] renamed below
new binding: ['gpu_0', 'gpu_0', 'gpu_0', 'gpu_0', 'gpu_0', 'gpu_0', 'gpu_0', 'gpu_0'] expected th 21.564 vs max th 82.24
WT 113000 GVT 438924.0 COM 10784 TH (com per msec) 21.568 MAX TH 82.24
WT 113500 GVT 440150.0 COM 10784 TH (com per msec) 21.568 MAX TH 82.24
WT 114000 GVT 441375.0 COM 10784 TH (com per msec) 21.568 MAX TH 82.24
WT 114500 GVT 442601.0 COM 10792 TH (com per msec) 21.584 MAX TH 82.24
WT 115000 GVT 443826.0 COM 10776 TH (com per msec) 21.552 MAX TH 82.24
{{0, 507017}, {10101, 53752}, {0, 0}, {0, 0}, {0, 0}, {0, 0}, {0, 0}, {0, 0}}
{{0, 0}, {0, 460526}, {2234, 44382}, {0, 0}, {0, 0}, {0, 0}, {0, 0}, {0, 0}}
{{0, 0}, {0, 0}, {0, 447173}, {7951, 44382}, {0, 0}, {0, 0}, {0, 0}, {0, 0}}
{{0, 0}, {0, 0}, {0, 0}, {0, 481605}, {1676, 44382}, {0, 0}, {0, 0}, {0, 0}}
{{0, 0}, {0, 0}, {0, 0}, {0, 0}, {0, 447520}, {4269, 44382}, {0, 0}, {0, 0}}
{{0, 0}, {0, 0}, {0, 0}, {0, 0}, {0, 0}, {0, 470387}, {7410, 44382}, {0, 0}}
{{0, 0}, {0, 0}, {0, 0}, {0, 0}, {0, 0}, {0, 0}, {0, 492058}, {13818, 44382}}
{{7672, 44384}, {0, 0}, {0, 0}, {0, 0}, {0, 0}, {0, 0}, {0, 0}, {0, 529992}}
task_forecast [6127, 6128, 6127, 6128, 6128, 6127, 6126, 6128]
capacity [49019, 49019, 49019, 49509]
task_forecast [6127, 6128, 6127, 6128, 6128, 6127, 6126, 6128]
new binding: ['fpga_0', 'fpga_0', 'cpu_0', 'gpu_0', 'cpu_0', 'cpu_0', 'cpu_0', 'gpu_0'] renamed below
new binding: ['fpga_0', 'fpga_0', 'cpu_0', 'gpu_0', 'cpu_0', 'cpu_0', 'cpu_0', 'gpu_0'] expected th 43.448499999999996 vs max th 82.24
WT 115500 GVT 446163.0 COM 21731 TH (com per msec) 43.462 MAX TH 82.24
WT 116000 GVT 448499.0 COM 21717 TH (com per msec) 43.434 MAX TH 82.24
WT 116500 GVT 450836.0 COM 21738 TH (com per msec) 43.476 MAX TH 82.24
WT 117000 GVT 453172.0 COM 21730 TH (com per msec) 43.46 MAX TH 82.24
WT 117500 GVT 455509.0 COM 21725 TH (com per msec) 43.45 MAX TH 82.24
{{0, 533184}, {12435, 57256}, {0, 0}, {0, 0}, {0, 0}, {0, 0}, {0, 0}, {0, 0}}
{{0, 0}, {0, 475718}, {2234, 45552}, {0, 0}, {0, 0}, {0, 0}, {0, 0}, {0, 0}}
{{0, 0}, {0, 0}, {0, 458855}, {9119, 45550}, {0, 0}, {0, 0}, {0, 0}, {0, 0}}
{{0, 0}, {0, 0}, {0, 0}, {0, 501464}, {1676, 45551}, {0, 0}, {0, 0}, {0, 0}}
{{0, 0}, {0, 0}, {0, 0}, {0, 0}, {0, 459202}, {4269, 45550}, {0, 0}, {0, 0}}
{{0, 0}, {0, 0}, {0, 0}, {0, 0}, {0, 0}, {0, 482069}, {7410, 45550}, {0, 0}}
{{0, 0}, {0, 0}, {0, 0}, {0, 0}, {0, 0}, {0, 0}, {0, 503741}, {14986, 45550}}
{{8840, 45553}, {0, 0}, {0, 0}, {0, 0}, {0, 0}, {0, 0}, {0, 0}, {0, 549852}}
task_forecast [27335, 16358, 11682, 21028, 11682, 11682, 11684, 21027]
capacity [47197, 42055, 44129, 42475]
task_forecast [27335, 16358, 11682, 21028, 11682, 11682, 11684, 21027]
new binding: ['fpga_0', 'cpu_1', 'cpu_0', 'cpu_0', 'cpu_0', 'cpu_1', 'cpu_1', 'fpga_0'] renamed below
new binding: ['fpga_0', 'cpu_0', 'cpu_1', 'cpu_1', 'cpu_1', 'cpu_0', 'cpu_0', 'fpga_0'] expected th 56.134 vs max th 82.24
WT 118000 GVT 458639.0 COM 27963 TH (com per msec) 55.926 MAX TH 82.24
WT 118500 GVT 461783.0 COM 28070 TH (com per msec) 56.14 MAX TH 82.24
WT 119000 GVT 464929.0 COM 28076 TH (com per msec) 56.152 MAX TH 82.24
WT 119500 GVT 468073.0 COM 28070 TH (com per msec) 56.14 MAX TH 82.24
WT 120000 GVT 471218.0 COM 28069 TH (com per msec) 56.138 MAX TH 82.24
{{0, 548943}, {12443, 58834}, {0, 0}, {0, 0}, {0, 0}, {0, 0}, {0, 0}, {0, 0}}
{{0, 0}, {0, 491429}, {2646, 47121}, {0, 0}, {0, 0}, {0, 0}, {0, 0}, {0, 0}}
{{0, 0}, {0, 0}, {0, 474975}, {9124, 47121}, {0, 0}, {0, 0}, {0, 0}, {0, 0}}
{{0, 0}, {0, 0}, {0, 0}, {0, 517201}, {1676, 47121}, {0, 0}, {0, 0}, {0, 0}}
{{0, 0}, {0, 0}, {0, 0}, {0, 0}, {0, 474911}, {4271, 47121}, {0, 0}, {0, 0}}
{{0, 0}, {0, 0}, {0, 0}, {0, 0}, {0, 0}, {0, 497784}, {7410, 47121}, {0, 0}}
{{0, 0}, {0, 0}, {0, 0}, {0, 0}, {0, 0}, {0, 0}, {0, 519450}, {16557, 47121}}
{{8845, 47124}, {0, 0}, {0, 0}, {0, 0}, {0, 0}, {0, 0}, {0, 0}, {0, 577495}}
task_forecast [15765, 15716, 16533, 15741, 15709, 15717, 15709, 29214]
capacity [47635, 48303, 45414, 151]
task_forecast [15765, 15716, 16533, 15741, 15709, 15717, 15709, 29214]
new binding: ['cpu_1', 'cpu_1', 'cpu_1', 'cpu_0', 'cpu_0', 'cpu_0', 'fpga_0', 'fpga_0'] renamed below
new binding: ['cpu_0', 'cpu_0', 'cpu_0', 'cpu_1', 'cpu_1', 'cpu_1', 'fpga_0', 'fpga_0'] expected th 56.4555 vs max th 82.24
WT 120500 GVT 474382.0 COM 28228 TH (com per msec) 56.456 MAX TH 82.24
WT 121000 GVT 477546.0 COM 28219 TH (com per msec) 56.438 MAX TH 82.24
WT 121500 GVT 480710.1 COM 28236 TH (com per msec) 56.472 MAX TH 82.24
WT 122000 GVT 483875.0 COM 28220 TH (com per msec) 56.44 MAX TH 82.24
WT 122500 GVT 487040.0 COM 28227 TH (com per msec) 56.454 MAX TH 82.24
{{0, 565139}, {12443, 60416}, {0, 0}, {0, 0}, {0, 0}, {0, 0}, {0, 0}, {0, 0}}
{{0, 0}, {0, 507255}, {2647, 48704}, {0, 0}, {0, 0}, {0, 0}, {0, 0}, {0, 0}}
{{0, 0}, {0, 0}, {0, 490804}, {9124, 48704}, {0, 0}, {0, 0}, {0, 0}, {0, 0}}
{{0, 0}, {0, 0}, {0, 0}, {0, 533023}, {1676, 48704}, {0, 0}, {0, 0}, {0, 0}}
{{0, 0}, {0, 0}, {0, 0}, {0, 0}, {0, 490733}, {4271, 48704}, {0, 0}, {0, 0}}
{{0, 0}, {0, 0}, {0, 0}, {0, 0}, {0, 0}, {0, 513606}, {8988, 48703}, {0, 0}}
{{0, 0}, {0, 0}, {0, 0}, {0, 0}, {0, 0}, {0, 0}, {0, 546951}, {16562, 48704}}
{{9159, 48706}, {0, 0}, {0, 0}, {0, 0}, {0, 0}, {0, 0}, {0, 0}, {0, 593348}}
task_forecast [16510, 15826, 15829, 15822, 15822, 15822, 29079, 15858]
capacity [48646, 47942, 45384, 44935]
task_forecast [16510, 15826, 15829, 15822, 15822, 15822, 29079, 15858]
new binding: ['cpu_0', 'cpu_0', 'cpu_1', 'cpu_1', 'cpu_1', 'fpga_0', 'fpga_0', 'cpu_0'] renamed below
new binding: ['cpu_0', 'cpu_0', 'cpu_1', 'cpu_1', 'cpu_1', 'fpga_0', 'fpga_0', 'cpu_0'] expected th 56.449 vs max th 82.24
WT 123000 GVT 490206.0 COM 28243 TH (com per msec) 56.486 MAX TH 82.24
WT 123500 GVT 493370.0 COM 28219 TH (com per msec) 56.438 MAX TH 82.24
WT 124000 GVT 496535.0 COM 28236 TH (com per msec) 56.472 MAX TH 82.24
WT 124500 GVT 499699.0 COM 28220 TH (com per msec) 56.44 MAX TH 82.24
ENDED TRACE FOR Actor(id:1,lvt:499999.0,next:inf)
END SIMULATION LOOP QUEUE EMPTY False @ CAN_END True @ WT 124546.36998828758 @ GVT 499993.0
Writing program to temp file
File written
Writing program to temp file
File written
Writing program to temp file
File written
Writing program to temp file
File written
Writing program to temp file
File written
Writing program to temp file
File written
Writing program to temp file
File written
Writing program to temp file
File written
Writing program to temp file
File written
Writing program to temp file
File written
Writing program to temp file
File written
Writing program to temp file
File written
Writing program to temp file
File written
Writing program to temp file
File written
Writing program to temp file
File written
Writing program to temp file
File written
Writing program to temp file
File written
Writing program to temp file
File written
Writing program to temp file
File written
Writing program to temp file
File written
Writing program to temp file
File written
Writing program to temp file
File written
Writing program to temp file
File written
Writing program to temp file
File written
Writing program to temp file
File written
Writing program to temp file
File written
Writing program to temp file
File written
Writing program to temp file
File written
Writing program to temp file
File written
Writing program to temp file
File written
Writing program to temp file
File written
Writing program to temp file
File written
Writing program to temp file
File written
Writing program to temp file
File written
Writing program to temp file
File written
Writing program to temp file
File written
Writing program to temp file
File written
Writing program to temp file
File written
Writing program to temp file
File written
Writing program to temp file
File written
Writing program to temp file
File written
Writing program to temp file
File written
Writing program to temp file
File written
Writing program to temp file
File written
Writing program to temp file
File written
Writing program to temp file
File written
Writing program to temp file
File written
Writing program to temp file
File written
Writing program to temp file
File written
