hardware.py found
loading hardware.py from metasimulation/simulation_7-micro-hotspot/hardware.py into module hardware
global_constants.py found
loading global_constants.py from metasimulation/simulation_7-micro-hotspot/global_constants.py into module global_constants
trace found (metasimulation/simulation_7-micro-hotspot/trace_1000.0s_200.0b_200.0i_16actors_10.0imb_12.0rate.trace)
Loading trace metasimulation/simulation_7-micro-hotspot/trace_1000.0s_200.0b_200.0i_16actors_10.0imb_12.0rate.trace...Done
Building annoyance_matrix and communication_matrix for 16 actors...Done
Loading hardware configuration...Done
Building computing units...Done
Building assignment...['cpu_0', 'cpu_1', 'cpu_2', 'cpu_3', 'fpga_0', 'gpu_0', 'gpu_1', 'cpu_0', 'cpu_1', 'cpu_2', 'cpu_3', 'fpga_0', 'gpu_0', 'gpu_1', 'cpu_0', 'cpu_1']
done
Populate device queue with new actors...done
Populate simulator queue...done
initialize DDM...done
BEGIN SIMULATION LOOP
WT 500 GVT 1.3198 COM 391 TH (com per msec) 0.782 MAX TH 0
WT 1000 GVT 11.3084 COM 3466 TH (com per msec) 6.932 MAX TH 0
WT 1500 GVT 12.1678 COM 420 TH (com per msec) 0.84 MAX TH 0
WT 2000 GVT 11.3286 COM 118 TH (com per msec) 0.236 MAX TH 0
WT 2500 GVT 12.1306 COM 453 TH (com per msec) 0.906 MAX TH 0
{{0, 0}, {231, 938}, {109, 212}, {90, 133}, {22, 105}, {218, 740}, {131, 208}, {208, 487}, {3, 16}, {191, 471}, {129, 178}, {107, 274}, {26, 49}, {322, 661}, {76, 204}, {198, 609}}
{{163, 358}, {0, 0}, {18, 100}, {34, 87}, {41, 113}, {45, 51}, {252, 467}, {99, 581}, {14, 99}, {111, 347}, {409, 500}, {48, 132}, {7, 16}, {12, 34}, {116, 141}, {29, 78}}
{{7, 39}, {25, 64}, {0, 0}, {216, 361}, {300, 781}, {210, 273}, {123, 644}, {117, 640}, {46, 144}, {474, 1401}, {203, 661}, {6, 66}, {22, 43}, {103, 427}, {302, 763}, {128, 619}}
{{373, 618}, {42, 423}, {68, 516}, {0, 0}, {166, 865}, {28, 88}, {489, 786}, {567, 959}, {478, 973}, {303, 645}, {65, 161}, {1, 28}, {56, 99}, {144, 289}, {45, 90}, {2, 14}}
{{304, 422}, {25, 287}, {134, 305}, {99, 155}, {0, 0}, {12, 14}, {10, 18}, {48, 108}, {226, 298}, {306, 654}, {117, 174}, {45, 297}, {514, 838}, {47, 70}, {436, 1159}, {20, 40}}
{{161, 514}, {224, 1100}, {47, 114}, {207, 814}, {390, 926}, {0, 0}, {334, 877}, {137, 674}, {148, 824}, {39, 103}, {24, 45}, {23, 558}, {18, 82}, {190, 289}, {68, 573}, {154, 780}}
{{368, 1198}, {223, 700}, {121, 222}, {201, 349}, {82, 369}, {440, 1226}, {0, 0}, {951, 1917}, {77, 264}, {162, 506}, {85, 210}, {33, 623}, {380, 1176}, {323, 668}, {188, 366}, {330, 1110}}
{{57, 311}, {213, 770}, {266, 475}, {48, 152}, {81, 208}, {143, 370}, {15, 27}, {0, 0}, {56, 123}, {369, 676}, {95, 127}, {103, 416}, {405, 622}, {183, 481}, {27, 299}, {88, 208}}
{{543, 1206}, {56, 95}, {366, 588}, {188, 429}, {68, 394}, {17, 30}, {16, 28}, {514, 743}, {0, 0}, {203, 469}, {194, 444}, {97, 498}, {253, 704}, {290, 554}, {400, 1073}, {207, 559}}
{{184, 1030}, {30, 98}, {386, 857}, {215, 892}, {215, 863}, {464, 845}, {30, 83}, {186, 572}, {266, 628}, {0, 0}, {556, 791}, {386, 1359}, {253, 389}, {204, 406}, {5, 105}, {54, 246}}
{{10, 320}, {7, 37}, {86, 339}, {581, 2333}, {240, 654}, {57, 426}, {292, 663}, {86, 927}, {34, 117}, {448, 1023}, {0, 0}, {117, 654}, {21, 45}, {457, 1054}, {26, 1099}, {503, 1005}}
{{17, 62}, {273, 716}, {263, 421}, {357, 712}, {373, 764}, {187, 331}, {8, 17}, {81, 128}, {84, 201}, {196, 348}, {128, 261}, {0, 0}, {227, 316}, {30, 51}, {102, 153}, {161, 287}}
{{398, 671}, {41, 1467}, {406, 710}, {24, 76}, {12, 269}, {48, 150}, {279, 1046}, {58, 217}, {193, 376}, {304, 560}, {841, 2017}, {17, 363}, {0, 0}, {50, 107}, {70, 162}, {67, 584}}
{{70, 282}, {103, 428}, {214, 378}, {501, 1230}, {150, 724}, {63, 273}, {1110, 2375}, {29, 141}, {289, 679}, {289, 1043}, {77, 113}, {62, 231}, {206, 439}, {0, 0}, {115, 792}, {2, 16}}
{{81, 545}, {203, 827}, {108, 209}, {464, 702}, {36, 190}, {20, 45}, {310, 434}, {311, 471}, {554, 904}, {14, 21}, {7, 14}, {401, 811}, {27, 38}, {106, 261}, {0, 0}, {133, 184}}
{{11, 39}, {77, 404}, {39, 58}, {2, 6}, {6, 19}, {307, 506}, {139, 263}, {31, 308}, {27, 84}, {6, 28}, {41, 72}, {376, 1080}, {477, 783}, {682, 1040}, {27, 95}, {0, 0}}
task_forecast [4948, 3262, 5891, 6203, 4322, 6075, 8321, 5120, 6398, 7734, 8491, 4192, 7195, 7479, 4776, 4362]
capacity [14992, 14162, 13761, 14840, 8599, 13402, 15958]
task_forecast [4948, 3262, 5891, 6203, 4322, 6075, 8321, 5120, 6398, 7734, 8491, 4192, 7195, 7479, 4776, 4362]
new binding: ['fpga_0', 'fpga_0', 'fpga_0', 'fpga_0', 'fpga_0', 'fpga_0', 'fpga_0', 'fpga_0', 'fpga_0', 'fpga_0', 'fpga_0', 'fpga_0', 'fpga_0', 'fpga_0', 'fpga_0', 'fpga_0'] renamed below
WT 3000 GVT 54.8338 COM 8255 TH (com per msec) 16.51 MAX TH 0
WT 3500 GVT 99.0455 COM 8312 TH (com per msec) 16.624 MAX TH 0
WT 4000 GVT 142.2066 COM 8358 TH (com per msec) 16.716 MAX TH 0
WT 4500 GVT 185.524 COM 8360 TH (com per msec) 16.72 MAX TH 0
WT 5000 GVT 228.268 COM 8331 TH (com per msec) 16.662 MAX TH 0
{{0, 333}, {231, 1089}, {109, 380}, {90, 265}, {22, 257}, {220, 885}, {131, 350}, {208, 638}, {3, 166}, {191, 590}, {132, 357}, {109, 422}, {26, 230}, {322, 802}, {76, 345}, {201, 761}}
{{163, 886}, {0, 0}, {18, 239}, {34, 227}, {41, 256}, {45, 196}, {252, 629}, {99, 697}, {14, 238}, {111, 519}, {409, 668}, {48, 280}, {7, 160}, {12, 181}, {116, 303}, {29, 239}}
{{7, 555}, {25, 198}, {0, 0}, {216, 500}, {302, 951}, {210, 431}, {123, 780}, {117, 796}, {46, 276}, {474, 1552}, {203, 814}, {6, 205}, {22, 195}, {103, 585}, {302, 905}, {128, 762}}
{{373, 1142}, {42, 583}, {68, 677}, {0, 0}, {166, 1007}, {28, 239}, {489, 943}, {567, 1088}, {480, 1116}, {305, 788}, {66, 312}, {1, 172}, {56, 248}, {144, 444}, {45, 238}, {2, 177}}
{{311, 908}, {25, 454}, {134, 441}, {99, 300}, {0, 0}, {12, 150}, {10, 142}, {48, 269}, {227, 459}, {306, 806}, {117, 320}, {46, 443}, {514, 995}, {47, 232}, {438, 1331}, {20, 183}}
{{161, 1031}, {224, 1242}, {47, 267}, {209, 977}, {392, 1071}, {0, 0}, {335, 1018}, {137, 821}, {148, 968}, {39, 280}, {24, 193}, {23, 717}, {18, 251}, {190, 454}, {70, 736}, {154, 937}}
{{368, 1697}, {223, 863}, {121, 370}, {201, 491}, {82, 532}, {440, 1391}, {0, 0}, {952, 2091}, {77, 414}, {162, 672}, {85, 351}, {33, 764}, {380, 1325}, {323, 851}, {188, 497}, {330, 1240}}
{{57, 772}, {216, 930}, {266, 640}, {48, 292}, {83, 342}, {143, 528}, {15, 193}, {0, 0}, {57, 293}, {369, 840}, {95, 262}, {103, 566}, {405, 773}, {183, 619}, {27, 461}, {88, 361}}
{{543, 1665}, {56, 222}, {366, 733}, {188, 565}, {68, 536}, {17, 209}, {16, 157}, {516, 884}, {0, 0}, {203, 597}, {194, 584}, {97, 641}, {253, 840}, {290, 699}, {402, 1209}, {207, 699}}
{{184, 1527}, {30, 256}, {387, 1009}, {216, 1047}, {217, 1003}, {464, 1001}, {30, 248}, {187, 736}, {266, 766}, {0, 0}, {559, 936}, {386, 1506}, {253, 531}, {204, 567}, {5, 252}, {54, 397}}
{{10, 829}, {7, 174}, {86, 477}, {581, 2501}, {240, 815}, {58, 591}, {293, 806}, {86, 1074}, {34, 267}, {448, 1181}, {0, 0}, {117, 795}, {21, 196}, {458, 1203}, {27, 1258}, {505, 1181}}
{{17, 543}, {273, 854}, {263, 590}, {357, 857}, {373, 916}, {187, 475}, {8, 162}, {81, 281}, {85, 362}, {196, 488}, {128, 413}, {0, 0}, {229, 466}, {30, 189}, {106, 303}, {161, 429}}
{{398, 1164}, {41, 1594}, {408, 891}, {24, 233}, {12, 418}, {48, 301}, {279, 1196}, {58, 365}, {193, 516}, {304, 688}, {841, 2167}, {17, 507}, {0, 0}, {50, 261}, {70, 319}, {67, 729}}
{{70, 831}, {103, 570}, {214, 532}, {502, 1384}, {150, 886}, {63, 425}, {1111, 2529}, {29, 299}, {291, 823}, {291, 1188}, {77, 257}, {62, 384}, {207, 582}, {0, 0}, {115, 934}, {2, 152}}
{{81, 1053}, {203, 967}, {108, 375}, {464, 844}, {36, 336}, {20, 192}, {312, 583}, {315, 619}, {554, 1077}, {14, 199}, {7, 146}, {403, 968}, {27, 202}, {106, 418}, {0, 0}, {133, 343}}
{{11, 575}, {77, 565}, {39, 206}, {2, 167}, {6, 164}, {311, 669}, {139, 425}, {31, 452}, {27, 227}, {6, 176}, {41, 219}, {378, 1235}, {480, 919}, {684, 1190}, {27, 237}, {0, 0}}
task_forecast [2578, 2614, 2579, 2619, 2590, 2683, 2643, 2604, 2424, 2611, 2646, 2560, 2568, 2622, 2657, 2635]
capacity [83266, 83266, 83266, 83266, 42049, 83266, 83266]
task_forecast [2578, 2614, 2579, 2619, 2590, 2683, 2643, 2604, 2424, 2611, 2646, 2560, 2568, 2622, 2657, 2635]
new binding: ['cpu_0', 'cpu_0', 'cpu_0', 'cpu_0', 'cpu_0', 'cpu_0', 'cpu_0', 'cpu_0', 'cpu_0', 'cpu_0', 'cpu_0', 'cpu_0', 'cpu_0', 'cpu_0', 'cpu_0', 'cpu_0'] renamed below
WT 5500 GVT 252.2043 COM 4527 TH (com per msec) 9.054 MAX TH 0
WT 6000 GVT 276.1453 COM 4549 TH (com per msec) 9.098 MAX TH 0
WT 6500 GVT 299.6518 COM 4552 TH (com per msec) 9.104 MAX TH 0
WT 7000 GVT 323.8504 COM 4566 TH (com per msec) 9.132 MAX TH 0
WT 7500 GVT 347.0301 COM 4538 TH (com per msec) 9.076 MAX TH 0
{{0, 1769}, {231, 1089}, {109, 380}, {90, 265}, {22, 257}, {220, 885}, {131, 350}, {208, 638}, {3, 166}, {191, 590}, {132, 357}, {109, 422}, {26, 230}, {322, 802}, {76, 345}, {201, 761}}
{{163, 2307}, {0, 0}, {18, 239}, {34, 227}, {41, 256}, {45, 196}, {252, 629}, {99, 697}, {14, 238}, {111, 519}, {409, 668}, {48, 280}, {7, 160}, {12, 181}, {116, 303}, {29, 239}}
{{7, 1925}, {25, 198}, {0, 0}, {216, 500}, {302, 951}, {210, 431}, {123, 780}, {117, 796}, {46, 276}, {474, 1552}, {203, 814}, {6, 205}, {22, 195}, {103, 585}, {302, 905}, {128, 762}}
{{373, 2599}, {42, 583}, {68, 677}, {0, 0}, {166, 1007}, {28, 239}, {489, 943}, {567, 1088}, {480, 1116}, {305, 788}, {66, 312}, {1, 172}, {56, 248}, {144, 444}, {45, 238}, {2, 177}}
{{311, 2332}, {25, 454}, {134, 441}, {99, 300}, {0, 0}, {12, 150}, {10, 142}, {48, 269}, {227, 459}, {306, 806}, {117, 320}, {46, 443}, {514, 995}, {47, 232}, {438, 1331}, {20, 183}}
{{161, 2421}, {224, 1242}, {47, 267}, {209, 977}, {392, 1071}, {0, 0}, {335, 1018}, {137, 821}, {148, 968}, {39, 280}, {24, 193}, {23, 717}, {18, 251}, {190, 454}, {70, 736}, {154, 937}}
{{368, 3030}, {223, 863}, {121, 370}, {201, 491}, {82, 532}, {440, 1391}, {0, 0}, {952, 2091}, {77, 414}, {162, 672}, {85, 351}, {33, 764}, {380, 1325}, {323, 851}, {188, 497}, {330, 1240}}
{{57, 2188}, {216, 930}, {266, 640}, {48, 292}, {83, 342}, {143, 528}, {15, 193}, {0, 0}, {57, 293}, {369, 840}, {95, 262}, {103, 566}, {405, 773}, {183, 619}, {27, 461}, {88, 361}}
{{543, 3059}, {56, 222}, {366, 733}, {188, 565}, {68, 536}, {17, 209}, {16, 157}, {516, 884}, {0, 0}, {203, 597}, {194, 584}, {97, 641}, {253, 840}, {290, 699}, {402, 1209}, {207, 699}}
{{184, 2918}, {30, 256}, {387, 1009}, {216, 1047}, {217, 1003}, {464, 1001}, {30, 248}, {187, 736}, {266, 766}, {0, 0}, {559, 936}, {386, 1506}, {253, 531}, {204, 567}, {5, 252}, {54, 397}}
{{10, 2268}, {7, 174}, {86, 477}, {581, 2501}, {240, 815}, {58, 591}, {293, 806}, {86, 1074}, {34, 267}, {448, 1181}, {0, 0}, {117, 795}, {21, 196}, {458, 1203}, {27, 1258}, {505, 1181}}
{{17, 2003}, {273, 854}, {263, 590}, {357, 857}, {373, 916}, {187, 475}, {8, 162}, {81, 281}, {85, 362}, {196, 488}, {128, 413}, {0, 0}, {229, 466}, {30, 189}, {106, 303}, {161, 429}}
{{398, 2625}, {41, 1594}, {408, 891}, {24, 233}, {12, 418}, {48, 301}, {279, 1196}, {58, 365}, {193, 516}, {304, 688}, {841, 2167}, {17, 507}, {0, 0}, {50, 261}, {70, 319}, {67, 729}}
{{70, 2289}, {103, 570}, {214, 532}, {502, 1384}, {150, 886}, {63, 425}, {1111, 2529}, {29, 299}, {291, 823}, {291, 1188}, {77, 257}, {62, 384}, {207, 582}, {0, 0}, {115, 934}, {2, 152}}
{{81, 2545}, {203, 967}, {108, 375}, {464, 844}, {36, 336}, {20, 192}, {312, 583}, {315, 619}, {554, 1077}, {14, 199}, {7, 146}, {403, 968}, {27, 202}, {106, 418}, {0, 0}, {133, 343}}
{{11, 1971}, {77, 565}, {39, 206}, {2, 167}, {6, 164}, {311, 669}, {139, 425}, {31, 452}, {27, 227}, {6, 176}, {41, 219}, {378, 1235}, {480, 919}, {684, 1190}, {27, 237}, {0, 0}}
task_forecast [1435, 1420, 1371, 1455, 1424, 1390, 1333, 1416, 1394, 1390, 1439, 1459, 1460, 1455, 1491, 1394]
capacity [22953, 90904, 90904, 90904, 90904, 90904, 90904]
task_forecast [1435, 1420, 1371, 1455, 1424, 1390, 1333, 1416, 1394, 1390, 1439, 1459, 1460, 1455, 1491, 1394]
new binding: ['cpu_0', 'cpu_0', 'cpu_0', 'cpu_0', 'cpu_0', 'cpu_0', 'cpu_0', 'cpu_0', 'cpu_0', 'cpu_0', 'cpu_0', 'cpu_0', 'cpu_0', 'cpu_0', 'cpu_0', 'cpu_0'] renamed below
WT 8000 GVT 371.3405 COM 4500 TH (com per msec) 9.0 MAX TH 0
WT 8500 GVT 395.8755 COM 4606 TH (com per msec) 9.212 MAX TH 0
WT 9000 GVT 419.3664 COM 4547 TH (com per msec) 9.094 MAX TH 0
WT 9500 GVT 443.2944 COM 4536 TH (com per msec) 9.072 MAX TH 0
WT 10000 GVT 466.3866 COM 4538 TH (com per msec) 9.076 MAX TH 0
{{0, 2400}, {231, 1141}, {109, 441}, {90, 309}, {22, 310}, {220, 943}, {131, 401}, {208, 681}, {3, 222}, {191, 650}, {132, 418}, {109, 472}, {26, 293}, {322, 863}, {76, 409}, {201, 808}}
{{163, 3000}, {0, 0}, {18, 308}, {34, 281}, {41, 313}, {45, 228}, {252, 687}, {99, 740}, {14, 280}, {111, 569}, {409, 728}, {48, 328}, {7, 221}, {12, 233}, {116, 366}, {29, 297}}
{{7, 2557}, {25, 249}, {0, 0}, {216, 536}, {302, 1015}, {210, 503}, {123, 830}, {117, 855}, {46, 327}, {474, 1604}, {203, 869}, {6, 257}, {22, 248}, {103, 640}, {302, 961}, {128, 815}}
{{373, 3226}, {42, 639}, {68, 733}, {0, 0}, {166, 1058}, {28, 296}, {489, 994}, {567, 1142}, {480, 1170}, {305, 848}, {66, 351}, {1, 233}, {56, 308}, {144, 486}, {45, 298}, {2, 220}}
{{311, 3021}, {25, 508}, {134, 490}, {99, 356}, {0, 0}, {12, 216}, {10, 192}, {48, 325}, {227, 514}, {306, 857}, {117, 373}, {46, 491}, {514, 1038}, {47, 277}, {438, 1380}, {20, 236}}
{{161, 3092}, {224, 1295}, {47, 314}, {209, 1043}, {392, 1137}, {0, 0}, {335, 1069}, {137, 866}, {148, 1028}, {39, 331}, {24, 238}, {23, 779}, {18, 291}, {190, 524}, {70, 793}, {154, 996}}
{{368, 3674}, {223, 909}, {121, 422}, {201, 538}, {82, 588}, {440, 1454}, {0, 0}, {952, 2141}, {77, 457}, {162, 719}, {85, 421}, {33, 814}, {380, 1385}, {323, 908}, {188, 554}, {330, 1294}}
{{57, 2845}, {216, 966}, {266, 693}, {48, 347}, {83, 391}, {143, 584}, {15, 237}, {0, 0}, {57, 342}, {369, 896}, {95, 328}, {103, 612}, {405, 824}, {183, 676}, {27, 518}, {88, 406}}
{{543, 3721}, {56, 280}, {366, 785}, {188, 627}, {68, 600}, {17, 262}, {16, 196}, {516, 949}, {0, 0}, {203, 667}, {194, 637}, {97, 705}, {253, 899}, {290, 750}, {402, 1251}, {207, 742}}
{{184, 3574}, {30, 299}, {387, 1065}, {216, 1107}, {217, 1057}, {464, 1056}, {30, 292}, {187, 789}, {266, 826}, {0, 0}, {559, 995}, {386, 1550}, {253, 576}, {204, 626}, {5, 306}, {54, 439}}
{{10, 2967}, {7, 225}, {86, 530}, {581, 2542}, {240, 861}, {58, 647}, {293, 866}, {86, 1132}, {34, 316}, {448, 1246}, {0, 0}, {117, 852}, {21, 249}, {458, 1258}, {27, 1316}, {505, 1240}}
{{17, 2723}, {273, 908}, {263, 642}, {357, 906}, {373, 976}, {187, 534}, {8, 209}, {81, 343}, {85, 403}, {196, 536}, {128, 462}, {0, 0}, {229, 524}, {30, 243}, {106, 358}, {161, 485}}
{{398, 3283}, {41, 1654}, {408, 942}, {24, 280}, {12, 470}, {48, 363}, {279, 1249}, {58, 427}, {193, 573}, {304, 733}, {841, 2225}, {17, 567}, {0, 0}, {50, 313}, {70, 371}, {67, 782}}
{{70, 2945}, {103, 638}, {214, 572}, {502, 1442}, {150, 944}, {63, 486}, {1111, 2580}, {29, 356}, {291, 870}, {291, 1232}, {77, 315}, {62, 442}, {207, 629}, {0, 0}, {115, 994}, {2, 206}}
{{81, 3182}, {203, 1023}, {108, 429}, {464, 887}, {36, 386}, {20, 245}, {312, 647}, {315, 670}, {554, 1134}, {14, 249}, {7, 200}, {403, 1019}, {27, 253}, {106, 472}, {0, 0}, {133, 397}}
{{11, 2648}, {77, 628}, {39, 262}, {2, 215}, {6, 220}, {311, 728}, {139, 478}, {31, 521}, {27, 270}, {6, 228}, {41, 272}, {378, 1300}, {480, 986}, {684, 1241}, {27, 312}, {0, 0}}
task_forecast [1454, 1439, 1390, 1370, 1417, 1442, 1396, 1377, 1437, 1382, 1460, 1463, 1422, 1415, 1379, 1484]
capacity [22954, 90908, 90908, 90908, 90908, 90908, 90908]
task_forecast [1454, 1439, 1390, 1370, 1417, 1442, 1396, 1377, 1437, 1382, 1460, 1463, 1422, 1415, 1379, 1484]
new binding: ['cpu_0', 'cpu_0', 'cpu_0', 'cpu_0', 'cpu_0', 'cpu_0', 'cpu_0', 'cpu_0', 'cpu_0', 'cpu_0', 'cpu_0', 'cpu_0', 'cpu_0', 'cpu_0', 'cpu_0', 'cpu_0'] renamed below
WT 10500 GVT 489.4527 COM 4542 TH (com per msec) 9.084 MAX TH 0
WT 11000 GVT 513.6865 COM 4590 TH (com per msec) 9.18 MAX TH 0
WT 11500 GVT 536.6673 COM 4509 TH (com per msec) 9.018 MAX TH 0
WT 12000 GVT 560.1972 COM 4553 TH (com per msec) 9.106 MAX TH 0
WT 12500 GVT 584.0063 COM 4546 TH (com per msec) 9.092 MAX TH 0
{{0, 2400}, {231, 1252}, {109, 536}, {90, 412}, {22, 399}, {220, 1029}, {131, 497}, {208, 766}, {3, 323}, {191, 744}, {132, 521}, {109, 567}, {26, 402}, {322, 947}, {76, 508}, {201, 916}}
{{163, 3096}, {0, 0}, {18, 405}, {34, 370}, {41, 414}, {45, 323}, {252, 793}, {99, 823}, {14, 382}, {111, 666}, {409, 806}, {48, 434}, {7, 310}, {12, 332}, {116, 484}, {29, 401}}
{{7, 2667}, {25, 360}, {0, 0}, {216, 623}, {302, 1098}, {210, 586}, {123, 922}, {117, 947}, {46, 421}, {474, 1701}, {203, 969}, {6, 336}, {22, 347}, {103, 720}, {302, 1057}, {128, 911}}
{{373, 3320}, {42, 741}, {68, 826}, {0, 0}, {166, 1148}, {28, 393}, {489, 1085}, {567, 1228}, {480, 1269}, {305, 940}, {66, 453}, {1, 342}, {56, 413}, {144, 597}, {45, 400}, {2, 322}}
{{311, 3111}, {25, 598}, {134, 582}, {99, 461}, {0, 0}, {12, 313}, {10, 286}, {48, 400}, {227, 605}, {306, 954}, {117, 469}, {46, 595}, {514, 1139}, {47, 371}, {438, 1485}, {20, 338}}
{{161, 3181}, {224, 1377}, {47, 413}, {209, 1130}, {392, 1221}, {0, 0}, {335, 1161}, {137, 962}, {148, 1127}, {39, 429}, {24, 332}, {23, 869}, {18, 380}, {190, 599}, {70, 879}, {154, 1105}}
{{368, 3769}, {223, 991}, {121, 510}, {201, 636}, {82, 701}, {440, 1560}, {0, 0}, {952, 2249}, {77, 560}, {162, 810}, {85, 524}, {33, 893}, {380, 1464}, {323, 987}, {188, 646}, {330, 1393}}
{{57, 2926}, {216, 1058}, {266, 783}, {48, 444}, {83, 497}, {143, 688}, {15, 333}, {0, 0}, {57, 432}, {369, 987}, {95, 413}, {103, 707}, {405, 896}, {183, 768}, {27, 615}, {88, 505}}
{{543, 3820}, {56, 371}, {366, 883}, {188, 702}, {68, 688}, {17, 365}, {16, 271}, {516, 1050}, {0, 0}, {203, 775}, {194, 750}, {97, 809}, {253, 1003}, {290, 841}, {402, 1355}, {207, 823}}
{{184, 3676}, {30, 375}, {387, 1147}, {216, 1218}, {217, 1168}, {464, 1164}, {30, 383}, {187, 883}, {266, 917}, {0, 0}, {559, 1091}, {386, 1646}, {253, 661}, {204, 737}, {5, 404}, {54, 528}}
{{10, 3065}, {7, 316}, {86, 641}, {581, 2650}, {240, 969}, {58, 728}, {293, 953}, {86, 1224}, {34, 415}, {448, 1342}, {0, 0}, {117, 956}, {21, 334}, {458, 1351}, {27, 1422}, {505, 1339}}
{{17, 2823}, {273, 1003}, {263, 738}, {357, 1004}, {373, 1078}, {187, 638}, {8, 279}, {81, 450}, {85, 486}, {196, 623}, {128, 542}, {0, 0}, {229, 618}, {30, 329}, {106, 443}, {161, 582}}
{{398, 3378}, {41, 1739}, {408, 1028}, {24, 367}, {12, 557}, {48, 470}, {279, 1344}, {58, 508}, {193, 655}, {304, 815}, {841, 2321}, {17, 646}, {0, 0}, {50, 401}, {70, 479}, {67, 896}}
{{70, 3038}, {103, 729}, {214, 667}, {502, 1553}, {150, 1023}, {63, 595}, {1111, 2669}, {29, 467}, {291, 952}, {291, 1316}, {77, 426}, {62, 531}, {207, 714}, {0, 0}, {115, 1081}, {2, 302}}
{{81, 3268}, {203, 1109}, {108, 514}, {464, 968}, {36, 475}, {20, 331}, {312, 723}, {315, 762}, {554, 1252}, {14, 354}, {7, 289}, {403, 1116}, {27, 341}, {106, 586}, {0, 0}, {133, 480}}
{{11, 2755}, {77, 728}, {39, 355}, {2, 312}, {6, 291}, {311, 816}, {139, 575}, {31, 628}, {27, 368}, {6, 345}, {41, 366}, {378, 1393}, {480, 1087}, {684, 1337}, {27, 416}, {0, 0}}
task_forecast [1459, 1457, 1398, 1472, 1433, 1368, 1414, 1386, 1434, 1441, 1458, 1384, 1372, 1412, 1375, 1463]
capacity [22953, 90904, 90904, 90904, 90904, 90904, 90904]
task_forecast [1459, 1457, 1398, 1472, 1433, 1368, 1414, 1386, 1434, 1441, 1458, 1384, 1372, 1412, 1375, 1463]
new binding: ['cpu_0', 'cpu_0', 'cpu_0', 'cpu_0', 'cpu_0', 'cpu_0', 'cpu_0', 'cpu_0', 'cpu_0', 'cpu_0', 'cpu_0', 'cpu_0', 'cpu_0', 'cpu_0', 'cpu_0', 'cpu_0'] renamed below
WT 13000 GVT 608.1071 COM 4578 TH (com per msec) 9.156 MAX TH 0
WT 13500 GVT 631.7617 COM 4480 TH (com per msec) 8.96 MAX TH 0
WT 14000 GVT 656.1348 COM 4602 TH (com per msec) 9.204 MAX TH 0
WT 14500 GVT 679.8219 COM 4524 TH (com per msec) 9.048 MAX TH 0
WT 15000 GVT 703.411 COM 4580 TH (com per msec) 9.16 MAX TH 0
{{0, 3654}, {231, 1270}, {109, 541}, {90, 425}, {22, 413}, {220, 1040}, {131, 516}, {208, 783}, {3, 337}, {191, 757}, {132, 534}, {109, 582}, {26, 412}, {322, 970}, {76, 524}, {201, 927}}
{{163, 4378}, {0, 0}, {18, 421}, {34, 383}, {41, 426}, {45, 335}, {252, 808}, {99, 836}, {14, 397}, {111, 676}, {409, 819}, {48, 442}, {7, 326}, {12, 349}, {116, 494}, {29, 410}}
{{7, 3875}, {25, 366}, {0, 0}, {216, 637}, {302, 1115}, {210, 597}, {123, 944}, {117, 960}, {46, 433}, {474, 1723}, {203, 982}, {6, 352}, {22, 355}, {103, 739}, {302, 1073}, {128, 927}}
{{373, 4546}, {42, 754}, {68, 838}, {0, 0}, {166, 1159}, {28, 405}, {489, 1097}, {567, 1237}, {480, 1285}, {305, 954}, {66, 474}, {1, 351}, {56, 423}, {144, 617}, {45, 411}, {2, 328}}
{{311, 4380}, {25, 618}, {134, 592}, {99, 475}, {0, 0}, {12, 324}, {10, 294}, {48, 412}, {227, 623}, {306, 968}, {117, 476}, {46, 610}, {514, 1152}, {47, 382}, {438, 1495}, {20, 353}}
{{161, 4444}, {224, 1386}, {47, 428}, {209, 1147}, {392, 1235}, {0, 0}, {335, 1168}, {137, 975}, {148, 1144}, {39, 442}, {24, 349}, {23, 887}, {18, 390}, {190, 610}, {70, 894}, {154, 1120}}
{{368, 4983}, {223, 1006}, {121, 519}, {201, 646}, {82, 715}, {440, 1569}, {0, 0}, {952, 2262}, {77, 580}, {162, 822}, {85, 538}, {33, 906}, {380, 1474}, {323, 999}, {188, 653}, {330, 1410}}
{{57, 4166}, {216, 1073}, {266, 795}, {48, 455}, {83, 512}, {143, 697}, {15, 341}, {0, 0}, {57, 443}, {369, 1002}, {95, 422}, {103, 723}, {405, 906}, {183, 781}, {27, 629}, {88, 526}}
{{543, 5093}, {56, 383}, {366, 894}, {188, 715}, {68, 699}, {17, 385}, {16, 280}, {516, 1067}, {0, 0}, {203, 786}, {194, 759}, {97, 820}, {253, 1018}, {290, 849}, {402, 1368}, {207, 833}}
{{184, 4922}, {30, 388}, {387, 1154}, {216, 1219}, {217, 1178}, {464, 1177}, {30, 392}, {187, 895}, {266, 933}, {0, 0}, {559, 1107}, {386, 1652}, {253, 675}, {204, 749}, {5, 411}, {54, 551}}
{{10, 4346}, {7, 321}, {86, 646}, {581, 2662}, {240, 980}, {58, 739}, {293, 963}, {86, 1238}, {34, 427}, {448, 1350}, {0, 0}, {117, 975}, {21, 342}, {458, 1363}, {27, 1437}, {505, 1345}}
{{17, 4082}, {273, 1018}, {263, 752}, {357, 1019}, {373, 1087}, {187, 654}, {8, 289}, {81, 462}, {85, 499}, {196, 634}, {128, 547}, {0, 0}, {229, 628}, {30, 350}, {106, 457}, {161, 598}}
{{398, 4603}, {41, 1750}, {408, 1035}, {24, 381}, {12, 565}, {48, 480}, {279, 1357}, {58, 515}, {193, 670}, {304, 825}, {841, 2332}, {17, 656}, {0, 0}, {50, 413}, {70, 489}, {67, 902}}
{{70, 4301}, {103, 738}, {214, 682}, {502, 1572}, {150, 1033}, {63, 608}, {1111, 2681}, {29, 478}, {291, 963}, {291, 1328}, {77, 437}, {62, 547}, {207, 730}, {0, 0}, {115, 1090}, {2, 313}}
{{81, 4529}, {203, 1121}, {108, 526}, {464, 984}, {36, 484}, {20, 343}, {312, 732}, {315, 775}, {554, 1261}, {14, 365}, {7, 297}, {403, 1125}, {27, 353}, {106, 596}, {0, 0}, {133, 488}}
{{11, 3933}, {77, 738}, {39, 374}, {2, 318}, {6, 302}, {311, 824}, {139, 588}, {31, 647}, {27, 376}, {6, 357}, {41, 379}, {378, 1408}, {480, 1099}, {684, 1353}, {27, 426}, {0, 0}}
task_forecast [1465, 1459, 1413, 1402, 1447, 1454, 1389, 1420, 1443, 1404, 1428, 1440, 1367, 1436, 1411, 1348]
capacity [22953, 90904, 90904, 90904, 90904, 90904, 90904]
task_forecast [1465, 1459, 1413, 1402, 1447, 1454, 1389, 1420, 1443, 1404, 1428, 1440, 1367, 1436, 1411, 1348]
new binding: ['cpu_0', 'cpu_0', 'cpu_0', 'cpu_0', 'cpu_0', 'cpu_0', 'cpu_0', 'cpu_0', 'cpu_0', 'cpu_0', 'cpu_0', 'cpu_0', 'cpu_0', 'cpu_0', 'cpu_0', 'cpu_0'] renamed below
WT 15500 GVT 726.7697 COM 4532 TH (com per msec) 9.064 MAX TH 0
WT 16000 GVT 750.2886 COM 4513 TH (com per msec) 9.026 MAX TH 0
WT 16500 GVT 773.8475 COM 4561 TH (com per msec) 9.122 MAX TH 0
WT 17000 GVT 798.4248 COM 4559 TH (com per msec) 9.118 MAX TH 0
WT 17500 GVT 822.5092 COM 4550 TH (com per msec) 9.1 MAX TH 0
{{0, 4776}, {231, 1290}, {109, 557}, {90, 440}, {22, 434}, {220, 1058}, {131, 532}, {208, 800}, {3, 360}, {191, 775}, {132, 554}, {109, 603}, {26, 427}, {322, 983}, {76, 547}, {201, 940}}
{{163, 5634}, {0, 0}, {18, 441}, {34, 404}, {41, 443}, {45, 357}, {252, 827}, {99, 846}, {14, 416}, {111, 694}, {409, 840}, {48, 462}, {7, 341}, {12, 371}, {116, 510}, {29, 424}}
{{7, 4990}, {25, 385}, {0, 0}, {216, 658}, {302, 1137}, {210, 611}, {123, 957}, {117, 981}, {46, 449}, {474, 1741}, {203, 1007}, {6, 372}, {22, 371}, {103, 764}, {302, 1090}, {128, 948}}
{{373, 5761}, {42, 773}, {68, 855}, {0, 0}, {166, 1172}, {28, 423}, {489, 1112}, {567, 1263}, {480, 1301}, {305, 979}, {66, 495}, {1, 367}, {56, 442}, {144, 629}, {45, 427}, {2, 351}}
{{311, 5508}, {25, 634}, {134, 609}, {99, 498}, {0, 0}, {12, 342}, {10, 313}, {48, 444}, {227, 646}, {306, 979}, {117, 497}, {46, 631}, {514, 1173}, {47, 397}, {438, 1508}, {20, 374}}
{{161, 5570}, {224, 1408}, {47, 449}, {209, 1167}, {392, 1252}, {0, 0}, {335, 1183}, {137, 993}, {148, 1165}, {39, 465}, {24, 368}, {23, 911}, {18, 410}, {190, 626}, {70, 914}, {154, 1138}}
{{368, 6127}, {223, 1022}, {121, 549}, {201, 666}, {82, 725}, {440, 1585}, {0, 0}, {952, 2284}, {77, 595}, {162, 836}, {85, 556}, {33, 924}, {380, 1489}, {323, 1020}, {188, 672}, {330, 1429}}
{{57, 5375}, {216, 1096}, {266, 813}, {48, 480}, {83, 535}, {143, 719}, {15, 360}, {0, 0}, {57, 459}, {369, 1023}, {95, 433}, {103, 741}, {405, 920}, {183, 793}, {27, 648}, {88, 545}}
{{543, 6308}, {56, 406}, {366, 908}, {188, 728}, {68, 718}, {17, 402}, {16, 293}, {516, 1084}, {0, 0}, {203, 803}, {194, 777}, {97, 828}, {253, 1036}, {290, 859}, {402, 1380}, {207, 849}}
{{184, 6101}, {30, 409}, {387, 1174}, {216, 1230}, {217, 1192}, {464, 1193}, {30, 410}, {187, 918}, {266, 945}, {0, 0}, {559, 1130}, {386, 1662}, {253, 695}, {204, 769}, {5, 425}, {54, 565}}
{{10, 5501}, {7, 340}, {86, 670}, {581, 2682}, {240, 995}, {58, 760}, {293, 977}, {86, 1265}, {34, 445}, {448, 1371}, {0, 0}, {117, 989}, {21, 354}, {458, 1383}, {27, 1456}, {505, 1365}}
{{17, 5289}, {273, 1035}, {263, 771}, {357, 1043}, {373, 1108}, {187, 673}, {8, 310}, {81, 481}, {85, 516}, {196, 650}, {128, 565}, {0, 0}, {229, 645}, {30, 369}, {106, 468}, {161, 617}}
{{398, 5752}, {41, 1773}, {408, 1055}, {24, 392}, {12, 578}, {48, 499}, {279, 1378}, {58, 529}, {193, 680}, {304, 839}, {841, 2347}, {17, 672}, {0, 0}, {50, 428}, {70, 503}, {67, 921}}
{{70, 5479}, {103, 754}, {214, 705}, {502, 1582}, {150, 1047}, {63, 624}, {1111, 2698}, {29, 493}, {291, 985}, {291, 1345}, {77, 455}, {62, 570}, {207, 749}, {0, 0}, {115, 1104}, {2, 331}}
{{81, 5680}, {203, 1139}, {108, 539}, {464, 1006}, {36, 502}, {20, 359}, {312, 753}, {315, 793}, {554, 1275}, {14, 384}, {7, 310}, {403, 1145}, {27, 371}, {106, 615}, {0, 0}, {133, 498}}
{{11, 5103}, {77, 753}, {39, 389}, {2, 337}, {6, 320}, {311, 845}, {139, 600}, {31, 662}, {27, 394}, {6, 377}, {41, 399}, {378, 1422}, {480, 1118}, {684, 1370}, {27, 438}, {0, 0}}
task_forecast [1391, 1508, 1383, 1470, 1399, 1400, 1396, 1469, 1430, 1415, 1417, 1463, 1372, 1420, 1390, 1404]
capacity [22954, 90908, 90908, 90908, 90908, 90908, 90908]
task_forecast [1391, 1508, 1383, 1470, 1399, 1400, 1396, 1469, 1430, 1415, 1417, 1463, 1372, 1420, 1390, 1404]
new binding: ['cpu_0', 'cpu_0', 'cpu_0', 'cpu_0', 'cpu_0', 'cpu_0', 'cpu_0', 'cpu_0', 'cpu_0', 'cpu_0', 'cpu_0', 'cpu_0', 'cpu_0', 'cpu_0', 'cpu_0', 'cpu_0'] renamed below
WT 18000 GVT 846.022 COM 4560 TH (com per msec) 9.12 MAX TH 0
WT 18500 GVT 869.7765 COM 4534 TH (com per msec) 9.068 MAX TH 0
WT 19000 GVT 893.3205 COM 4561 TH (com per msec) 9.122 MAX TH 0
WT 19500 GVT 916.9429 COM 4541 TH (com per msec) 9.082 MAX TH 0
WT 20000 GVT 941.2952 COM 4557 TH (com per msec) 9.114 MAX TH 0
{{0, 4776}, {231, 1390}, {109, 651}, {90, 533}, {22, 537}, {220, 1178}, {131, 629}, {208, 881}, {3, 450}, {191, 877}, {132, 642}, {109, 682}, {26, 528}, {322, 1076}, {76, 641}, {201, 1043}}
{{163, 5724}, {0, 0}, {18, 541}, {34, 485}, {41, 552}, {45, 453}, {252, 959}, {99, 946}, {14, 499}, {111, 797}, {409, 909}, {48, 582}, {7, 434}, {12, 460}, {116, 605}, {29, 504}}
{{7, 5092}, {25, 469}, {0, 0}, {216, 750}, {302, 1228}, {210, 705}, {123, 1031}, {117, 1064}, {46, 545}, {474, 1841}, {203, 1102}, {6, 469}, {22, 467}, {103, 851}, {302, 1186}, {128, 1047}}
{{373, 5860}, {42, 861}, {68, 951}, {0, 0}, {166, 1255}, {28, 532}, {489, 1198}, {567, 1366}, {480, 1385}, {305, 1085}, {66, 602}, {1, 452}, {56, 527}, {144, 718}, {45, 510}, {2, 450}}
{{311, 5615}, {25, 733}, {134, 698}, {99, 600}, {0, 0}, {12, 416}, {10, 406}, {48, 547}, {227, 744}, {306, 1074}, {117, 588}, {46, 717}, {514, 1278}, {47, 490}, {438, 1610}, {20, 497}}
{{161, 5649}, {224, 1513}, {47, 535}, {209, 1261}, {392, 1357}, {0, 0}, {335, 1284}, {137, 1097}, {148, 1257}, {39, 555}, {24, 465}, {23, 1003}, {18, 505}, {190, 735}, {70, 1001}, {154, 1237}}
{{368, 6226}, {223, 1117}, {121, 645}, {201, 759}, {82, 825}, {440, 1667}, {0, 0}, {952, 2371}, {77, 687}, {162, 938}, {85, 662}, {33, 1025}, {380, 1571}, {323, 1124}, {188, 757}, {330, 1534}}
{{57, 5471}, {216, 1187}, {266, 916}, {48, 563}, {83, 650}, {143, 826}, {15, 454}, {0, 0}, {57, 559}, {369, 1104}, {95, 543}, {103, 831}, {405, 1016}, {183, 878}, {27, 741}, {88, 640}}
{{543, 6398}, {56, 491}, {366, 1012}, {188, 816}, {68, 808}, {17, 514}, {16, 391}, {516, 1178}, {0, 0}, {203, 895}, {194, 862}, {97, 908}, {253, 1118}, {290, 952}, {402, 1459}, {207, 950}}
{{184, 6197}, {30, 497}, {387, 1275}, {216, 1319}, {217, 1288}, {464, 1282}, {30, 498}, {187, 1014}, {266, 1044}, {0, 0}, {559, 1239}, {386, 1740}, {253, 787}, {204, 839}, {5, 520}, {54, 663}}
{{10, 5596}, {7, 452}, {86, 767}, {581, 2772}, {240, 1087}, {58, 855}, {293, 1080}, {86, 1365}, {34, 541}, {448, 1466}, {0, 0}, {117, 1087}, {21, 456}, {458, 1467}, {27, 1549}, {505, 1463}}
{{17, 5386}, {273, 1131}, {263, 861}, {357, 1145}, {373, 1210}, {187, 768}, {8, 401}, {81, 563}, {85, 618}, {196, 742}, {128, 670}, {0, 0}, {229, 746}, {30, 481}, {106, 571}, {161, 717}}
{{398, 5855}, {41, 1866}, {408, 1154}, {24, 476}, {12, 689}, {48, 594}, {279, 1477}, {58, 615}, {193, 785}, {304, 942}, {841, 2437}, {17, 771}, {0, 0}, {50, 523}, {70, 587}, {67, 1009}}
{{70, 5577}, {103, 831}, {214, 808}, {502, 1685}, {150, 1136}, {63, 727}, {1111, 2801}, {29, 581}, {291, 1070}, {291, 1425}, {77, 555}, {62, 662}, {207, 835}, {0, 0}, {115, 1203}, {2, 433}}
{{81, 5789}, {203, 1225}, {108, 648}, {464, 1074}, {36, 599}, {20, 472}, {312, 860}, {315, 873}, {554, 1363}, {14, 475}, {7, 383}, {403, 1226}, {27, 464}, {106, 691}, {0, 0}, {133, 595}}
{{11, 5211}, {77, 846}, {39, 468}, {2, 420}, {6, 425}, {311, 960}, {139, 686}, {31, 764}, {27, 486}, {6, 461}, {41, 512}, {378, 1508}, {480, 1202}, {684, 1461}, {27, 541}, {0, 0}}
task_forecast [1438, 1439, 1386, 1402, 1460, 1435, 1429, 1438, 1371, 1383, 1450, 1467, 1432, 1406, 1366, 1424]
capacity [22953, 90904, 90904, 90904, 90904, 90904, 90904]
task_forecast [1438, 1439, 1386, 1402, 1460, 1435, 1429, 1438, 1371, 1383, 1450, 1467, 1432, 1406, 1366, 1424]
new binding: ['cpu_0', 'cpu_0', 'cpu_0', 'cpu_0', 'cpu_0', 'cpu_0', 'cpu_0', 'cpu_0', 'cpu_0', 'cpu_0', 'cpu_0', 'cpu_0', 'cpu_0', 'cpu_0', 'cpu_0', 'cpu_0'] renamed below
WT 20500 GVT 965.101 COM 4516 TH (com per msec) 9.032 MAX TH 0
WT 21000 GVT 988.9198 COM 4573 TH (com per msec) 9.146 MAX TH 0
ENDED TRACE FOR Actor(id:12,lvt:999.8041,next:inf)
END SIMULATION LOOP QUEUE EMPTY False @ CAN_END True @ WT 21222.079999942678 @ GVT 999.5641
Polling...
result is 1
Solution found
Polling indefinitely...
result is 1
Solution found
Polling...
result is 1
Solution found
Polling...
result is 1
Solution found
Polling indefinitely...
result is 1
Solution found
Polling...
result is 1
Solution found
Polling...
result is 1
Solution found
Polling indefinitely...
result is 1
Solution found
