hardware.py found
loading hardware.py from metasimulation/simulation_7-micro-hotspot/hardware.py into module hardware
global_constants.py found
loading global_constants.py from metasimulation/simulation_7-micro-hotspot/global_constants.py into module global_constants
trace found (metasimulation/simulation_7-micro-hotspot/trace_1000.0s_200.0b_200.0i_16actors_10.0imb_12.0rate.trace)
Loading trace metasimulation/simulation_7-micro-hotspot/trace_1000.0s_200.0b_200.0i_16actors_10.0imb_12.0rate.trace...Done
Building annoyance_matrix and communication_matrix for 16 actors...Done
Loading hardware configuration...Done
Building computing units...Done
Building assignment...['cpu_0', 'cpu_1', 'cpu_2', 'cpu_3', 'cpu_4', 'cpu_5', 'cpu_6', 'cpu_7', 'fpga_0', 'gpu_0', 'gpu_1', 'cpu_0', 'cpu_1', 'cpu_2', 'cpu_3', 'cpu_4']
done
Populate device queue with new actors...done
Populate simulator queue...done
initialize Metis...done
BEGIN SIMULATION LOOP
WT 500 GVT 2.3 COM 804 TH (com per msec) 1.608 MAX TH 0
WT 1000 GVT 1.5585 COM 52 TH (com per msec) 0.104 MAX TH 0
WT 1500 GVT 12.2249 COM 3842 TH (com per msec) 7.684 MAX TH 0
WT 2000 GVT 11.3115 COM 198 TH (com per msec) 0.396 MAX TH 0
WT 2500 GVT 12.0941 COM 439 TH (com per msec) 0.878 MAX TH 0
new binding: ['cpu_0', 'cpu_2', 'cpu_1', 'cpu_1', 'cpu_1', 'cpu_0', 'cpu_1', 'cpu_0', 'cpu_0', 'cpu_1', 'cpu_1', 'cpu_0', 'cpu_0', 'cpu_2', 'cpu_2', 'cpu_2'] renamed below
WT 3000 GVT 43.2004 COM 7871 TH (com per msec) 15.742 MAX TH 0
WT 3500 GVT 82.8841 COM 9518 TH (com per msec) 19.036 MAX TH 0
WT 4000 GVT 122.2677 COM 9658 TH (com per msec) 19.316 MAX TH 0
WT 4500 GVT 160.2919 COM 9340 TH (com per msec) 18.68 MAX TH 0
WT 5000 GVT 202.1506 COM 10022 TH (com per msec) 20.044 MAX TH 0
new binding: ['cpu_1', 'cpu_0', 'cpu_1', 'cpu_0', 'cpu_0', 'cpu_1', 'cpu_1', 'cpu_1', 'cpu_0', 'cpu_1', 'cpu_0', 'cpu_0', 'cpu_0', 'cpu_2', 'cpu_2', 'cpu_0'] renamed below
WT 5500 GVT 246.2735 COM 9248 TH (com per msec) 18.496 MAX TH 0
WT 6000 GVT 289.6141 COM 9018 TH (com per msec) 18.036 MAX TH 0
WT 6500 GVT 332.5437 COM 8934 TH (com per msec) 17.868 MAX TH 0
WT 7000 GVT 376.2193 COM 9066 TH (com per msec) 18.132 MAX TH 0
WT 7500 GVT 413.3661 COM 8229 TH (com per msec) 16.458 MAX TH 0
new binding: ['cpu_1', 'cpu_0', 'cpu_0', 'cpu_1', 'cpu_0', 'cpu_1', 'cpu_0', 'cpu_0', 'cpu_0', 'cpu_2', 'cpu_0', 'cpu_1', 'cpu_2', 'cpu_2', 'cpu_1', 'cpu_1'] renamed below
WT 8000 GVT 450.6384 COM 9162 TH (com per msec) 18.324 MAX TH 0
WT 8500 GVT 484.5305 COM 8510 TH (com per msec) 17.02 MAX TH 0
WT 9000 GVT 522.0836 COM 9261 TH (com per msec) 18.522 MAX TH 0
WT 9500 GVT 556.359 COM 8622 TH (com per msec) 17.244 MAX TH 0
WT 10000 GVT 592.8982 COM 8994 TH (com per msec) 17.988 MAX TH 0
new binding: ['cpu_1', 'cpu_0', 'cpu_0', 'cpu_0', 'cpu_0', 'cpu_0', 'cpu_1', 'cpu_1', 'cpu_0', 'cpu_1', 'cpu_2', 'cpu_1', 'cpu_2', 'cpu_2', 'cpu_0', 'cpu_1'] renamed below
WT 10500 GVT 640.3735 COM 9867 TH (com per msec) 19.734 MAX TH 0
WT 11000 GVT 689.2937 COM 9841 TH (com per msec) 19.682 MAX TH 0
WT 11500 GVT 739.8576 COM 10174 TH (com per msec) 20.348 MAX TH 0
ENDED TRACE FOR Actor(id:12,lvt:999.8041,next:inf)
END SIMULATION LOOP QUEUE EMPTY False @ CAN_END True @ WT 11799.360000051289 @ GVT 768.5786
