hardware.py found
loading hardware.py from metasimulation/simulation_7-micro-hotspot/hardware.py into module hardware
global_constants.py found
loading global_constants.py from metasimulation/simulation_7-micro-hotspot/global_constants.py into module global_constants
trace found (metasimulation/simulation_7-micro-hotspot/trace_1000.0s_200.0b_200.0i_16actors_10.0imb_12.0rate.trace)
Loading trace metasimulation/simulation_7-micro-hotspot/trace_1000.0s_200.0b_200.0i_16actors_10.0imb_12.0rate.trace...Done
Building annoyance_matrix and communication_matrix for 16 actors...Done
Loading hardware configuration...Done
Building computing units...Done
Building assignment...['cpu_0', 'cpu_1', 'cpu_2', 'cpu_3', 'fpga_0', 'gpu_0', 'gpu_1', 'cpu_0', 'cpu_1', 'cpu_2', 'cpu_3', 'fpga_0', 'gpu_0', 'gpu_1', 'cpu_0', 'cpu_1']
done
Populate device queue with new actors...done
Populate simulator queue...done
initialize Metis...done
BEGIN SIMULATION LOOP
WT 500 GVT 1.3198 COM 391 TH (com per msec) 0.782 MAX TH 0
WT 1000 GVT 11.3084 COM 3466 TH (com per msec) 6.932 MAX TH 0
WT 1500 GVT 12.1678 COM 420 TH (com per msec) 0.84 MAX TH 0
WT 2000 GVT 11.3286 COM 118 TH (com per msec) 0.236 MAX TH 0
WT 2500 GVT 12.1306 COM 453 TH (com per msec) 0.906 MAX TH 0
[0, 1, 1, 1, 1, 1, 1, 1, 1, 1, 1, 1, 1, 1, 1, 1]
[1, 0, 1, 1, 1, 1, 1, 1, 1, 1, 1, 1, 1, 1, 1, 1]
[1, 1, 0, 1, 1, 1, 1, 1, 1, 1, 1, 1, 1, 1, 1, 1]
[1, 1, 1, 0, 1, 1, 1, 1, 1, 1, 1, 1, 1, 1, 1, 1]
[1, 1, 1, 1, 0, 1, 1, 1, 1, 1, 1, 1, 1, 1, 1, 1]
[1, 1, 1, 1, 1, 0, 1, 1, 1, 1, 1, 1, 1, 1, 1, 1]
[1, 1, 1, 1, 1, 1, 0, 1, 1, 1, 1, 1, 1, 1, 1, 1]
[1, 1, 1, 1, 1, 1, 1, 0, 1, 1, 1, 1, 1, 1, 1, 1]
[1, 1, 1, 1, 1, 1, 1, 1, 0, 1, 1, 1, 1, 1, 1, 1]
[1, 1, 1, 1, 1, 1, 1, 1, 1, 0, 1, 1, 1, 1, 1, 1]
[1, 1, 1, 1, 1, 1, 1, 1, 1, 1, 0, 1, 1, 1, 1, 1]
[1, 1, 1, 1, 1, 1, 1, 1, 1, 1, 1, 0, 1, 1, 1, 1]
[1, 1, 1, 1, 1, 1, 1, 1, 1, 1, 1, 1, 0, 1, 1, 1]
[1, 1, 1, 1, 1, 1, 1, 1, 1, 1, 1, 1, 1, 0, 1, 1]
[1, 1, 1, 1, 1, 1, 1, 1, 1, 1, 1, 1, 1, 1, 0, 1]
[1, 1, 1, 1, 1, 1, 1, 1, 1, 1, 1, 1, 1, 1, 1, 0]
capacity [0.14285714285714285, 0.14285714285714285, 0.14285714285714285, 0.14285714285714285, 0.14285714285714285, 0.14285714285714285, 0.14285714285714285]
task_forecast [4948, 3262, 5891, 6203, 4322, 6075, 8321, 5120, 6398, 7734, 8491, 4192, 7195, 7479, 4776, 4362]
new binding: ['cpu_0', 'cpu_0', 'cpu_1', 'cpu_3', 'cpu_1', 'cpu_2', 'fpga_0', 'cpu_1', 'cpu_0', 'gpu_0', 'gpu_1', 'fpga_0', 'gpu_0', 'cpu_3', 'cpu_2', 'cpu_2'] renamed below
WT 3000 GVT 11.2925 COM 127 TH (com per msec) 0.254 MAX TH 0
WT 3500 GVT 16.6277 COM 1918 TH (com per msec) 3.836 MAX TH 0
WT 4000 GVT 16.2264 COM 0 TH (com per msec) 0.0 MAX TH 0
WT 4500 GVT 16.8356 COM 184 TH (com per msec) 0.368 MAX TH 0
WT 5000 GVT 23.9213 COM 2564 TH (com per msec) 5.128 MAX TH 0
[0, 1, 1, 1, 1, 1, 1, 1, 1, 1, 1, 1, 1, 1, 1, 1]
[1, 0, 1, 1, 1, 1, 1, 1, 1, 1, 1, 1, 1, 1, 1, 1]
[1, 1, 0, 1, 1, 1, 1, 1, 1, 1, 1, 1, 1, 1, 1, 1]
[1, 1, 1, 0, 1, 1, 1, 1, 1, 1, 1, 1, 1, 1, 1, 1]
[1, 1, 1, 1, 0, 1, 1, 1, 1, 1, 1, 1, 1, 1, 1, 1]
[1, 1, 1, 1, 1, 0, 1, 1, 1, 1, 1, 1, 1, 1, 1, 1]
[1, 1, 1, 1, 1, 1, 0, 1, 1, 1, 1, 1, 1, 1, 1, 1]
[1, 1, 1, 1, 1, 1, 1, 0, 1, 1, 1, 1, 1, 1, 1, 1]
[1, 1, 1, 1, 1, 1, 1, 1, 0, 1, 1, 1, 1, 1, 1, 1]
[1, 1, 1, 1, 1, 1, 1, 1, 1, 0, 1, 1, 1, 1, 1, 1]
[1, 1, 1, 1, 1, 1, 1, 1, 1, 1, 0, 1, 1, 1, 1, 1]
[1, 1, 1, 1, 1, 1, 1, 1, 1, 1, 1, 0, 1, 1, 1, 1]
[1, 1, 1, 1, 1, 1, 1, 1, 1, 1, 1, 1, 0, 1, 1, 1]
[1, 1, 1, 1, 1, 1, 1, 1, 1, 1, 1, 1, 1, 0, 1, 1]
[1, 1, 1, 1, 1, 1, 1, 1, 1, 1, 1, 1, 1, 1, 0, 1]
[1, 1, 1, 1, 1, 1, 1, 1, 1, 1, 1, 1, 1, 1, 1, 0]
capacity [0.14285714285714285, 0.14285714285714285, 0.14285714285714285, 0.14285714285714285, 0.14285714285714285, 0.14285714285714285, 0.14285714285714285]
task_forecast [10925, 6808, 11672, 13524, 9263, 10683, 12448, 10125, 12886, 14562, 20302, 8767, 12842, 14728, 11390, 8553]
new binding: ['cpu_0', 'cpu_0', 'cpu_1', 'cpu_3', 'fpga_0', 'cpu_1', 'gpu_0', 'cpu_1', 'gpu_0', 'fpga_0', 'gpu_1', 'cpu_3', 'cpu_0', 'cpu_2', 'cpu_2', 'cpu_2'] renamed below
WT 5500 GVT 37.4782 COM 4643 TH (com per msec) 9.286 MAX TH 0
WT 6000 GVT 41.6295 COM 1329 TH (com per msec) 2.658 MAX TH 0
WT 6500 GVT 47.5949 COM 2030 TH (com per msec) 4.06 MAX TH 0
WT 7000 GVT 56.5615 COM 2914 TH (com per msec) 5.828 MAX TH 0
WT 7500 GVT 74.6583 COM 5847 TH (com per msec) 11.694 MAX TH 0
[0, 1, 1, 1, 1, 1, 1, 1, 1, 1, 1, 1, 1, 1, 1, 1]
[1, 0, 1, 1, 1, 1, 1, 1, 1, 1, 1, 1, 1, 1, 1, 1]
[1, 1, 0, 1, 1, 1, 1, 1, 1, 1, 1, 1, 1, 1, 1, 1]
[1, 1, 1, 0, 1, 1, 1, 1, 1, 1, 1, 1, 1, 1, 1, 1]
[1, 1, 1, 1, 0, 1, 1, 1, 1, 1, 1, 1, 1, 1, 1, 1]
[1, 1, 1, 1, 1, 0, 1, 1, 1, 1, 1, 1, 1, 1, 1, 1]
[1, 1, 1, 1, 1, 1, 0, 1, 1, 1, 1, 1, 1, 1, 1, 1]
[1, 1, 1, 1, 1, 1, 1, 0, 1, 1, 1, 1, 1, 1, 1, 1]
[1, 1, 1, 1, 1, 1, 1, 1, 0, 1, 1, 1, 1, 1, 1, 1]
[1, 1, 1, 1, 1, 1, 1, 1, 1, 0, 1, 1, 1, 1, 1, 1]
[1, 1, 1, 1, 1, 1, 1, 1, 1, 1, 0, 1, 1, 1, 1, 1]
[1, 1, 1, 1, 1, 1, 1, 1, 1, 1, 1, 0, 1, 1, 1, 1]
[1, 1, 1, 1, 1, 1, 1, 1, 1, 1, 1, 1, 0, 1, 1, 1]
[1, 1, 1, 1, 1, 1, 1, 1, 1, 1, 1, 1, 1, 0, 1, 1]
[1, 1, 1, 1, 1, 1, 1, 1, 1, 1, 1, 1, 1, 1, 0, 1]
[1, 1, 1, 1, 1, 1, 1, 1, 1, 1, 1, 1, 1, 1, 1, 0]
capacity [0.14285714285714285, 0.14285714285714285, 0.14285714285714285, 0.14285714285714285, 0.14285714285714285, 0.14285714285714285, 0.14285714285714285]
task_forecast [14816, 13289, 16775, 21633, 13512, 15358, 19822, 15079, 18763, 18734, 31843, 15724, 18026, 19713, 15807, 13691]
new binding: ['cpu_0', 'cpu_0', 'cpu_3', 'cpu_3', 'cpu_1', 'cpu_1', 'fpga_0', 'cpu_1', 'fpga_0', 'gpu_0', 'gpu_1', 'cpu_0', 'gpu_0', 'cpu_2', 'cpu_2', 'cpu_2'] renamed below
WT 8000 GVT 81.1267 COM 2221 TH (com per msec) 4.442 MAX TH 0
WT 8500 GVT 86.5548 COM 1967 TH (com per msec) 3.934 MAX TH 0
WT 9000 GVT 97.7629 COM 3640 TH (com per msec) 7.28 MAX TH 0
WT 9500 GVT 108.2601 COM 3576 TH (com per msec) 7.152 MAX TH 0
WT 10000 GVT 124.9437 COM 5536 TH (com per msec) 11.072 MAX TH 0
[0, 1, 1, 1, 1, 1, 1, 1, 1, 1, 1, 1, 1, 1, 1, 1]
[1, 0, 1, 1, 1, 1, 1, 1, 1, 1, 1, 1, 1, 1, 1, 1]
[1, 1, 0, 1, 1, 1, 1, 1, 1, 1, 1, 1, 1, 1, 1, 1]
[1, 1, 1, 0, 1, 1, 1, 1, 1, 1, 1, 1, 1, 1, 1, 1]
[1, 1, 1, 1, 0, 1, 1, 1, 1, 1, 1, 1, 1, 1, 1, 1]
[1, 1, 1, 1, 1, 0, 1, 1, 1, 1, 1, 1, 1, 1, 1, 1]
[1, 1, 1, 1, 1, 1, 0, 1, 1, 1, 1, 1, 1, 1, 1, 1]
[1, 1, 1, 1, 1, 1, 1, 0, 1, 1, 1, 1, 1, 1, 1, 1]
[1, 1, 1, 1, 1, 1, 1, 1, 0, 1, 1, 1, 1, 1, 1, 1]
[1, 1, 1, 1, 1, 1, 1, 1, 1, 0, 1, 1, 1, 1, 1, 1]
[1, 1, 1, 1, 1, 1, 1, 1, 1, 1, 0, 1, 1, 1, 1, 1]
[1, 1, 1, 1, 1, 1, 1, 1, 1, 1, 1, 0, 1, 1, 1, 1]
[1, 1, 1, 1, 1, 1, 1, 1, 1, 1, 1, 1, 0, 1, 1, 1]
[1, 1, 1, 1, 1, 1, 1, 1, 1, 1, 1, 1, 1, 0, 1, 1]
[1, 1, 1, 1, 1, 1, 1, 1, 1, 1, 1, 1, 1, 1, 0, 1]
[1, 1, 1, 1, 1, 1, 1, 1, 1, 1, 1, 1, 1, 1, 1, 0]
capacity [0.14285714285714285, 0.14285714285714285, 0.14285714285714285, 0.14285714285714285, 0.14285714285714285, 0.14285714285714285, 0.14285714285714285]
task_forecast [20354, 17827, 25411, 28870, 17780, 21075, 23571, 20879, 23543, 25805, 45736, 20990, 24694, 25226, 20758, 18785]
new binding: ['cpu_0', 'cpu_0', 'cpu_1', 'cpu_3', 'cpu_0', 'cpu_1', 'fpga_0', 'cpu_1', 'cpu_3', 'gpu_0', 'gpu_1', 'gpu_0', 'fpga_0', 'cpu_2', 'cpu_2', 'cpu_2'] renamed below
WT 10500 GVT 135.3211 COM 3547 TH (com per msec) 7.094 MAX TH 0
WT 11000 GVT 140.7313 COM 1738 TH (com per msec) 3.476 MAX TH 0
WT 11500 GVT 145.5047 COM 1685 TH (com per msec) 3.37 MAX TH 0
WT 12000 GVT 161.0548 COM 4968 TH (com per msec) 9.936 MAX TH 0
WT 12500 GVT 176.8521 COM 5139 TH (com per msec) 10.278 MAX TH 0
[0, 1, 1, 1, 1, 1, 1, 1, 1, 1, 1, 1, 1, 1, 1, 1]
[1, 0, 1, 1, 1, 1, 1, 1, 1, 1, 1, 1, 1, 1, 1, 1]
[1, 1, 0, 1, 1, 1, 1, 1, 1, 1, 1, 1, 1, 1, 1, 1]
[1, 1, 1, 0, 1, 1, 1, 1, 1, 1, 1, 1, 1, 1, 1, 1]
[1, 1, 1, 1, 0, 1, 1, 1, 1, 1, 1, 1, 1, 1, 1, 1]
[1, 1, 1, 1, 1, 0, 1, 1, 1, 1, 1, 1, 1, 1, 1, 1]
[1, 1, 1, 1, 1, 1, 0, 1, 1, 1, 1, 1, 1, 1, 1, 1]
[1, 1, 1, 1, 1, 1, 1, 0, 1, 1, 1, 1, 1, 1, 1, 1]
[1, 1, 1, 1, 1, 1, 1, 1, 0, 1, 1, 1, 1, 1, 1, 1]
[1, 1, 1, 1, 1, 1, 1, 1, 1, 0, 1, 1, 1, 1, 1, 1]
[1, 1, 1, 1, 1, 1, 1, 1, 1, 1, 0, 1, 1, 1, 1, 1]
[1, 1, 1, 1, 1, 1, 1, 1, 1, 1, 1, 0, 1, 1, 1, 1]
[1, 1, 1, 1, 1, 1, 1, 1, 1, 1, 1, 1, 0, 1, 1, 1]
[1, 1, 1, 1, 1, 1, 1, 1, 1, 1, 1, 1, 1, 0, 1, 1]
[1, 1, 1, 1, 1, 1, 1, 1, 1, 1, 1, 1, 1, 1, 0, 1]
[1, 1, 1, 1, 1, 1, 1, 1, 1, 1, 1, 1, 1, 1, 1, 0]
capacity [0.14285714285714285, 0.14285714285714285, 0.14285714285714285, 0.14285714285714285, 0.14285714285714285, 0.14285714285714285, 0.14285714285714285]
task_forecast [25827, 21756, 29909, 36357, 22990, 25856, 27425, 26297, 31356, 33676, 57674, 28728, 28796, 29724, 25298, 24261]
new binding: ['cpu_0', 'cpu_1', 'cpu_2', 'cpu_3', 'cpu_0', 'cpu_2', 'fpga_0', 'cpu_2', 'gpu_0', 'fpga_0', 'gpu_1', 'gpu_0', 'cpu_3', 'cpu_1', 'cpu_0', 'cpu_1'] renamed below
WT 13000 GVT 193.6106 COM 5559 TH (com per msec) 11.118 MAX TH 0
WT 13500 GVT 205.3157 COM 3233 TH (com per msec) 6.466 MAX TH 0
WT 14000 GVT 291.5237 COM 17237 TH (com per msec) 34.474 MAX TH 0
WT 14500 GVT 380.0502 COM 17421 TH (com per msec) 34.842 MAX TH 0
WT 15000 GVT 415.6024 COM 8985 TH (com per msec) 17.97 MAX TH 0
[1, 1, 1, 1, 1, 1, 1, 1, 1, 1, 1, 1, 1, 1, 1, 1]
[1, 0, 1, 1, 1, 1, 1, 1, 1, 1, 1, 1, 1, 1, 1, 1]
[1, 1, 0, 1, 1, 1, 1, 1, 1, 1, 1, 1, 1, 1, 1, 1]
[1, 1, 1, 0, 1, 1, 1, 1, 1, 1, 1, 1, 1, 1, 1, 1]
[1, 1, 1, 1, 0, 1, 1, 1, 1, 1, 1, 1, 1, 1, 1, 1]
[1, 1, 1, 1, 1, 0, 1, 1, 1, 1, 1, 1, 1, 1, 1, 1]
[1, 1, 1, 1, 1, 1, 0, 1, 1, 1, 1, 1, 1, 1, 1, 1]
[1, 1, 1, 1, 1, 1, 1, 0, 1, 1, 1, 1, 1, 1, 1, 1]
[1, 1, 1, 1, 1, 1, 1, 1, 0, 1, 1, 1, 1, 1, 1, 1]
[1, 1, 1, 1, 1, 1, 1, 1, 1, 0, 1, 1, 1, 1, 1, 1]
[1, 1, 1, 1, 1, 1, 1, 1, 1, 1, 0, 1, 1, 1, 1, 1]
[1, 1, 1, 1, 1, 1, 1, 1, 1, 1, 1, 0, 1, 1, 1, 1]
[1, 1, 1, 1, 1, 1, 1, 1, 1, 1, 1, 1, 0, 1, 1, 1]
[1, 1, 1, 1, 1, 1, 1, 1, 1, 1, 1, 1, 1, 0, 1, 1]
[1, 1, 1, 1, 1, 1, 1, 1, 1, 1, 1, 1, 1, 1, 0, 1]
[1, 1, 1, 1, 1, 1, 1, 1, 1, 1, 1, 1, 1, 1, 1, 0]
capacity [0.14285714285714285, 0.14285714285714285, 0.14285714285714285, 0.14285714285714285, 0.14285714285714285, 0.14285714285714285, 0.14285714285714285]
task_forecast [34061, 27272, 35355, 44209, 28174, 31709, 32174, 32048, 39046, 38325, 71279, 36992, 36944, 35531, 30899, 30171]
new binding: ['cpu_0', 'cpu_1', 'cpu_0', 'cpu_3', 'cpu_2', 'cpu_1', 'cpu_3', 'cpu_0', 'fpga_0', 'gpu_0', 'gpu_1', 'fpga_0', 'gpu_0', 'cpu_2', 'cpu_2', 'cpu_1'] renamed below
WT 15500 GVT 430.5959 COM 5098 TH (com per msec) 10.196 MAX TH 0
WT 16000 GVT 438.772 COM 2708 TH (com per msec) 5.416 MAX TH 0
WT 16500 GVT 448.9402 COM 3375 TH (com per msec) 6.75 MAX TH 0
WT 17000 GVT 454.7141 COM 1908 TH (com per msec) 3.816 MAX TH 0
WT 17500 GVT 466.625 COM 4065 TH (com per msec) 8.13 MAX TH 0
[1, 1, 1, 1, 1, 1, 1, 1, 1, 1, 1, 1, 1, 1, 1, 1]
[1, 0, 1, 1, 1, 1, 1, 1, 1, 1, 1, 1, 1, 1, 1, 1]
[1, 1, 0, 1, 1, 1, 1, 1, 1, 1, 1, 1, 1, 1, 1, 1]
[1, 1, 1, 0, 1, 1, 1, 1, 1, 1, 1, 1, 1, 1, 1, 1]
[1, 1, 1, 1, 0, 1, 1, 1, 1, 1, 1, 1, 1, 1, 1, 1]
[1, 1, 1, 1, 1, 0, 1, 1, 1, 1, 1, 1, 1, 1, 1, 1]
[1, 1, 1, 1, 1, 1, 0, 1, 1, 1, 1, 1, 1, 1, 1, 1]
[1, 1, 1, 1, 1, 1, 1, 0, 1, 1, 1, 1, 1, 1, 1, 1]
[1, 1, 1, 1, 1, 1, 1, 1, 0, 1, 1, 1, 1, 1, 1, 1]
[1, 1, 1, 1, 1, 1, 1, 1, 1, 0, 1, 1, 1, 1, 1, 1]
[1, 1, 1, 1, 1, 1, 1, 1, 1, 1, 0, 1, 1, 1, 1, 1]
[1, 1, 1, 1, 1, 1, 1, 1, 1, 1, 1, 0, 1, 1, 1, 1]
[1, 1, 1, 1, 1, 1, 1, 1, 1, 1, 1, 1, 0, 1, 1, 1]
[1, 1, 1, 1, 1, 1, 1, 1, 1, 1, 1, 1, 1, 0, 1, 1]
[1, 1, 1, 1, 1, 1, 1, 1, 1, 1, 1, 1, 1, 1, 0, 1]
[1, 1, 1, 1, 1, 1, 1, 1, 1, 1, 1, 1, 1, 1, 1, 0]
capacity [0.14285714285714285, 0.14285714285714285, 0.14285714285714285, 0.14285714285714285, 0.14285714285714285, 0.14285714285714285, 0.14285714285714285]
task_forecast [38852, 32225, 40780, 52094, 32933, 37316, 39046, 36666, 43177, 44206, 83519, 41492, 44228, 40569, 36430, 35684]
new binding: ['cpu_0', 'cpu_1', 'cpu_3', 'cpu_3', 'cpu_0', 'cpu_1', 'cpu_1', 'cpu_0', 'fpga_0', 'gpu_0', 'gpu_1', 'gpu_0', 'fpga_0', 'cpu_2', 'cpu_2', 'cpu_2'] renamed below
WT 18000 GVT 482.3022 COM 5360 TH (com per msec) 10.72 MAX TH 0
WT 18500 GVT 487.3257 COM 1825 TH (com per msec) 3.65 MAX TH 0
WT 19000 GVT 499.9079 COM 4248 TH (com per msec) 8.496 MAX TH 0
WT 19500 GVT 520.5624 COM 6729 TH (com per msec) 13.458 MAX TH 0
WT 20000 GVT 532.4552 COM 4154 TH (com per msec) 8.308 MAX TH 0
[1, 1, 1, 1, 1, 1, 1, 1, 1, 1, 1, 1, 1, 1, 1, 1]
[1, 0, 1, 1, 1, 1, 1, 1, 1, 1, 1, 1, 1, 1, 1, 1]
[1, 1, 0, 1, 1, 1, 1, 1, 1, 1, 1, 1, 1, 1, 1, 1]
[1, 1, 1, 0, 1, 1, 1, 1, 1, 1, 1, 1, 1, 1, 1, 1]
[1, 1, 1, 1, 0, 1, 1, 1, 1, 1, 1, 1, 1, 1, 1, 1]
[1, 1, 1, 1, 1, 0, 1, 1, 1, 1, 1, 1, 1, 1, 1, 1]
[1, 1, 1, 1, 1, 1, 0, 1, 1, 1, 1, 1, 1, 1, 1, 1]
[1, 1, 1, 1, 1, 1, 1, 0, 1, 1, 1, 1, 1, 1, 1, 1]
[1, 1, 1, 1, 1, 1, 1, 1, 0, 1, 1, 1, 1, 1, 1, 1]
[1, 1, 1, 1, 1, 1, 1, 1, 1, 0, 1, 1, 1, 1, 1, 1]
[1, 1, 1, 1, 1, 1, 1, 1, 1, 1, 0, 1, 1, 1, 1, 1]
[1, 1, 1, 1, 1, 1, 1, 1, 1, 1, 1, 0, 1, 1, 1, 1]
[1, 1, 1, 1, 1, 1, 1, 1, 1, 1, 1, 1, 0, 1, 1, 1]
[1, 1, 1, 1, 1, 1, 1, 1, 1, 1, 1, 1, 1, 0, 1, 1]
[1, 1, 1, 1, 1, 1, 1, 1, 1, 1, 1, 1, 1, 1, 0, 1]
[1, 1, 1, 1, 1, 1, 1, 1, 1, 1, 1, 1, 1, 1, 1, 0]
capacity [0.14285714285714285, 0.14285714285714285, 0.14285714285714285, 0.14285714285714285, 0.14285714285714285, 0.14285714285714285, 0.14285714285714285]
task_forecast [44242, 36817, 47907, 59421, 37297, 42431, 44289, 42450, 47522, 52612, 97141, 47788, 48428, 45071, 41315, 41518]
new binding: ['cpu_0', 'cpu_1', 'cpu_0', 'cpu_3', 'cpu_2', 'cpu_2', 'fpga_0', 'cpu_0', 'cpu_3', 'fpga_0', 'gpu_1', 'gpu_0', 'gpu_0', 'cpu_1', 'cpu_1', 'cpu_2'] renamed below
WT 20500 GVT 536.2212 COM 1238 TH (com per msec) 2.476 MAX TH 0
WT 21000 GVT 540.1216 COM 1379 TH (com per msec) 2.758 MAX TH 0
WT 21500 GVT 545.7997 COM 1968 TH (com per msec) 3.936 MAX TH 0
WT 22000 GVT 552.0508 COM 2055 TH (com per msec) 4.11 MAX TH 0
WT 22500 GVT 565.6002 COM 4503 TH (com per msec) 9.006 MAX TH 0
[1, 1, 1, 1, 1, 1, 1, 1, 1, 1, 1, 1, 1, 1, 1, 1]
[1, 0, 1, 1, 1, 1, 1, 1, 1, 1, 1, 1, 1, 1, 1, 1]
[1, 1, 0, 1, 1, 1, 1, 1, 1, 1, 1, 1, 1, 1, 1, 1]
[1, 1, 1, 0, 1, 1, 1, 1, 1, 1, 1, 1, 1, 1, 1, 1]
[1, 1, 1, 1, 0, 1, 1, 1, 1, 1, 1, 1, 1, 1, 1, 1]
[1, 1, 1, 1, 1, 0, 1, 1, 1, 1, 1, 1, 1, 1, 1, 1]
[1, 1, 1, 1, 1, 1, 0, 1, 1, 1, 1, 1, 1, 1, 1, 1]
[1, 1, 1, 1, 1, 1, 1, 0, 1, 1, 1, 1, 1, 1, 1, 1]
[1, 1, 1, 1, 1, 1, 1, 1, 0, 1, 1, 1, 1, 1, 1, 1]
[1, 1, 1, 1, 1, 1, 1, 1, 1, 0, 1, 1, 1, 1, 1, 1]
[1, 1, 1, 1, 1, 1, 1, 1, 1, 1, 0, 1, 1, 1, 1, 1]
[1, 1, 1, 1, 1, 1, 1, 1, 1, 1, 1, 0, 1, 1, 1, 1]
[1, 1, 1, 1, 1, 1, 1, 1, 1, 1, 1, 1, 0, 1, 1, 1]
[1, 1, 1, 1, 1, 1, 1, 1, 1, 1, 1, 1, 1, 0, 1, 1]
[1, 1, 1, 1, 1, 1, 1, 1, 1, 1, 1, 1, 1, 1, 0, 1]
[1, 1, 1, 1, 1, 1, 1, 1, 1, 1, 1, 1, 1, 1, 1, 0]
capacity [0.14285714285714285, 0.14285714285714285, 0.14285714285714285, 0.14285714285714285, 0.14285714285714285, 0.14285714285714285, 0.14285714285714285]
task_forecast [48056, 41268, 53007, 67664, 42996, 46864, 48037, 48881, 54385, 57010, 109767, 55792, 54468, 50471, 46234, 46326]
new binding: ['cpu_0', 'cpu_1', 'cpu_0', 'cpu_3', 'cpu_2', 'cpu_2', 'cpu_0', 'cpu_3', 'fpga_0', 'fpga_0', 'gpu_1', 'gpu_0', 'gpu_0', 'cpu_1', 'cpu_1', 'cpu_2'] renamed below
WT 23000 GVT 578.0506 COM 4210 TH (com per msec) 8.42 MAX TH 0
WT 23500 GVT 589.7443 COM 3864 TH (com per msec) 7.728 MAX TH 0
WT 24000 GVT 617.7498 COM 7015 TH (com per msec) 14.03 MAX TH 0
WT 24500 GVT 700.8056 COM 16585 TH (com per msec) 33.17 MAX TH 0
WT 25000 GVT 782.5192 COM 16480 TH (com per msec) 32.96 MAX TH 0
[1, 1, 1, 1, 1, 1, 1, 1, 1, 1, 1, 1, 1, 1, 1, 1]
[1, 0, 1, 1, 1, 1, 1, 1, 1, 1, 1, 1, 1, 1, 1, 1]
[1, 1, 0, 1, 1, 1, 1, 1, 1, 1, 1, 1, 1, 1, 1, 1]
[1, 1, 1, 0, 1, 1, 1, 1, 1, 1, 1, 1, 1, 1, 1, 1]
[1, 1, 1, 1, 0, 1, 1, 1, 1, 1, 1, 1, 1, 1, 1, 1]
[1, 1, 1, 1, 1, 0, 1, 1, 1, 1, 1, 1, 1, 1, 1, 1]
[1, 1, 1, 1, 1, 1, 0, 1, 1, 1, 1, 1, 1, 1, 1, 1]
[1, 1, 1, 1, 1, 1, 1, 0, 1, 1, 1, 1, 1, 1, 1, 1]
[1, 1, 1, 1, 1, 1, 1, 1, 0, 1, 1, 1, 1, 1, 1, 1]
[1, 1, 1, 1, 1, 1, 1, 1, 1, 0, 1, 1, 1, 1, 1, 1]
[1, 1, 1, 1, 1, 1, 1, 1, 1, 1, 0, 1, 1, 1, 1, 1]
[1, 1, 1, 1, 1, 1, 1, 1, 1, 1, 1, 0, 1, 1, 1, 1]
[1, 1, 1, 1, 1, 1, 1, 1, 1, 1, 1, 1, 0, 1, 1, 1]
[1, 1, 1, 1, 1, 1, 1, 1, 1, 1, 1, 1, 1, 0, 1, 1]
[1, 1, 1, 1, 1, 1, 1, 1, 1, 1, 1, 1, 1, 1, 0, 1]
[1, 1, 1, 1, 1, 1, 1, 1, 1, 1, 1, 1, 1, 1, 1, 0]
capacity [0.14285714285714285, 0.14285714285714285, 0.14285714285714285, 0.14285714285714285, 0.14285714285714285, 0.14285714285714285, 0.14285714285714285]
task_forecast [56748, 47401, 58416, 75917, 48515, 52471, 52508, 56972, 59119, 61647, 124190, 63659, 62403, 55770, 51737, 51923]
new binding: ['cpu_0', 'cpu_1', 'cpu_0', 'cpu_3', 'cpu_2', 'cpu_2', 'cpu_0', 'fpga_0', 'gpu_0', 'cpu_3', 'gpu_1', 'fpga_0', 'gpu_0', 'cpu_1', 'cpu_1', 'cpu_2'] renamed below
WT 25500 GVT 810.9227 COM 6846 TH (com per msec) 13.692 MAX TH 0
WT 26000 GVT 818.5459 COM 2593 TH (com per msec) 5.186 MAX TH 0
WT 26500 GVT 835.078 COM 5390 TH (com per msec) 10.78 MAX TH 0
WT 27000 GVT 851.7467 COM 5344 TH (com per msec) 10.688 MAX TH 0
WT 27500 GVT 858.514 COM 2319 TH (com per msec) 4.638 MAX TH 0
[1, 1, 1, 1, 1, 1, 1, 1, 1, 1, 1, 1, 1, 1, 1, 1]
[1, 0, 1, 1, 1, 1, 1, 1, 1, 1, 1, 1, 1, 1, 1, 1]
[1, 1, 0, 1, 1, 1, 1, 1, 1, 1, 1, 1, 1, 1, 1, 1]
[1, 1, 1, 0, 1, 1, 1, 1, 1, 1, 1, 1, 1, 1, 1, 1]
[1, 1, 1, 1, 0, 1, 1, 1, 1, 1, 1, 1, 1, 1, 1, 1]
[1, 1, 1, 1, 1, 0, 1, 1, 1, 1, 1, 1, 1, 1, 1, 1]
[1, 1, 1, 1, 1, 1, 0, 1, 1, 1, 1, 1, 1, 1, 1, 1]
[1, 1, 1, 1, 1, 1, 1, 0, 1, 1, 1, 1, 1, 1, 1, 1]
[1, 1, 1, 1, 1, 1, 1, 1, 0, 1, 1, 1, 1, 1, 1, 1]
[1, 1, 1, 1, 1, 1, 1, 1, 1, 0, 1, 1, 1, 1, 1, 1]
[1, 1, 1, 1, 1, 1, 1, 1, 1, 1, 0, 1, 1, 1, 1, 1]
[1, 1, 1, 1, 1, 1, 1, 1, 1, 1, 1, 0, 1, 1, 1, 1]
[1, 1, 1, 1, 1, 1, 1, 1, 1, 1, 1, 1, 0, 1, 1, 1]
[1, 1, 1, 1, 1, 1, 1, 1, 1, 1, 1, 1, 1, 0, 1, 1]
[1, 1, 1, 1, 1, 1, 1, 1, 1, 1, 1, 1, 1, 1, 0, 1]
[1, 1, 1, 1, 1, 1, 1, 1, 1, 1, 1, 1, 1, 1, 1, 0]
capacity [0.14285714285714285, 0.14285714285714285, 0.14285714285714285, 0.14285714285714285, 0.14285714285714285, 0.14285714285714285, 0.14285714285714285]
task_forecast [61899, 53240, 63977, 83838, 53666, 57644, 57512, 60763, 66287, 68936, 137383, 68205, 69585, 60819, 56793, 56736]
new binding: ['cpu_0', 'cpu_1', 'cpu_0', 'cpu_3', 'cpu_2', 'cpu_2', 'cpu_0', 'cpu_3', 'fpga_0', 'gpu_0', 'gpu_1', 'gpu_0', 'fpga_0', 'cpu_1', 'cpu_1', 'cpu_2'] renamed below
WT 28000 GVT 863.7991 COM 2032 TH (com per msec) 4.064 MAX TH 0
WT 28500 GVT 884.454 COM 6552 TH (com per msec) 13.104 MAX TH 0
WT 29000 GVT 897.9372 COM 4675 TH (com per msec) 9.35 MAX TH 0
WT 29500 GVT 910.1165 COM 4015 TH (com per msec) 8.03 MAX TH 0
WT 30000 GVT 915.7177 COM 2069 TH (com per msec) 4.138 MAX TH 0
[1, 1, 1, 1, 1, 1, 1, 1, 1, 1, 1, 1, 1, 1, 1, 1]
[1, 0, 1, 1, 1, 1, 1, 1, 1, 1, 1, 1, 1, 1, 1, 1]
[1, 1, 0, 1, 1, 1, 1, 1, 1, 1, 1, 1, 1, 1, 1, 1]
[1, 1, 1, 0, 1, 1, 1, 1, 1, 1, 1, 1, 1, 1, 1, 1]
[1, 1, 1, 1, 0, 1, 1, 1, 1, 1, 1, 1, 1, 1, 1, 1]
[1, 1, 1, 1, 1, 0, 1, 1, 1, 1, 1, 1, 1, 1, 1, 1]
[1, 1, 1, 1, 1, 1, 0, 1, 1, 1, 1, 1, 1, 1, 1, 1]
[1, 1, 1, 1, 1, 1, 1, 0, 1, 1, 1, 1, 1, 1, 1, 1]
[1, 1, 1, 1, 1, 1, 1, 1, 0, 1, 1, 1, 1, 1, 1, 1]
[1, 1, 1, 1, 1, 1, 1, 1, 1, 0, 1, 1, 1, 1, 1, 1]
[1, 1, 1, 1, 1, 1, 1, 1, 1, 1, 0, 1, 1, 1, 1, 1]
[1, 1, 1, 1, 1, 1, 1, 1, 1, 1, 1, 0, 1, 1, 1, 1]
[1, 1, 1, 1, 1, 1, 1, 1, 1, 1, 1, 1, 0, 1, 1, 1]
[1, 1, 1, 1, 1, 1, 1, 1, 1, 1, 1, 1, 1, 0, 1, 1]
[1, 1, 1, 1, 1, 1, 1, 1, 1, 1, 1, 1, 1, 1, 0, 1]
[1, 1, 1, 1, 1, 1, 1, 1, 1, 1, 1, 1, 1, 1, 1, 0]
capacity [0.14285714285714285, 0.14285714285714285, 0.14285714285714285, 0.14285714285714285, 0.14285714285714285, 0.14285714285714285, 0.14285714285714285]
task_forecast [66600, 58063, 69250, 91372, 58513, 63090, 63144, 68267, 70247, 75866, 150356, 75396, 74031, 66136, 62099, 62270]
new binding: ['cpu_0', 'cpu_1', 'cpu_0', 'cpu_3', 'cpu_2', 'cpu_2', 'cpu_0', 'cpu_3', 'fpga_0', 'gpu_0', 'gpu_1', 'gpu_0', 'fpga_0', 'cpu_1', 'cpu_1', 'cpu_2'] renamed below
WT 30500 GVT 927.4885 COM 3921 TH (com per msec) 7.842 MAX TH 0
WT 31000 GVT 940.2867 COM 4060 TH (com per msec) 8.12 MAX TH 0
WT 31500 GVT 948.2863 COM 2727 TH (com per msec) 5.454 MAX TH 0
WT 32000 GVT 948.3326 COM 138 TH (com per msec) 0.276 MAX TH 0
WT 32500 GVT 949.9559 COM 766 TH (com per msec) 1.532 MAX TH 0
[1, 1, 1, 1, 1, 1, 1, 1, 1, 1, 1, 1, 1, 1, 1, 1]
[1, 0, 1, 1, 1, 1, 1, 1, 1, 1, 1, 1, 1, 1, 1, 1]
[1, 1, 0, 1, 1, 1, 1, 1, 1, 1, 1, 1, 1, 1, 1, 1]
[1, 1, 1, 0, 1, 1, 1, 1, 1, 1, 1, 1, 1, 1, 1, 1]
[1, 1, 1, 1, 0, 1, 1, 1, 1, 1, 1, 1, 1, 1, 1, 1]
[1, 1, 1, 1, 1, 0, 1, 1, 1, 1, 1, 1, 1, 1, 1, 1]
[1, 1, 1, 1, 1, 1, 0, 1, 1, 1, 1, 1, 1, 1, 1, 1]
[1, 1, 1, 1, 1, 1, 1, 0, 1, 1, 1, 1, 1, 1, 1, 1]
[1, 1, 1, 1, 1, 1, 1, 1, 0, 1, 1, 1, 1, 1, 1, 1]
[1, 1, 1, 1, 1, 1, 1, 1, 1, 0, 1, 1, 1, 1, 1, 1]
[1, 1, 1, 1, 1, 1, 1, 1, 1, 1, 0, 1, 1, 1, 1, 1]
[1, 1, 1, 1, 1, 1, 1, 1, 1, 1, 1, 0, 1, 1, 1, 1]
[1, 1, 1, 1, 1, 1, 1, 1, 1, 1, 1, 1, 0, 1, 1, 1]
[1, 1, 1, 1, 1, 1, 1, 1, 1, 1, 1, 1, 1, 0, 1, 1]
[1, 1, 1, 1, 1, 1, 1, 1, 1, 1, 1, 1, 1, 1, 0, 1]
[1, 1, 1, 1, 1, 1, 1, 1, 1, 1, 1, 1, 1, 1, 1, 0]
capacity [0.14285714285714285, 0.14285714285714285, 0.14285714285714285, 0.14285714285714285, 0.14285714285714285, 0.14285714285714285, 0.14285714285714285]
task_forecast [70718, 63787, 74331, 99874, 63392, 67414, 68903, 75869, 73932, 83564, 164718, 81765, 78314, 71209, 67973, 68524]
new binding: ['cpu_0', 'cpu_1', 'cpu_0', 'cpu_3', 'cpu_2', 'cpu_2', 'cpu_0', 'fpga_0', 'cpu_3', 'fpga_0', 'gpu_1', 'gpu_0', 'gpu_0', 'cpu_2', 'cpu_1', 'cpu_1'] renamed below
WT 33000 GVT 961.3119 COM 3714 TH (com per msec) 7.428 MAX TH 0
WT 33500 GVT 967.0354 COM 1871 TH (com per msec) 3.742 MAX TH 0
WT 34000 GVT 983.4368 COM 5534 TH (com per msec) 11.068 MAX TH 0
ENDED TRACE FOR Actor(id:10,lvt:999.9885,next:inf)
END SIMULATION LOOP QUEUE EMPTY False @ CAN_END True @ WT 34415.584999996114 @ GVT 998.4074
