hardware.py found
loading hardware.py from metasimulation/simulation_7-micro-hotspot/hardware.py into module hardware
global_constants.py found
loading global_constants.py from metasimulation/simulation_7-micro-hotspot/global_constants.py into module global_constants
trace found (metasimulation/simulation_7-micro-hotspot/trace_1000.0s_200.0b_200.0i_16actors_10.0imb_12.0rate.trace)
Loading trace metasimulation/simulation_7-micro-hotspot/trace_1000.0s_200.0b_200.0i_16actors_10.0imb_12.0rate.trace...Done
Building annoyance_matrix and communication_matrix for 16 actors...Done
Loading hardware configuration...Done
Building computing units...Done
Building assignment...['cpu_0', 'cpu_1', 'cpu_2', 'cpu_3', 'cpu_4', 'cpu_5', 'cpu_6', 'cpu_7', 'fpga_0', 'gpu_0', 'gpu_1', 'cpu_0', 'cpu_1', 'cpu_2', 'cpu_3', 'cpu_4']
done
Populate device queue with new actors...done
Populate simulator queue...done
initialize Random...done
BEGIN SIMULATION LOOP
WT 500 GVT 2.3 COM 804 TH (com per msec) 1.608 MAX TH 0
WT 1000 GVT 1.5585 COM 52 TH (com per msec) 0.104 MAX TH 0
WT 1500 GVT 12.2249 COM 3842 TH (com per msec) 7.684 MAX TH 0
WT 2000 GVT 11.3115 COM 198 TH (com per msec) 0.396 MAX TH 0
WT 2500 GVT 12.0941 COM 439 TH (com per msec) 0.878 MAX TH 0
new binding: ['cpu_3', 'gpu_1', 'fpga_0', 'cpu_7', 'cpu_4', 'cpu_6', 'cpu_6', 'fpga_0', 'gpu_0', 'cpu_4', 'gpu_1', 'cpu_0', 'cpu_3', 'cpu_5', 'fpga_0', 'cpu_6'] renamed below
WT 3000 GVT 12.0941 COM 144 TH (com per msec) 0.288 MAX TH 0
WT 3500 GVT 12.0941 COM 392 TH (com per msec) 0.784 MAX TH 0
WT 4000 GVT 12.1296 COM 272 TH (com per msec) 0.544 MAX TH 0
WT 4500 GVT 16.4575 COM 1605 TH (com per msec) 3.21 MAX TH 0
WT 5000 GVT 27.778 COM 3841 TH (com per msec) 7.682 MAX TH 0
new binding: ['gpu_1', 'cpu_6', 'cpu_5', 'cpu_7', 'cpu_7', 'cpu_2', 'cpu_5', 'cpu_1', 'cpu_3', 'fpga_0', 'cpu_1', 'gpu_0', 'cpu_2', 'fpga_0', 'cpu_6', 'fpga_0'] renamed below
WT 5500 GVT 37.5189 COM 3458 TH (com per msec) 6.916 MAX TH 0
WT 6000 GVT 37.4084 COM 0 TH (com per msec) 0.0 MAX TH 0
WT 6500 GVT 37.5049 COM 163 TH (com per msec) 0.326 MAX TH 0
WT 7000 GVT 37.5578 COM 80 TH (com per msec) 0.16 MAX TH 0
WT 7500 GVT 37.4888 COM 38 TH (com per msec) 0.076 MAX TH 0
new binding: ['fpga_0', 'cpu_7', 'cpu_5', 'gpu_1', 'cpu_0', 'cpu_0', 'fpga_0', 'cpu_5', 'gpu_0', 'gpu_0', 'cpu_5', 'cpu_5', 'cpu_3', 'cpu_0', 'cpu_6', 'gpu_1'] renamed below
OUT OF ORDER EVENT 38.0058 38.3214 38.0058 [37.5827, 37.6608, 37.6925, 37.7233, 37.7638, 37.8142, 37.9126, 38.2646] Actor(id:12,lvt:38.2646,next:38.0058)
