hardware.py found
loading hardware.py from metasimulation/simulation_1-non-connected/hardware.py into module hardware
global_constants.py found
loading global_constants.py from metasimulation/simulation_1-non-connected/global_constants.py into module global_constants
trace found (metasimulation/simulation_1-non-connected/lp_8-end_time_500000-fanout_-1.trace)
Loading trace metasimulation/simulation_1-non-connected/lp_8-end_time_500000-fanout_-1.trace...Done
Building annoyance_matrix and communication_matrix for 8 actors...Done
Loading hardware configuration...Done
Building computing units...Done
Building assignment...['cpu_0', 'cpu_1', 'fpga_0', 'gpu_0', 'cpu_0', 'cpu_1', 'fpga_0', 'gpu_0']
done
Populate device queue with new actors...done
Populate simulator queue...done
loading ground truth metasimulation/simulation_1-non-connected/lp_8-end_time_500000-fanout_-1.trace.solutions...end
Found optimal solution 79.99199999999999
initialize DDM...done
BEGIN SIMULATION LOOP
WT 500 GVT 5000.0 COM 39992 TH (com per msec) 79.984 MAX TH 79.99199999999999
WT 1000 GVT 10000.0 COM 40000 TH (com per msec) 80.0 MAX TH 79.99199999999999
WT 1500 GVT 15000.0 COM 40000 TH (com per msec) 80.0 MAX TH 79.99199999999999
WT 2000 GVT 20000.0 COM 40000 TH (com per msec) 80.0 MAX TH 79.99199999999999
WT 2500 GVT 25000.0 COM 40000 TH (com per msec) 80.0 MAX TH 79.99199999999999
{{0, 24999}, {0, 0}, {0, 0}, {0, 0}, {0, 0}, {0, 0}, {0, 0}, {0, 0}}
{{0, 0}, {0, 24999}, {0, 0}, {0, 0}, {0, 0}, {0, 0}, {0, 0}, {0, 0}}
{{0, 0}, {0, 0}, {0, 24999}, {0, 0}, {0, 0}, {0, 0}, {0, 0}, {0, 0}}
{{0, 0}, {0, 0}, {0, 0}, {0, 24999}, {0, 0}, {0, 0}, {0, 0}, {0, 0}}
{{0, 0}, {0, 0}, {0, 0}, {0, 0}, {0, 25000}, {0, 0}, {0, 0}, {0, 0}}
{{0, 0}, {0, 0}, {0, 0}, {0, 0}, {0, 0}, {0, 25000}, {0, 0}, {0, 0}}
{{0, 0}, {0, 0}, {0, 0}, {0, 0}, {0, 0}, {0, 0}, {0, 25000}, {0, 0}}
{{0, 0}, {0, 0}, {0, 0}, {0, 0}, {0, 0}, {0, 0}, {0, 0}, {0, 25000}}
task_forecast [25000, 25000, 25000, 25000, 25000, 25000, 25000, 25000]
capacity [50500, 50500, 50500, 50500]
task_forecast [25000, 25000, 25000, 25000, 25000, 25000, 25000, 25000]
new binding: ['gpu_0', 'gpu_0', 'cpu_1', 'cpu_1', 'cpu_0', 'fpga_0', 'fpga_0', 'cpu_0'] renamed below
new binding: ['gpu_0', 'gpu_0', 'cpu_0', 'cpu_0', 'cpu_1', 'fpga_0', 'fpga_0', 'cpu_1'] expected th 79.99199999999999 vs max th 79.99199999999999
WT 3000 GVT 29999.0 COM 39992 TH (com per msec) 79.984 MAX TH 79.99199999999999
WT 3500 GVT 34999.0 COM 40000 TH (com per msec) 80.0 MAX TH 79.99199999999999
WT 4000 GVT 39999.0 COM 40000 TH (com per msec) 80.0 MAX TH 79.99199999999999
WT 4500 GVT 44999.0 COM 40000 TH (com per msec) 80.0 MAX TH 79.99199999999999
WT 5000 GVT 49999.0 COM 40000 TH (com per msec) 80.0 MAX TH 79.99199999999999
{{0, 50000}, {0, 0}, {0, 0}, {0, 0}, {0, 0}, {0, 0}, {0, 0}, {0, 0}}
{{0, 0}, {0, 49999}, {0, 0}, {0, 0}, {0, 0}, {0, 0}, {0, 0}, {0, 0}}
{{0, 0}, {0, 0}, {0, 50000}, {0, 0}, {0, 0}, {0, 0}, {0, 0}, {0, 0}}
{{0, 0}, {0, 0}, {0, 0}, {0, 49999}, {0, 0}, {0, 0}, {0, 0}, {0, 0}}
{{0, 0}, {0, 0}, {0, 0}, {0, 0}, {0, 49999}, {0, 0}, {0, 0}, {0, 0}}
{{0, 0}, {0, 0}, {0, 0}, {0, 0}, {0, 0}, {0, 50000}, {0, 0}, {0, 0}}
{{0, 0}, {0, 0}, {0, 0}, {0, 0}, {0, 0}, {0, 0}, {0, 49999}, {0, 0}}
{{0, 0}, {0, 0}, {0, 0}, {0, 0}, {0, 0}, {0, 0}, {0, 0}, {0, 49999}}
task_forecast [25000, 25000, 25000, 25000, 24999, 25000, 25000, 25000]
capacity [50500, 50500, 50500, 50498]
task_forecast [25000, 25000, 25000, 25000, 24999, 25000, 25000, 25000]
new binding: ['gpu_0', 'gpu_0', 'cpu_1', 'cpu_1', 'cpu_0', 'fpga_0', 'fpga_0', 'cpu_0'] renamed below
new binding: ['gpu_0', 'gpu_0', 'cpu_0', 'cpu_0', 'cpu_1', 'fpga_0', 'fpga_0', 'cpu_1'] expected th 79.99199999999999 vs max th 79.99199999999999
WT 5500 GVT 54999.0 COM 40000 TH (com per msec) 80.0 MAX TH 79.99199999999999
WT 6000 GVT 59999.0 COM 40000 TH (com per msec) 80.0 MAX TH 79.99199999999999
WT 6500 GVT 64999.0 COM 40000 TH (com per msec) 80.0 MAX TH 79.99199999999999
WT 7000 GVT 69999.0 COM 40000 TH (com per msec) 80.0 MAX TH 79.99199999999999
WT 7500 GVT 74999.0 COM 40000 TH (com per msec) 80.0 MAX TH 79.99199999999999
{{0, 75000}, {0, 0}, {0, 0}, {0, 0}, {0, 0}, {0, 0}, {0, 0}, {0, 0}}
{{0, 0}, {0, 74999}, {0, 0}, {0, 0}, {0, 0}, {0, 0}, {0, 0}, {0, 0}}
{{0, 0}, {0, 0}, {0, 75000}, {0, 0}, {0, 0}, {0, 0}, {0, 0}, {0, 0}}
{{0, 0}, {0, 0}, {0, 0}, {0, 74999}, {0, 0}, {0, 0}, {0, 0}, {0, 0}}
{{0, 0}, {0, 0}, {0, 0}, {0, 0}, {0, 74999}, {0, 0}, {0, 0}, {0, 0}}
{{0, 0}, {0, 0}, {0, 0}, {0, 0}, {0, 0}, {0, 75000}, {0, 0}, {0, 0}}
{{0, 0}, {0, 0}, {0, 0}, {0, 0}, {0, 0}, {0, 0}, {0, 74999}, {0, 0}}
{{0, 0}, {0, 0}, {0, 0}, {0, 0}, {0, 0}, {0, 0}, {0, 0}, {0, 74999}}
task_forecast [25000, 25000, 25000, 25000, 25000, 25000, 25000, 25000]
capacity [50500, 50500, 50500, 50500]
task_forecast [25000, 25000, 25000, 25000, 25000, 25000, 25000, 25000]
new binding: ['gpu_0', 'gpu_0', 'cpu_1', 'cpu_1', 'cpu_0', 'fpga_0', 'fpga_0', 'cpu_0'] renamed below
new binding: ['gpu_0', 'gpu_0', 'cpu_0', 'cpu_0', 'cpu_1', 'fpga_0', 'fpga_0', 'cpu_1'] expected th 79.99199999999999 vs max th 79.99199999999999
WT 8000 GVT 79999.0 COM 40000 TH (com per msec) 80.0 MAX TH 79.99199999999999
WT 8500 GVT 84999.0 COM 40000 TH (com per msec) 80.0 MAX TH 79.99199999999999
WT 9000 GVT 89999.0 COM 40000 TH (com per msec) 80.0 MAX TH 79.99199999999999
WT 9500 GVT 94999.0 COM 40000 TH (com per msec) 80.0 MAX TH 79.99199999999999
WT 10000 GVT 99999.0 COM 40000 TH (com per msec) 80.0 MAX TH 79.99199999999999
{{0, 100000}, {0, 0}, {0, 0}, {0, 0}, {0, 0}, {0, 0}, {0, 0}, {0, 0}}
{{0, 0}, {0, 99999}, {0, 0}, {0, 0}, {0, 0}, {0, 0}, {0, 0}, {0, 0}}
{{0, 0}, {0, 0}, {0, 100000}, {0, 0}, {0, 0}, {0, 0}, {0, 0}, {0, 0}}
{{0, 0}, {0, 0}, {0, 0}, {0, 99999}, {0, 0}, {0, 0}, {0, 0}, {0, 0}}
{{0, 0}, {0, 0}, {0, 0}, {0, 0}, {0, 99999}, {0, 0}, {0, 0}, {0, 0}}
{{0, 0}, {0, 0}, {0, 0}, {0, 0}, {0, 0}, {0, 100000}, {0, 0}, {0, 0}}
{{0, 0}, {0, 0}, {0, 0}, {0, 0}, {0, 0}, {0, 0}, {0, 99999}, {0, 0}}
{{0, 0}, {0, 0}, {0, 0}, {0, 0}, {0, 0}, {0, 0}, {0, 0}, {0, 99999}}
task_forecast [25000, 25000, 25000, 25000, 25000, 25000, 25000, 25000]
capacity [50500, 50500, 50500, 50500]
task_forecast [25000, 25000, 25000, 25000, 25000, 25000, 25000, 25000]
new binding: ['gpu_0', 'gpu_0', 'cpu_1', 'cpu_1', 'cpu_0', 'fpga_0', 'fpga_0', 'cpu_0'] renamed below
new binding: ['gpu_0', 'gpu_0', 'cpu_0', 'cpu_0', 'cpu_1', 'fpga_0', 'fpga_0', 'cpu_1'] expected th 79.99199999999999 vs max th 79.99199999999999
WT 10500 GVT 104999.0 COM 40000 TH (com per msec) 80.0 MAX TH 79.99199999999999
WT 11000 GVT 109999.0 COM 40000 TH (com per msec) 80.0 MAX TH 79.99199999999999
WT 11500 GVT 114999.0 COM 40000 TH (com per msec) 80.0 MAX TH 79.99199999999999
WT 12000 GVT 119999.0 COM 40000 TH (com per msec) 80.0 MAX TH 79.99199999999999
WT 12500 GVT 124999.0 COM 40000 TH (com per msec) 80.0 MAX TH 79.99199999999999
{{0, 125000}, {0, 0}, {0, 0}, {0, 0}, {0, 0}, {0, 0}, {0, 0}, {0, 0}}
{{0, 0}, {0, 124999}, {0, 0}, {0, 0}, {0, 0}, {0, 0}, {0, 0}, {0, 0}}
{{0, 0}, {0, 0}, {0, 125000}, {0, 0}, {0, 0}, {0, 0}, {0, 0}, {0, 0}}
{{0, 0}, {0, 0}, {0, 0}, {0, 124999}, {0, 0}, {0, 0}, {0, 0}, {0, 0}}
{{0, 0}, {0, 0}, {0, 0}, {0, 0}, {0, 124999}, {0, 0}, {0, 0}, {0, 0}}
{{0, 0}, {0, 0}, {0, 0}, {0, 0}, {0, 0}, {0, 125000}, {0, 0}, {0, 0}}
{{0, 0}, {0, 0}, {0, 0}, {0, 0}, {0, 0}, {0, 0}, {0, 124999}, {0, 0}}
{{0, 0}, {0, 0}, {0, 0}, {0, 0}, {0, 0}, {0, 0}, {0, 0}, {0, 124999}}
task_forecast [25000, 25000, 25000, 25000, 25000, 25000, 25000, 25000]
capacity [50500, 50500, 50500, 50500]
task_forecast [25000, 25000, 25000, 25000, 25000, 25000, 25000, 25000]
new binding: ['gpu_0', 'gpu_0', 'cpu_1', 'cpu_1', 'cpu_0', 'fpga_0', 'fpga_0', 'cpu_0'] renamed below
new binding: ['gpu_0', 'gpu_0', 'cpu_0', 'cpu_0', 'cpu_1', 'fpga_0', 'fpga_0', 'cpu_1'] expected th 79.99199999999999 vs max th 79.99199999999999
WT 13000 GVT 129999.0 COM 40000 TH (com per msec) 80.0 MAX TH 79.99199999999999
WT 13500 GVT 134999.0 COM 40000 TH (com per msec) 80.0 MAX TH 79.99199999999999
WT 14000 GVT 139999.0 COM 40000 TH (com per msec) 80.0 MAX TH 79.99199999999999
WT 14500 GVT 144999.0 COM 40000 TH (com per msec) 80.0 MAX TH 79.99199999999999
WT 15000 GVT 149999.0 COM 40000 TH (com per msec) 80.0 MAX TH 79.99199999999999
{{0, 150000}, {0, 0}, {0, 0}, {0, 0}, {0, 0}, {0, 0}, {0, 0}, {0, 0}}
{{0, 0}, {0, 149999}, {0, 0}, {0, 0}, {0, 0}, {0, 0}, {0, 0}, {0, 0}}
{{0, 0}, {0, 0}, {0, 150000}, {0, 0}, {0, 0}, {0, 0}, {0, 0}, {0, 0}}
{{0, 0}, {0, 0}, {0, 0}, {0, 149999}, {0, 0}, {0, 0}, {0, 0}, {0, 0}}
{{0, 0}, {0, 0}, {0, 0}, {0, 0}, {0, 149999}, {0, 0}, {0, 0}, {0, 0}}
{{0, 0}, {0, 0}, {0, 0}, {0, 0}, {0, 0}, {0, 150000}, {0, 0}, {0, 0}}
{{0, 0}, {0, 0}, {0, 0}, {0, 0}, {0, 0}, {0, 0}, {0, 149999}, {0, 0}}
{{0, 0}, {0, 0}, {0, 0}, {0, 0}, {0, 0}, {0, 0}, {0, 0}, {0, 149999}}
task_forecast [25000, 25000, 25000, 25000, 25000, 25000, 25000, 25000]
capacity [50500, 50500, 50500, 50500]
task_forecast [25000, 25000, 25000, 25000, 25000, 25000, 25000, 25000]
new binding: ['gpu_0', 'gpu_0', 'cpu_1', 'cpu_1', 'cpu_0', 'fpga_0', 'fpga_0', 'cpu_0'] renamed below
new binding: ['gpu_0', 'gpu_0', 'cpu_0', 'cpu_0', 'cpu_1', 'fpga_0', 'fpga_0', 'cpu_1'] expected th 79.99199999999999 vs max th 79.99199999999999
WT 15500 GVT 154999.0 COM 40000 TH (com per msec) 80.0 MAX TH 79.99199999999999
WT 16000 GVT 159999.0 COM 40000 TH (com per msec) 80.0 MAX TH 79.99199999999999
WT 16500 GVT 164999.0 COM 40000 TH (com per msec) 80.0 MAX TH 79.99199999999999
WT 17000 GVT 169999.0 COM 40000 TH (com per msec) 80.0 MAX TH 79.99199999999999
WT 17500 GVT 174999.0 COM 40000 TH (com per msec) 80.0 MAX TH 79.99199999999999
{{0, 175000}, {0, 0}, {0, 0}, {0, 0}, {0, 0}, {0, 0}, {0, 0}, {0, 0}}
{{0, 0}, {0, 174999}, {0, 0}, {0, 0}, {0, 0}, {0, 0}, {0, 0}, {0, 0}}
{{0, 0}, {0, 0}, {0, 175000}, {0, 0}, {0, 0}, {0, 0}, {0, 0}, {0, 0}}
{{0, 0}, {0, 0}, {0, 0}, {0, 174999}, {0, 0}, {0, 0}, {0, 0}, {0, 0}}
{{0, 0}, {0, 0}, {0, 0}, {0, 0}, {0, 174999}, {0, 0}, {0, 0}, {0, 0}}
{{0, 0}, {0, 0}, {0, 0}, {0, 0}, {0, 0}, {0, 175000}, {0, 0}, {0, 0}}
{{0, 0}, {0, 0}, {0, 0}, {0, 0}, {0, 0}, {0, 0}, {0, 174999}, {0, 0}}
{{0, 0}, {0, 0}, {0, 0}, {0, 0}, {0, 0}, {0, 0}, {0, 0}, {0, 174999}}
task_forecast [25000, 25000, 25000, 25000, 25000, 25000, 25000, 25000]
capacity [50500, 50500, 50500, 50500]
task_forecast [25000, 25000, 25000, 25000, 25000, 25000, 25000, 25000]
new binding: ['gpu_0', 'gpu_0', 'cpu_1', 'cpu_1', 'cpu_0', 'fpga_0', 'fpga_0', 'cpu_0'] renamed below
new binding: ['gpu_0', 'gpu_0', 'cpu_0', 'cpu_0', 'cpu_1', 'fpga_0', 'fpga_0', 'cpu_1'] expected th 79.99199999999999 vs max th 79.99199999999999
WT 18000 GVT 179999.0 COM 40000 TH (com per msec) 80.0 MAX TH 79.99199999999999
WT 18500 GVT 184999.0 COM 40000 TH (com per msec) 80.0 MAX TH 79.99199999999999
WT 19000 GVT 189999.0 COM 40000 TH (com per msec) 80.0 MAX TH 79.99199999999999
WT 19500 GVT 194999.0 COM 40000 TH (com per msec) 80.0 MAX TH 79.99199999999999
WT 20000 GVT 199999.0 COM 40000 TH (com per msec) 80.0 MAX TH 79.99199999999999
{{0, 200000}, {0, 0}, {0, 0}, {0, 0}, {0, 0}, {0, 0}, {0, 0}, {0, 0}}
{{0, 0}, {0, 199999}, {0, 0}, {0, 0}, {0, 0}, {0, 0}, {0, 0}, {0, 0}}
{{0, 0}, {0, 0}, {0, 200000}, {0, 0}, {0, 0}, {0, 0}, {0, 0}, {0, 0}}
{{0, 0}, {0, 0}, {0, 0}, {0, 199999}, {0, 0}, {0, 0}, {0, 0}, {0, 0}}
{{0, 0}, {0, 0}, {0, 0}, {0, 0}, {0, 199999}, {0, 0}, {0, 0}, {0, 0}}
{{0, 0}, {0, 0}, {0, 0}, {0, 0}, {0, 0}, {0, 200000}, {0, 0}, {0, 0}}
{{0, 0}, {0, 0}, {0, 0}, {0, 0}, {0, 0}, {0, 0}, {0, 199999}, {0, 0}}
{{0, 0}, {0, 0}, {0, 0}, {0, 0}, {0, 0}, {0, 0}, {0, 0}, {0, 199999}}
task_forecast [25000, 25000, 25000, 25000, 25000, 25000, 25000, 25000]
capacity [50500, 50500, 50500, 50500]
task_forecast [25000, 25000, 25000, 25000, 25000, 25000, 25000, 25000]
new binding: ['gpu_0', 'gpu_0', 'cpu_1', 'cpu_1', 'cpu_0', 'fpga_0', 'fpga_0', 'cpu_0'] renamed below
new binding: ['gpu_0', 'gpu_0', 'cpu_0', 'cpu_0', 'cpu_1', 'fpga_0', 'fpga_0', 'cpu_1'] expected th 79.99199999999999 vs max th 79.99199999999999
WT 20500 GVT 204999.0 COM 40000 TH (com per msec) 80.0 MAX TH 79.99199999999999
WT 21000 GVT 209999.0 COM 40000 TH (com per msec) 80.0 MAX TH 79.99199999999999
WT 21500 GVT 214999.0 COM 40000 TH (com per msec) 80.0 MAX TH 79.99199999999999
WT 22000 GVT 219999.0 COM 40000 TH (com per msec) 80.0 MAX TH 79.99199999999999
WT 22500 GVT 224999.0 COM 40000 TH (com per msec) 80.0 MAX TH 79.99199999999999
{{0, 225000}, {0, 0}, {0, 0}, {0, 0}, {0, 0}, {0, 0}, {0, 0}, {0, 0}}
{{0, 0}, {0, 224999}, {0, 0}, {0, 0}, {0, 0}, {0, 0}, {0, 0}, {0, 0}}
{{0, 0}, {0, 0}, {0, 225000}, {0, 0}, {0, 0}, {0, 0}, {0, 0}, {0, 0}}
{{0, 0}, {0, 0}, {0, 0}, {0, 224999}, {0, 0}, {0, 0}, {0, 0}, {0, 0}}
{{0, 0}, {0, 0}, {0, 0}, {0, 0}, {0, 224999}, {0, 0}, {0, 0}, {0, 0}}
{{0, 0}, {0, 0}, {0, 0}, {0, 0}, {0, 0}, {0, 225000}, {0, 0}, {0, 0}}
{{0, 0}, {0, 0}, {0, 0}, {0, 0}, {0, 0}, {0, 0}, {0, 224999}, {0, 0}}
{{0, 0}, {0, 0}, {0, 0}, {0, 0}, {0, 0}, {0, 0}, {0, 0}, {0, 224999}}
task_forecast [25000, 25000, 25000, 25000, 25000, 25000, 25000, 25000]
capacity [50500, 50500, 50500, 50500]
task_forecast [25000, 25000, 25000, 25000, 25000, 25000, 25000, 25000]
new binding: ['gpu_0', 'gpu_0', 'cpu_1', 'cpu_1', 'cpu_0', 'fpga_0', 'fpga_0', 'cpu_0'] renamed below
new binding: ['gpu_0', 'gpu_0', 'cpu_0', 'cpu_0', 'cpu_1', 'fpga_0', 'fpga_0', 'cpu_1'] expected th 79.99199999999999 vs max th 79.99199999999999
WT 23000 GVT 229999.0 COM 40000 TH (com per msec) 80.0 MAX TH 79.99199999999999
WT 23500 GVT 234999.0 COM 40000 TH (com per msec) 80.0 MAX TH 79.99199999999999
WT 24000 GVT 239999.0 COM 40000 TH (com per msec) 80.0 MAX TH 79.99199999999999
WT 24500 GVT 244999.0 COM 40000 TH (com per msec) 80.0 MAX TH 79.99199999999999
WT 25000 GVT 249999.0 COM 40000 TH (com per msec) 80.0 MAX TH 79.99199999999999
{{0, 250000}, {0, 0}, {0, 0}, {0, 0}, {0, 0}, {0, 0}, {0, 0}, {0, 0}}
{{0, 0}, {0, 249999}, {0, 0}, {0, 0}, {0, 0}, {0, 0}, {0, 0}, {0, 0}}
{{0, 0}, {0, 0}, {0, 250000}, {0, 0}, {0, 0}, {0, 0}, {0, 0}, {0, 0}}
{{0, 0}, {0, 0}, {0, 0}, {0, 249999}, {0, 0}, {0, 0}, {0, 0}, {0, 0}}
{{0, 0}, {0, 0}, {0, 0}, {0, 0}, {0, 249999}, {0, 0}, {0, 0}, {0, 0}}
{{0, 0}, {0, 0}, {0, 0}, {0, 0}, {0, 0}, {0, 250000}, {0, 0}, {0, 0}}
{{0, 0}, {0, 0}, {0, 0}, {0, 0}, {0, 0}, {0, 0}, {0, 249999}, {0, 0}}
{{0, 0}, {0, 0}, {0, 0}, {0, 0}, {0, 0}, {0, 0}, {0, 0}, {0, 249999}}
task_forecast [25000, 25000, 25000, 25000, 25000, 25000, 25000, 25000]
capacity [50500, 50500, 50500, 50500]
task_forecast [25000, 25000, 25000, 25000, 25000, 25000, 25000, 25000]
new binding: ['gpu_0', 'gpu_0', 'cpu_1', 'cpu_1', 'cpu_0', 'fpga_0', 'fpga_0', 'cpu_0'] renamed below
new binding: ['gpu_0', 'gpu_0', 'cpu_0', 'cpu_0', 'cpu_1', 'fpga_0', 'fpga_0', 'cpu_1'] expected th 79.99199999999999 vs max th 79.99199999999999
WT 25500 GVT 254999.0 COM 40000 TH (com per msec) 80.0 MAX TH 79.99199999999999
WT 26000 GVT 259999.0 COM 40000 TH (com per msec) 80.0 MAX TH 79.99199999999999
WT 26500 GVT 264999.0 COM 40000 TH (com per msec) 80.0 MAX TH 79.99199999999999
WT 27000 GVT 269999.0 COM 40000 TH (com per msec) 80.0 MAX TH 79.99199999999999
WT 27500 GVT 274999.0 COM 40000 TH (com per msec) 80.0 MAX TH 79.99199999999999
{{0, 275000}, {0, 0}, {0, 0}, {0, 0}, {0, 0}, {0, 0}, {0, 0}, {0, 0}}
{{0, 0}, {0, 274999}, {0, 0}, {0, 0}, {0, 0}, {0, 0}, {0, 0}, {0, 0}}
{{0, 0}, {0, 0}, {0, 275000}, {0, 0}, {0, 0}, {0, 0}, {0, 0}, {0, 0}}
{{0, 0}, {0, 0}, {0, 0}, {0, 274999}, {0, 0}, {0, 0}, {0, 0}, {0, 0}}
{{0, 0}, {0, 0}, {0, 0}, {0, 0}, {0, 274999}, {0, 0}, {0, 0}, {0, 0}}
{{0, 0}, {0, 0}, {0, 0}, {0, 0}, {0, 0}, {0, 275000}, {0, 0}, {0, 0}}
{{0, 0}, {0, 0}, {0, 0}, {0, 0}, {0, 0}, {0, 0}, {0, 274999}, {0, 0}}
{{0, 0}, {0, 0}, {0, 0}, {0, 0}, {0, 0}, {0, 0}, {0, 0}, {0, 274999}}
task_forecast [25000, 25000, 25000, 25000, 25000, 25000, 25000, 25000]
capacity [50500, 50500, 50500, 50500]
task_forecast [25000, 25000, 25000, 25000, 25000, 25000, 25000, 25000]
new binding: ['gpu_0', 'gpu_0', 'cpu_1', 'cpu_1', 'cpu_0', 'fpga_0', 'fpga_0', 'cpu_0'] renamed below
new binding: ['gpu_0', 'gpu_0', 'cpu_0', 'cpu_0', 'cpu_1', 'fpga_0', 'fpga_0', 'cpu_1'] expected th 79.99199999999999 vs max th 79.99199999999999
WT 28000 GVT 279999.0 COM 40000 TH (com per msec) 80.0 MAX TH 79.99199999999999
WT 28500 GVT 284999.0 COM 40000 TH (com per msec) 80.0 MAX TH 79.99199999999999
WT 29000 GVT 289999.0 COM 40000 TH (com per msec) 80.0 MAX TH 79.99199999999999
WT 29500 GVT 294999.0 COM 40000 TH (com per msec) 80.0 MAX TH 79.99199999999999
WT 30000 GVT 299999.0 COM 40000 TH (com per msec) 80.0 MAX TH 79.99199999999999
{{0, 300000}, {0, 0}, {0, 0}, {0, 0}, {0, 0}, {0, 0}, {0, 0}, {0, 0}}
{{0, 0}, {0, 299999}, {0, 0}, {0, 0}, {0, 0}, {0, 0}, {0, 0}, {0, 0}}
{{0, 0}, {0, 0}, {0, 300000}, {0, 0}, {0, 0}, {0, 0}, {0, 0}, {0, 0}}
{{0, 0}, {0, 0}, {0, 0}, {0, 299999}, {0, 0}, {0, 0}, {0, 0}, {0, 0}}
{{0, 0}, {0, 0}, {0, 0}, {0, 0}, {0, 299999}, {0, 0}, {0, 0}, {0, 0}}
{{0, 0}, {0, 0}, {0, 0}, {0, 0}, {0, 0}, {0, 300000}, {0, 0}, {0, 0}}
{{0, 0}, {0, 0}, {0, 0}, {0, 0}, {0, 0}, {0, 0}, {0, 299999}, {0, 0}}
{{0, 0}, {0, 0}, {0, 0}, {0, 0}, {0, 0}, {0, 0}, {0, 0}, {0, 299999}}
task_forecast [25000, 25000, 25000, 25000, 25000, 25000, 25000, 25000]
capacity [50500, 50500, 50500, 50500]
task_forecast [25000, 25000, 25000, 25000, 25000, 25000, 25000, 25000]
new binding: ['gpu_0', 'gpu_0', 'cpu_1', 'cpu_1', 'cpu_0', 'fpga_0', 'fpga_0', 'cpu_0'] renamed below
new binding: ['gpu_0', 'gpu_0', 'cpu_0', 'cpu_0', 'cpu_1', 'fpga_0', 'fpga_0', 'cpu_1'] expected th 79.99199999999999 vs max th 79.99199999999999
WT 30500 GVT 305000.0 COM 40008 TH (com per msec) 80.016 MAX TH 79.99199999999999
WT 31000 GVT 310000.0 COM 40000 TH (com per msec) 80.0 MAX TH 79.99199999999999
WT 31500 GVT 315000.0 COM 40000 TH (com per msec) 80.0 MAX TH 79.99199999999999
WT 32000 GVT 320000.0 COM 40000 TH (com per msec) 80.0 MAX TH 79.99199999999999
WT 32500 GVT 325000.0 COM 40000 TH (com per msec) 80.0 MAX TH 79.99199999999999
{{0, 325000}, {0, 0}, {0, 0}, {0, 0}, {0, 0}, {0, 0}, {0, 0}, {0, 0}}
{{0, 0}, {0, 325000}, {0, 0}, {0, 0}, {0, 0}, {0, 0}, {0, 0}, {0, 0}}
{{0, 0}, {0, 0}, {0, 325000}, {0, 0}, {0, 0}, {0, 0}, {0, 0}, {0, 0}}
{{0, 0}, {0, 0}, {0, 0}, {0, 325000}, {0, 0}, {0, 0}, {0, 0}, {0, 0}}
{{0, 0}, {0, 0}, {0, 0}, {0, 0}, {0, 324999}, {0, 0}, {0, 0}, {0, 0}}
{{0, 0}, {0, 0}, {0, 0}, {0, 0}, {0, 0}, {0, 325000}, {0, 0}, {0, 0}}
{{0, 0}, {0, 0}, {0, 0}, {0, 0}, {0, 0}, {0, 0}, {0, 325000}, {0, 0}}
{{0, 0}, {0, 0}, {0, 0}, {0, 0}, {0, 0}, {0, 0}, {0, 0}, {0, 325000}}
task_forecast [25000, 25001, 25000, 25001, 25001, 25000, 25001, 25000]
capacity [50501, 50501, 50501, 50501]
task_forecast [25000, 25001, 25000, 25001, 25001, 25000, 25001, 25000]
new binding: ['gpu_0', 'cpu_0', 'gpu_0', 'fpga_0', 'cpu_1', 'fpga_0', 'cpu_0', 'cpu_1'] renamed below
new binding: ['gpu_0', 'cpu_0', 'gpu_0', 'fpga_0', 'cpu_1', 'fpga_0', 'cpu_0', 'cpu_1'] expected th 79.99199999999999 vs max th 79.99199999999999
WT 33000 GVT 330000.0 COM 40000 TH (com per msec) 80.0 MAX TH 79.99199999999999
WT 33500 GVT 334999.0 COM 39992 TH (com per msec) 79.984 MAX TH 79.99199999999999
WT 34000 GVT 339999.0 COM 40000 TH (com per msec) 80.0 MAX TH 79.99199999999999
WT 34500 GVT 344999.0 COM 40000 TH (com per msec) 80.0 MAX TH 79.99199999999999
WT 35000 GVT 349999.0 COM 40000 TH (com per msec) 80.0 MAX TH 79.99199999999999
{{0, 349999}, {0, 0}, {0, 0}, {0, 0}, {0, 0}, {0, 0}, {0, 0}, {0, 0}}
{{0, 0}, {0, 349999}, {0, 0}, {0, 0}, {0, 0}, {0, 0}, {0, 0}, {0, 0}}
{{0, 0}, {0, 0}, {0, 350000}, {0, 0}, {0, 0}, {0, 0}, {0, 0}, {0, 0}}
{{0, 0}, {0, 0}, {0, 0}, {0, 350000}, {0, 0}, {0, 0}, {0, 0}, {0, 0}}
{{0, 0}, {0, 0}, {0, 0}, {0, 0}, {0, 349999}, {0, 0}, {0, 0}, {0, 0}}
{{0, 0}, {0, 0}, {0, 0}, {0, 0}, {0, 0}, {0, 349999}, {0, 0}, {0, 0}}
{{0, 0}, {0, 0}, {0, 0}, {0, 0}, {0, 0}, {0, 0}, {0, 350000}, {0, 0}}
{{0, 0}, {0, 0}, {0, 0}, {0, 0}, {0, 0}, {0, 0}, {0, 0}, {0, 349999}}
task_forecast [25000, 24999, 25000, 24999, 24999, 25000, 24999, 25000]
capacity [50498, 50498, 50498, 50498]
task_forecast [25000, 24999, 25000, 24999, 24999, 25000, 24999, 25000]
new binding: ['cpu_0', 'cpu_1', 'cpu_1', 'gpu_0', 'cpu_0', 'cpu_1', 'gpu_0', 'gpu_0'] renamed below
new binding: ['cpu_0', 'cpu_1', 'cpu_1', 'gpu_0', 'cpu_0', 'cpu_1', 'gpu_0', 'gpu_0'] expected th 53.328 vs max th 79.99199999999999
WT 35500 GVT 353333.0 COM 26672 TH (com per msec) 53.344 MAX TH 79.99199999999999
WT 36000 GVT 356666.0 COM 26664 TH (com per msec) 53.328 MAX TH 79.99199999999999
WT 36500 GVT 360000.0 COM 26672 TH (com per msec) 53.344 MAX TH 79.99199999999999
WT 37000 GVT 363333.0 COM 26664 TH (com per msec) 53.328 MAX TH 79.99199999999999
WT 37500 GVT 366666.0 COM 26664 TH (com per msec) 53.328 MAX TH 79.99199999999999
{{0, 374999}, {0, 0}, {0, 0}, {0, 0}, {0, 0}, {0, 0}, {0, 0}, {0, 0}}
{{0, 0}, {0, 366666}, {0, 0}, {0, 0}, {0, 0}, {0, 0}, {0, 0}, {0, 0}}
{{0, 0}, {0, 0}, {0, 366667}, {0, 0}, {0, 0}, {0, 0}, {0, 0}, {0, 0}}
{{0, 0}, {0, 0}, {0, 0}, {0, 366667}, {0, 0}, {0, 0}, {0, 0}, {0, 0}}
{{0, 0}, {0, 0}, {0, 0}, {0, 0}, {0, 374999}, {0, 0}, {0, 0}, {0, 0}}
{{0, 0}, {0, 0}, {0, 0}, {0, 0}, {0, 0}, {0, 366666}, {0, 0}, {0, 0}}
{{0, 0}, {0, 0}, {0, 0}, {0, 0}, {0, 0}, {0, 0}, {0, 366666}, {0, 0}}
{{0, 0}, {0, 0}, {0, 0}, {0, 0}, {0, 0}, {0, 0}, {0, 0}, {0, 366666}}
task_forecast [24999, 16667, 16667, 16667, 25001, 16666, 16666, 16667]
capacity [50500, 50500, 50000, 50500]
task_forecast [24999, 16667, 16667, 16667, 25001, 16666, 16666, 16667]
new binding: ['fpga_0', 'cpu_1', 'gpu_0', 'cpu_0', 'fpga_0', 'gpu_0', 'cpu_0', 'cpu_1'] renamed below
new binding: ['fpga_0', 'cpu_0', 'gpu_0', 'cpu_1', 'fpga_0', 'gpu_0', 'cpu_1', 'cpu_0'] expected th 79.99199999999999 vs max th 79.99199999999999
WT 38000 GVT 371665.0 COM 39992 TH (com per msec) 79.984 MAX TH 79.99199999999999
WT 38500 GVT 376665.0 COM 40000 TH (com per msec) 80.0 MAX TH 79.99199999999999
WT 39000 GVT 381665.0 COM 40000 TH (com per msec) 80.0 MAX TH 79.99199999999999
WT 39500 GVT 386665.0 COM 40000 TH (com per msec) 80.0 MAX TH 79.99199999999999
WT 40000 GVT 391665.0 COM 40000 TH (com per msec) 80.0 MAX TH 79.99199999999999
{{0, 399999}, {0, 0}, {0, 0}, {0, 0}, {0, 0}, {0, 0}, {0, 0}, {0, 0}}
{{0, 0}, {0, 391665}, {0, 0}, {0, 0}, {0, 0}, {0, 0}, {0, 0}, {0, 0}}
{{0, 0}, {0, 0}, {0, 391665}, {0, 0}, {0, 0}, {0, 0}, {0, 0}, {0, 0}}
{{0, 0}, {0, 0}, {0, 0}, {0, 391665}, {0, 0}, {0, 0}, {0, 0}, {0, 0}}
{{0, 0}, {0, 0}, {0, 0}, {0, 0}, {0, 399999}, {0, 0}, {0, 0}, {0, 0}}
{{0, 0}, {0, 0}, {0, 0}, {0, 0}, {0, 0}, {0, 391666}, {0, 0}, {0, 0}}
{{0, 0}, {0, 0}, {0, 0}, {0, 0}, {0, 0}, {0, 0}, {0, 391665}, {0, 0}}
{{0, 0}, {0, 0}, {0, 0}, {0, 0}, {0, 0}, {0, 0}, {0, 0}, {0, 391665}}
task_forecast [25000, 24999, 24999, 24999, 25000, 25000, 24999, 24998]
capacity [50500, 50500, 50494, 50498]
task_forecast [25000, 24999, 24999, 24999, 25000, 25000, 24999, 24998]
new binding: ['fpga_0', 'cpu_1', 'fpga_0', 'cpu_0', 'gpu_0', 'cpu_0', 'cpu_1', 'gpu_0'] renamed below
new binding: ['fpga_0', 'cpu_0', 'fpga_0', 'cpu_1', 'gpu_0', 'cpu_1', 'cpu_0', 'gpu_0'] expected th 79.99199999999999 vs max th 79.99199999999999
WT 40500 GVT 396665.0 COM 40000 TH (com per msec) 80.0 MAX TH 79.99199999999999
WT 41000 GVT 401665.0 COM 40000 TH (com per msec) 80.0 MAX TH 79.99199999999999
WT 41500 GVT 406665.0 COM 40000 TH (com per msec) 80.0 MAX TH 79.99199999999999
WT 42000 GVT 411665.0 COM 40000 TH (com per msec) 80.0 MAX TH 79.99199999999999
WT 42500 GVT 416665.0 COM 40000 TH (com per msec) 80.0 MAX TH 79.99199999999999
{{0, 420832}, {0, 0}, {0, 0}, {0, 0}, {0, 0}, {0, 0}, {0, 0}, {0, 0}}
{{0, 0}, {0, 416665}, {0, 0}, {0, 0}, {0, 0}, {0, 0}, {0, 0}, {0, 0}}
{{0, 0}, {0, 0}, {0, 420832}, {0, 0}, {0, 0}, {0, 0}, {0, 0}, {0, 0}}
{{0, 0}, {0, 0}, {0, 0}, {0, 416665}, {0, 0}, {0, 0}, {0, 0}, {0, 0}}
{{0, 0}, {0, 0}, {0, 0}, {0, 0}, {0, 420833}, {0, 0}, {0, 0}, {0, 0}}
{{0, 0}, {0, 0}, {0, 0}, {0, 0}, {0, 0}, {0, 416665}, {0, 0}, {0, 0}}
{{0, 0}, {0, 0}, {0, 0}, {0, 0}, {0, 0}, {0, 0}, {0, 416665}, {0, 0}}
{{0, 0}, {0, 0}, {0, 0}, {0, 0}, {0, 0}, {0, 0}, {0, 0}, {0, 420832}}
task_forecast [20833, 24999, 29167, 25000, 20833, 24999, 25001, 29168]
capacity [50500, 50500, 50500, 50500]
task_forecast [20833, 24999, 29167, 25000, 20833, 24999, 25001, 29168]
new binding: ['fpga_0', 'cpu_1', 'fpga_0', 'gpu_0', 'cpu_1', 'cpu_0', 'cpu_0', 'gpu_0'] renamed below
new binding: ['fpga_0', 'cpu_0', 'fpga_0', 'gpu_0', 'cpu_0', 'cpu_1', 'cpu_1', 'gpu_0'] expected th 79.99199999999999 vs max th 79.99199999999999
WT 43000 GVT 421665.0 COM 40000 TH (com per msec) 80.0 MAX TH 79.99199999999999
WT 43500 GVT 426665.0 COM 40000 TH (com per msec) 80.0 MAX TH 79.99199999999999
WT 44000 GVT 431665.0 COM 40000 TH (com per msec) 80.0 MAX TH 79.99199999999999
WT 44500 GVT 436665.0 COM 40000 TH (com per msec) 80.0 MAX TH 79.99199999999999
WT 45000 GVT 441665.0 COM 40000 TH (com per msec) 80.0 MAX TH 79.99199999999999
{{0, 445832}, {0, 0}, {0, 0}, {0, 0}, {0, 0}, {0, 0}, {0, 0}, {0, 0}}
{{0, 0}, {0, 443748}, {0, 0}, {0, 0}, {0, 0}, {0, 0}, {0, 0}, {0, 0}}
{{0, 0}, {0, 0}, {0, 445832}, {0, 0}, {0, 0}, {0, 0}, {0, 0}, {0, 0}}
{{0, 0}, {0, 0}, {0, 0}, {0, 443749}, {0, 0}, {0, 0}, {0, 0}, {0, 0}}
{{0, 0}, {0, 0}, {0, 0}, {0, 0}, {0, 443749}, {0, 0}, {0, 0}, {0, 0}}
{{0, 0}, {0, 0}, {0, 0}, {0, 0}, {0, 0}, {0, 441665}, {0, 0}, {0, 0}}
{{0, 0}, {0, 0}, {0, 0}, {0, 0}, {0, 0}, {0, 0}, {0, 441665}, {0, 0}}
{{0, 0}, {0, 0}, {0, 0}, {0, 0}, {0, 0}, {0, 0}, {0, 0}, {0, 443749}}
task_forecast [25000, 27084, 25000, 27083, 22916, 25001, 24999, 22917]
capacity [50500, 50500, 50500, 50500]
task_forecast [25000, 27084, 25000, 27083, 22916, 25001, 24999, 22917]
new binding: ['fpga_0', 'cpu_0', 'gpu_0', 'gpu_0', 'cpu_0', 'cpu_1', 'cpu_1', 'fpga_0'] renamed below
new binding: ['fpga_0', 'cpu_0', 'gpu_0', 'gpu_0', 'cpu_0', 'cpu_1', 'cpu_1', 'fpga_0'] expected th 79.99199999999999 vs max th 79.99199999999999
WT 45500 GVT 446665.0 COM 40000 TH (com per msec) 80.0 MAX TH 79.99199999999999
WT 46000 GVT 451665.0 COM 40000 TH (com per msec) 80.0 MAX TH 79.99199999999999
WT 46500 GVT 456665.0 COM 40000 TH (com per msec) 80.0 MAX TH 79.99199999999999
WT 47000 GVT 461665.0 COM 40000 TH (com per msec) 80.0 MAX TH 79.99199999999999
WT 47500 GVT 466665.0 COM 40000 TH (com per msec) 80.0 MAX TH 79.99199999999999
{{0, 469791}, {0, 0}, {0, 0}, {0, 0}, {0, 0}, {0, 0}, {0, 0}, {0, 0}}
{{0, 0}, {0, 468748}, {0, 0}, {0, 0}, {0, 0}, {0, 0}, {0, 0}, {0, 0}}
{{0, 0}, {0, 0}, {0, 469791}, {0, 0}, {0, 0}, {0, 0}, {0, 0}, {0, 0}}
{{0, 0}, {0, 0}, {0, 0}, {0, 469790}, {0, 0}, {0, 0}, {0, 0}, {0, 0}}
{{0, 0}, {0, 0}, {0, 0}, {0, 0}, {0, 468749}, {0, 0}, {0, 0}, {0, 0}}
{{0, 0}, {0, 0}, {0, 0}, {0, 0}, {0, 0}, {0, 466665}, {0, 0}, {0, 0}}
{{0, 0}, {0, 0}, {0, 0}, {0, 0}, {0, 0}, {0, 0}, {0, 466665}, {0, 0}}
{{0, 0}, {0, 0}, {0, 0}, {0, 0}, {0, 0}, {0, 0}, {0, 0}, {0, 469790}}
task_forecast [23959, 25000, 23958, 26042, 25000, 25000, 25000, 26041]
capacity [50500, 50500, 50500, 50500]
task_forecast [23959, 25000, 23958, 26042, 25000, 25000, 25000, 26041]
new binding: ['fpga_0', 'cpu_0', 'fpga_0', 'gpu_0', 'cpu_0', 'cpu_1', 'gpu_0', 'cpu_1'] renamed below
new binding: ['fpga_0', 'cpu_0', 'fpga_0', 'gpu_0', 'cpu_0', 'cpu_1', 'gpu_0', 'cpu_1'] expected th 79.99199999999999 vs max th 79.99199999999999
WT 48000 GVT 473228.0 COM 52504 TH (com per msec) 105.008 MAX TH 79.99199999999999
WT 48500 GVT 478228.0 COM 40000 TH (com per msec) 80.0 MAX TH 79.99199999999999
WT 49000 GVT 483228.0 COM 40000 TH (com per msec) 80.0 MAX TH 79.99199999999999
WT 49500 GVT 488228.0 COM 40000 TH (com per msec) 80.0 MAX TH 79.99199999999999
WT 50000 GVT 493228.0 COM 40000 TH (com per msec) 80.0 MAX TH 79.99199999999999
{{0, 494790}, {0, 0}, {0, 0}, {0, 0}, {0, 0}, {0, 0}, {0, 0}, {0, 0}}
{{0, 0}, {0, 493748}, {0, 0}, {0, 0}, {0, 0}, {0, 0}, {0, 0}, {0, 0}}
{{0, 0}, {0, 0}, {0, 494790}, {0, 0}, {0, 0}, {0, 0}, {0, 0}, {0, 0}}
{{0, 0}, {0, 0}, {0, 0}, {0, 493229}, {0, 0}, {0, 0}, {0, 0}, {0, 0}}
{{0, 0}, {0, 0}, {0, 0}, {0, 0}, {0, 493749}, {0, 0}, {0, 0}, {0, 0}}
{{0, 0}, {0, 0}, {0, 0}, {0, 0}, {0, 0}, {0, 493227}, {0, 0}, {0, 0}}
{{0, 0}, {0, 0}, {0, 0}, {0, 0}, {0, 0}, {0, 0}, {0, 493228}, {0, 0}}
{{0, 0}, {0, 0}, {0, 0}, {0, 0}, {0, 0}, {0, 0}, {0, 0}, {0, 493228}}
task_forecast [24999, 25000, 25000, 23438, 25000, 26562, 26564, 23437]
capacity [50500, 50500, 50500, 50500]
task_forecast [24999, 25000, 25000, 23438, 25000, 26562, 26564, 23437]
new binding: ['gpu_0', 'gpu_0', 'fpga_0', 'cpu_0', 'cpu_1', 'cpu_0', 'fpga_0', 'cpu_1'] renamed below
new binding: ['gpu_0', 'gpu_0', 'fpga_0', 'cpu_0', 'cpu_1', 'cpu_0', 'fpga_0', 'cpu_1'] expected th 79.99199999999999 vs max th 79.99199999999999
WT 50500 GVT 498228.0 COM 40000 TH (com per msec) 80.0 MAX TH 79.99199999999999
ENDED TRACE FOR Actor(id:0,lvt:499999.0,next:inf)
END SIMULATION LOOP QUEUE EMPTY False @ CAN_END True @ WT 50572.80000099775 @ GVT 498957.0
Writing program to temp file
File written
Writing program to temp file
File written
Writing program to temp file
File written
Writing program to temp file
File written
Writing program to temp file
File written
Writing program to temp file
File written
Writing program to temp file
File written
Writing program to temp file
File written
Writing program to temp file
File written
Writing program to temp file
File written
Writing program to temp file
File written
Writing program to temp file
File written
Writing program to temp file
File written
Writing program to temp file
File written
Writing program to temp file
File written
Writing program to temp file
File written
Writing program to temp file
File written
Writing program to temp file
File written
Writing program to temp file
File written
Writing program to temp file
File written
