hardware.py found
loading hardware.py from metasimulation/simulation_1/hardware.py into module hardware
global_constants.py found
loading global_constants.py from metasimulation/simulation_1/global_constants.py into module global_constants
trace found (metasimulation/simulation_1/lp_8-end_time_500000-fanout_-1.trace)
Loading trace metasimulation/simulation_1/lp_8-end_time_500000-fanout_-1.trace...Done
Building annoyance_matrix and communication_matrix for 8 actors...Done
Loading hardware configuration...Done
Building computing units...Done
Building assignment...['cpu_0', 'cpu_1', 'fpga_0', 'gpu_0', 'cpu_0', 'cpu_1', 'fpga_0', 'gpu_0']
done
Populate device queue with new actors...done
Populate simulator queue...done
loading ground truth metasimulation/simulation_1/lp_8-end_time_500000-fanout_-1.trace.solutions...end
Found optimal solution 79.99199999999999
initialize Random...done
BEGIN SIMULATION LOOP
WT 500 GVT 5000.0 COM 39992 TH (com per msec) 79.984 MAX TH 79.99199999999999
WT 1000 GVT 10000.0 COM 40000 TH (com per msec) 80.0 MAX TH 79.99199999999999
WT 1500 GVT 15000.0 COM 40000 TH (com per msec) 80.0 MAX TH 79.99199999999999
WT 2000 GVT 20000.0 COM 40000 TH (com per msec) 80.0 MAX TH 79.99199999999999
WT 2500 GVT 25000.0 COM 40000 TH (com per msec) 80.0 MAX TH 79.99199999999999
new binding: ['cpu_0', 'cpu_1', 'cpu_0', 'cpu_1', 'fpga_0', 'fpga_0', 'cpu_0', 'fpga_0'] renamed below
new binding: ['cpu_0', 'cpu_1', 'cpu_0', 'cpu_1', 'fpga_0', 'fpga_0', 'cpu_0', 'fpga_0'] expected th 53.328 vs max th 79.99199999999999
WT 3000 GVT 28333.0 COM 26664 TH (com per msec) 53.328 MAX TH 79.99199999999999
WT 3500 GVT 31666.0 COM 26664 TH (com per msec) 53.328 MAX TH 79.99199999999999
WT 4000 GVT 35000.0 COM 26672 TH (com per msec) 53.344 MAX TH 79.99199999999999
WT 4500 GVT 38333.0 COM 26664 TH (com per msec) 53.328 MAX TH 79.99199999999999
WT 5000 GVT 41666.0 COM 26664 TH (com per msec) 53.328 MAX TH 79.99199999999999
new binding: ['fpga_0', 'cpu_0', 'gpu_0', 'gpu_0', 'cpu_0', 'cpu_1', 'gpu_0', 'cpu_0'] renamed below
new binding: ['fpga_0', 'cpu_0', 'gpu_0', 'gpu_0', 'cpu_0', 'cpu_1', 'gpu_0', 'cpu_0'] expected th 53.328 vs max th 79.99199999999999
WT 5500 GVT 46666.0 COM 40000 TH (com per msec) 80.0 MAX TH 79.99199999999999
WT 6000 GVT 51111.0 COM 35560 TH (com per msec) 71.12 MAX TH 79.99199999999999
WT 6500 GVT 54444.0 COM 26664 TH (com per msec) 53.328 MAX TH 79.99199999999999
WT 7000 GVT 57777.0 COM 26664 TH (com per msec) 53.328 MAX TH 79.99199999999999
WT 7500 GVT 61111.0 COM 26672 TH (com per msec) 53.344 MAX TH 79.99199999999999
new binding: ['fpga_0', 'gpu_0', 'cpu_1', 'cpu_0', 'cpu_0', 'cpu_0', 'fpga_0', 'fpga_0'] renamed below
new binding: ['fpga_0', 'gpu_0', 'cpu_0', 'cpu_1', 'cpu_1', 'cpu_1', 'fpga_0', 'fpga_0'] expected th 53.328 vs max th 79.99199999999999
WT 8000 GVT 66111.0 COM 40000 TH (com per msec) 80.0 MAX TH 79.99199999999999
WT 8500 GVT 71111.0 COM 40000 TH (com per msec) 80.0 MAX TH 79.99199999999999
WT 9000 GVT 76111.0 COM 40000 TH (com per msec) 80.0 MAX TH 79.99199999999999
WT 9500 GVT 81111.0 COM 40000 TH (com per msec) 80.0 MAX TH 79.99199999999999
WT 10000 GVT 86111.0 COM 40000 TH (com per msec) 80.0 MAX TH 79.99199999999999
WT 10500 GVT 91111.0 COM 40000 TH (com per msec) 80.0 MAX TH 79.99199999999999
WT 11000 GVT 94629.0 COM 28144 TH (com per msec) 56.288 MAX TH 79.99199999999999
WT 11500 GVT 97962.0 COM 26664 TH (com per msec) 53.328 MAX TH 79.99199999999999
WT 12000 GVT 101296.0 COM 26672 TH (com per msec) 53.344 MAX TH 79.99199999999999
WT 12500 GVT 104629.0 COM 26664 TH (com per msec) 53.328 MAX TH 79.99199999999999
new binding: ['cpu_1', 'fpga_0', 'gpu_0', 'cpu_1', 'cpu_0', 'gpu_0', 'cpu_0', 'cpu_1'] renamed below
new binding: ['cpu_0', 'fpga_0', 'gpu_0', 'cpu_0', 'cpu_1', 'gpu_0', 'cpu_1', 'cpu_0'] expected th 53.328 vs max th 79.99199999999999
WT 13000 GVT 107963.0 COM 26672 TH (com per msec) 53.344 MAX TH 79.99199999999999
WT 13500 GVT 111296.0 COM 26664 TH (com per msec) 53.328 MAX TH 79.99199999999999
WT 14000 GVT 114629.0 COM 26664 TH (com per msec) 53.328 MAX TH 79.99199999999999
WT 14500 GVT 117963.0 COM 26672 TH (com per msec) 53.344 MAX TH 79.99199999999999
WT 15000 GVT 121296.0 COM 26664 TH (com per msec) 53.328 MAX TH 79.99199999999999
new binding: ['cpu_0', 'fpga_0', 'fpga_0', 'fpga_0', 'cpu_0', 'cpu_0', 'cpu_1', 'cpu_1'] renamed below
new binding: ['cpu_0', 'fpga_0', 'fpga_0', 'fpga_0', 'cpu_0', 'cpu_0', 'cpu_1', 'cpu_1'] expected th 53.328 vs max th 79.99199999999999
WT 15500 GVT 130463.0 COM 73336 TH (com per msec) 146.672 MAX TH 79.99199999999999
WT 16000 GVT 135463.0 COM 40000 TH (com per msec) 80.0 MAX TH 79.99199999999999
WT 16500 GVT 140463.0 COM 40000 TH (com per msec) 80.0 MAX TH 79.99199999999999
WT 17000 GVT 145463.0 COM 40000 TH (com per msec) 80.0 MAX TH 79.99199999999999
WT 17500 GVT 150463.0 COM 40000 TH (com per msec) 80.0 MAX TH 79.99199999999999
WT 18000 GVT 155185.0 COM 37776 TH (com per msec) 75.552 MAX TH 79.99199999999999
WT 18500 GVT 158518.0 COM 26664 TH (com per msec) 53.328 MAX TH 79.99199999999999
WT 19000 GVT 161851.0 COM 26664 TH (com per msec) 53.328 MAX TH 79.99199999999999
WT 19500 GVT 165185.0 COM 26672 TH (com per msec) 53.344 MAX TH 79.99199999999999
WT 20000 GVT 168518.0 COM 26664 TH (com per msec) 53.328 MAX TH 79.99199999999999
new binding: ['fpga_0', 'fpga_0', 'cpu_1', 'fpga_0', 'gpu_0', 'fpga_0', 'fpga_0', 'cpu_0'] renamed below
new binding: ['fpga_0', 'fpga_0', 'cpu_0', 'fpga_0', 'gpu_0', 'fpga_0', 'fpga_0', 'cpu_1'] expected th 31.992 vs max th 79.99199999999999
WT 20500 GVT 173518.0 COM 40000 TH (com per msec) 80.0 MAX TH 79.99199999999999
WT 21000 GVT 177500.0 COM 31856 TH (com per msec) 63.712 MAX TH 79.99199999999999
WT 21500 GVT 180833.0 COM 26664 TH (com per msec) 53.328 MAX TH 79.99199999999999
WT 22000 GVT 184167.0 COM 26672 TH (com per msec) 53.344 MAX TH 79.99199999999999
WT 22500 GVT 187500.0 COM 26664 TH (com per msec) 53.328 MAX TH 79.99199999999999
WT 23000 GVT 190833.0 COM 26664 TH (com per msec) 53.328 MAX TH 79.99199999999999
WT 23500 GVT 193426.0 COM 20744 TH (com per msec) 41.488 MAX TH 79.99199999999999
WT 24000 GVT 195926.0 COM 20000 TH (com per msec) 40.0 MAX TH 79.99199999999999
WT 24500 GVT 198426.0 COM 20000 TH (com per msec) 40.0 MAX TH 79.99199999999999
WT 25000 GVT 200926.0 COM 20000 TH (com per msec) 40.0 MAX TH 79.99199999999999
WT 25500 GVT 203426.0 COM 20000 TH (com per msec) 40.0 MAX TH 79.99199999999999
WT 26000 GVT 205926.0 COM 20000 TH (com per msec) 40.0 MAX TH 79.99199999999999
WT 26500 GVT 208426.0 COM 20000 TH (com per msec) 40.0 MAX TH 79.99199999999999
WT 27000 GVT 210926.0 COM 20000 TH (com per msec) 40.0 MAX TH 79.99199999999999
WT 27500 GVT 212963.0 COM 16296 TH (com per msec) 32.592 MAX TH 79.99199999999999
new binding: ['cpu_0', 'gpu_0', 'cpu_0', 'fpga_0', 'fpga_0', 'gpu_0', 'fpga_0', 'gpu_0'] renamed below
new binding: ['cpu_0', 'gpu_0', 'cpu_0', 'fpga_0', 'fpga_0', 'gpu_0', 'fpga_0', 'gpu_0'] expected th 53.328 vs max th 79.99199999999999
WT 28000 GVT 217963.0 COM 40000 TH (com per msec) 80.0 MAX TH 79.99199999999999
WT 28500 GVT 222963.0 COM 40000 TH (com per msec) 80.0 MAX TH 79.99199999999999
WT 29000 GVT 227963.0 COM 40000 TH (com per msec) 80.0 MAX TH 79.99199999999999
WT 29500 GVT 232963.0 COM 40000 TH (com per msec) 80.0 MAX TH 79.99199999999999
WT 30000 GVT 237963.0 COM 40000 TH (com per msec) 80.0 MAX TH 79.99199999999999
WT 30500 GVT 242963.0 COM 40000 TH (com per msec) 80.0 MAX TH 79.99199999999999
WT 31000 GVT 247963.0 COM 40000 TH (com per msec) 80.0 MAX TH 79.99199999999999
WT 31500 GVT 252963.0 COM 40000 TH (com per msec) 80.0 MAX TH 79.99199999999999
WT 32000 GVT 257963.0 COM 40000 TH (com per msec) 80.0 MAX TH 79.99199999999999
WT 32500 GVT 262963.0 COM 40000 TH (com per msec) 80.0 MAX TH 79.99199999999999
WT 33000 GVT 267963.0 COM 40000 TH (com per msec) 80.0 MAX TH 79.99199999999999
WT 33500 GVT 272963.0 COM 40000 TH (com per msec) 80.0 MAX TH 79.99199999999999
WT 34000 GVT 277963.0 COM 40000 TH (com per msec) 80.0 MAX TH 79.99199999999999
WT 34500 GVT 282963.0 COM 40000 TH (com per msec) 80.0 MAX TH 79.99199999999999
WT 35000 GVT 287963.0 COM 40000 TH (com per msec) 80.0 MAX TH 79.99199999999999
WT 35500 GVT 292963.0 COM 40000 TH (com per msec) 80.0 MAX TH 79.99199999999999
WT 36000 GVT 297963.0 COM 40000 TH (com per msec) 80.0 MAX TH 79.99199999999999
WT 36500 GVT 302963.0 COM 40000 TH (com per msec) 80.0 MAX TH 79.99199999999999
WT 37000 GVT 307963.0 COM 40000 TH (com per msec) 80.0 MAX TH 79.99199999999999
WT 37500 GVT 312963.0 COM 40000 TH (com per msec) 80.0 MAX TH 79.99199999999999
WT 38000 GVT 317963.0 COM 40000 TH (com per msec) 80.0 MAX TH 79.99199999999999
WT 38500 GVT 321481.0 COM 28144 TH (com per msec) 56.288 MAX TH 79.99199999999999
WT 39000 GVT 324815.0 COM 26672 TH (com per msec) 53.344 MAX TH 79.99199999999999
WT 39500 GVT 328148.0 COM 26664 TH (com per msec) 53.328 MAX TH 79.99199999999999
WT 40000 GVT 331481.0 COM 26664 TH (com per msec) 53.328 MAX TH 79.99199999999999
new binding: ['cpu_1', 'fpga_0', 'fpga_0', 'cpu_1', 'cpu_1', 'fpga_0', 'cpu_0', 'fpga_0'] renamed below
new binding: ['cpu_0', 'fpga_0', 'fpga_0', 'cpu_0', 'cpu_0', 'fpga_0', 'cpu_1', 'fpga_0'] expected th 39.992000000000004 vs max th 79.99199999999999
WT 40500 GVT 336481.0 COM 40000 TH (com per msec) 80.0 MAX TH 79.99199999999999
WT 41000 GVT 340462.0 COM 31848 TH (com per msec) 63.696 MAX TH 79.99199999999999
WT 41500 GVT 343796.0 COM 26672 TH (com per msec) 53.344 MAX TH 79.99199999999999
WT 42000 GVT 347129.0 COM 26664 TH (com per msec) 53.328 MAX TH 79.99199999999999
WT 42500 GVT 350462.0 COM 26664 TH (com per msec) 53.328 MAX TH 79.99199999999999
WT 43000 GVT 353796.0 COM 26672 TH (com per msec) 53.344 MAX TH 79.99199999999999
WT 43500 GVT 357129.0 COM 26664 TH (com per msec) 53.328 MAX TH 79.99199999999999
WT 44000 GVT 360462.0 COM 26664 TH (com per msec) 53.328 MAX TH 79.99199999999999
WT 44500 GVT 363796.0 COM 26672 TH (com per msec) 53.344 MAX TH 79.99199999999999
WT 45000 GVT 367129.0 COM 26664 TH (com per msec) 53.328 MAX TH 79.99199999999999
WT 45500 GVT 370462.0 COM 26664 TH (com per msec) 53.328 MAX TH 79.99199999999999
WT 46000 GVT 373796.0 COM 26672 TH (com per msec) 53.344 MAX TH 79.99199999999999
WT 46500 GVT 377129.0 COM 26664 TH (com per msec) 53.328 MAX TH 79.99199999999999
WT 47000 GVT 380462.0 COM 26664 TH (com per msec) 53.328 MAX TH 79.99199999999999
WT 47500 GVT 383796.0 COM 26672 TH (com per msec) 53.344 MAX TH 79.99199999999999
WT 48000 GVT 387129.0 COM 26664 TH (com per msec) 53.328 MAX TH 79.99199999999999
ENDED TRACE FOR Actor(id:6,lvt:499999.0,next:inf)
END SIMULATION LOOP QUEUE EMPTY False @ CAN_END True @ WT 48425.800000872776 @ GVT 389968.0
